-- Found ament_cmake: 1.3.12 (/opt/ros/humble/share/ament_cmake/cmake)
-- Found rclpy: 3.3.19 (/opt/ros/humble/share/rclpy/cmake)
-- Found gazebo_msgs: 3.9.0 (/opt/ros/humble/share/gazebo_msgs/cmake)
-- Found rosidl_generator_c: 3.1.8 (/opt/ros/humble/share/rosidl_generator_c/cmake)
-- Found rosidl_adapter: 3.1.8 (/opt/ros/humble/share/rosidl_adapter/cmake)
-- Found rosidl_generator_cpp: 3.1.8 (/opt/ros/humble/share/rosidl_generator_cpp/cmake)
-- Using all available rosidl_typesupport_c: rosidl_typesupport_fastrtps_c;rosidl_typesupport_introspection_c
-- Using all available rosidl_typesupport_cpp: rosidl_typesupport_fastrtps_cpp;rosidl_typesupport_introspection_cpp
-- Configuring done
-- Generating done
-- Build files have been written to: /home/angelistao/laser_challenge_simulation/build/laser_challenge_simulation
-- Install configuration: ""
-- Installing: /home/angelistao/laser_challenge_simulation/install/laser_challenge_simulation/lib/laser_challenge_simulation/base_spawner.py
-- Installing: /home/angelistao/laser_challenge_simulation/install/laser_challenge_simulation/share/laser_challenge_simulation/models
-- Installing: /home/angelistao/laser_challenge_simulation/install/laser_challenge_simulation/share/laser_challenge_simulation/models/qrcode_box_b
-- Installing: /home/angelistao/laser_challenge_simulation/install/laser_challenge_simulation/share/laser_challenge_simulation/models/qrcode_box_b/model.config
-- Installing: /home/angelistao/laser_challenge_simulation/install/laser_challenge_simulation/share/laser_challenge_simulation/models/qrcode_box_b/meshes
-- Installing: /home/angelistao/laser_challenge_simulation/install/laser_challenge_simulation/share/laser_challenge_simulation/models/qrcode_box_b/meshes/qrcode_box_b.mtl
-- Installing: /home/angelistao/laser_challenge_simulation/install/laser_challenge_simulation/share/laser_challenge_simulation/models/qrcode_box_b/meshes/qrcode_box_b.obj
-- Installing: /home/angelistao/laser_challenge_simulation/install/laser_challenge_simulation/share/laser_challenge_simulation/models/qrcode_box_b/meshes/materials
-- Installing: /home/angelistao/laser_challenge_simulation/install/laser_challenge_simulation/share/laser_challenge_simulation/models/qrcode_box_b/meshes/materials/warp.png
-- Installing: /home/angelistao/laser_challenge_simulation/install/laser_challenge_simulation/share/laser_challenge_simulation/models/qrcode_box_b/meshes/materials/B.ai
-- Installing: /home/angelistao/laser_challenge_simulation/install/laser_challenge_simulation/share/laser_challenge_simulation/models/qrcode_box_b/meshes/materials/B.png
-- Installing: /home/angelistao/laser_challenge_simulation/install/laser_challenge_simulation/share/laser_challenge_simulation/models/qrcode_box_b/model.sdf
-- Installing: /home/angelistao/laser_challenge_simulation/install/laser_challenge_simulation/share/laser_challenge_simulation/models/box_D3
-- Installing: /home/angelistao/laser_challenge_simulation/install/laser_challenge_simulation/share/laser_challenge_simulation/models/box_D3/model.config
-- Installing: /home/angelistao/laser_challenge_simulation/install/laser_challenge_simulation/share/laser_challenge_simulation/models/box_D3/meshes
-- Installing: /home/angelistao/laser_challenge_simulation/install/laser_challenge_simulation/share/laser_challenge_simulation/models/box_D3/meshes/codebar_box.mtl
-- Installing: /home/angelistao/laser_challenge_simulation/install/laser_challenge_simulation/share/laser_challenge_simulation/models/box_D3/meshes/codebar_box.obj
-- Installing: /home/angelistao/laser_challenge_simulation/install/laser_challenge_simulation/share/laser_challenge_simulation/models/box_D3/meshes/materials
-- Installing: /home/angelistao/laser_challenge_simulation/install/laser_challenge_simulation/share/laser_challenge_simulation/models/box_D3/meshes/materials/layout-16.png
-- Installing: /home/angelistao/laser_challenge_simulation/install/laser_challenge_simulation/share/laser_challenge_simulation/models/box_D3/model.sdf
-- Installing: /home/angelistao/laser_challenge_simulation/install/laser_challenge_simulation/share/laser_challenge_simulation/models/takeoff_platform
-- Installing: /home/angelistao/laser_challenge_simulation/install/laser_challenge_simulation/share/laser_challenge_simulation/models/takeoff_platform/model.config
-- Installing: /home/angelistao/laser_challenge_simulation/install/laser_challenge_simulation/share/laser_challenge_simulation/models/takeoff_platform/meshes
-- Installing: /home/angelistao/laser_challenge_simulation/install/laser_challenge_simulation/share/laser_challenge_simulation/models/takeoff_platform/meshes/takeoff_platform.obj
-- Installing: /home/angelistao/laser_challenge_simulation/install/laser_challenge_simulation/share/laser_challenge_simulation/models/takeoff_platform/meshes/takeoff_platform.mtl
-- Installing: /home/angelistao/laser_challenge_simulation/install/laser_challenge_simulation/share/laser_challenge_simulation/models/takeoff_platform/model.sdf
-- Installing: /home/angelistao/laser_challenge_simulation/install/laser_challenge_simulation/share/laser_challenge_simulation/models/measure_gas_land_base
-- Installing: /home/angelistao/laser_challenge_simulation/install/laser_challenge_simulation/share/laser_challenge_simulation/models/measure_gas_land_base/model.config
-- Installing: /home/angelistao/laser_challenge_simulation/install/laser_challenge_simulation/share/laser_challenge_simulation/models/measure_gas_land_base/meshes
-- Installing: /home/angelistao/laser_challenge_simulation/install/laser_challenge_simulation/share/laser_challenge_simulation/models/measure_gas_land_base/meshes/measure_gas_land_base.mtl
-- Installing: /home/angelistao/laser_challenge_simulation/install/laser_challenge_simulation/share/laser_challenge_simulation/models/measure_gas_land_base/meshes/materials
-- Installing: /home/angelistao/laser_challenge_simulation/install/laser_challenge_simulation/share/laser_challenge_simulation/models/measure_gas_land_base/meshes/materials/B_Prancheta_1.png
-- Installing: /home/angelistao/laser_challenge_simulation/install/laser_challenge_simulation/share/laser_challenge_simulation/models/measure_gas_land_base/meshes/materials/D_Prancheta_1.png
-- Installing: /home/angelistao/laser_challenge_simulation/install/laser_challenge_simulation/share/laser_challenge_simulation/models/measure_gas_land_base/meshes/materials/gas measure.eps
-- Installing: /home/angelistao/laser_challenge_simulation/install/laser_challenge_simulation/share/laser_challenge_simulation/models/measure_gas_land_base/meshes/materials/warp.png
-- Installing: /home/angelistao/laser_challenge_simulation/install/laser_challenge_simulation/share/laser_challenge_simulation/models/measure_gas_land_base/meshes/materials/gas measure.ai
-- Installing: /home/angelistao/laser_challenge_simulation/install/laser_challenge_simulation/share/laser_challenge_simulation/models/measure_gas_land_base/meshes/measure_gas_land_base.obj
-- Installing: /home/angelistao/laser_challenge_simulation/install/laser_challenge_simulation/share/laser_challenge_simulation/models/measure_gas_land_base/model.sdf
-- Installing: /home/angelistao/laser_challenge_simulation/install/laser_challenge_simulation/share/laser_challenge_simulation/models/banner
-- Installing: /home/angelistao/laser_challenge_simulation/install/laser_challenge_simulation/share/laser_challenge_simulation/models/banner/model.config
-- Installing: /home/angelistao/laser_challenge_simulation/install/laser_challenge_simulation/share/laser_challenge_simulation/models/banner/meshes
-- Installing: /home/angelistao/laser_challenge_simulation/install/laser_challenge_simulation/share/laser_challenge_simulation/models/banner/meshes/banner.obj
-- Installing: /home/angelistao/laser_challenge_simulation/install/laser_challenge_simulation/share/laser_challenge_simulation/models/banner/meshes/materials
-- Installing: /home/angelistao/laser_challenge_simulation/install/laser_challenge_simulation/share/laser_challenge_simulation/models/banner/meshes/materials/banner.jpeg
-- Installing: /home/angelistao/laser_challenge_simulation/install/laser_challenge_simulation/share/laser_challenge_simulation/models/banner/meshes/materials/banner_1.jpeg
-- Installing: /home/angelistao/laser_challenge_simulation/install/laser_challenge_simulation/share/laser_challenge_simulation/models/banner/meshes/materials/banner_3.jpeg
-- Installing: /home/angelistao/laser_challenge_simulation/install/laser_challenge_simulation/share/laser_challenge_simulation/models/banner/meshes/banner.mtl
-- Installing: /home/angelistao/laser_challenge_simulation/install/laser_challenge_simulation/share/laser_challenge_simulation/models/banner/model.sdf
-- Installing: /home/angelistao/laser_challenge_simulation/install/laser_challenge_simulation/share/laser_challenge_simulation/models/box_D1
-- Installing: /home/angelistao/laser_challenge_simulation/install/laser_challenge_simulation/share/laser_challenge_simulation/models/box_D1/model.config
-- Installing: /home/angelistao/laser_challenge_simulation/install/laser_challenge_simulation/share/laser_challenge_simulation/models/box_D1/meshes
-- Installing: /home/angelistao/laser_challenge_simulation/install/laser_challenge_simulation/share/laser_challenge_simulation/models/box_D1/meshes/codebar_box.mtl
-- Installing: /home/angelistao/laser_challenge_simulation/install/laser_challenge_simulation/share/laser_challenge_simulation/models/box_D1/meshes/codebar_box.obj
-- Installing: /home/angelistao/laser_challenge_simulation/install/laser_challenge_simulation/share/laser_challenge_simulation/models/box_D1/meshes/materials
-- Installing: /home/angelistao/laser_challenge_simulation/install/laser_challenge_simulation/share/laser_challenge_simulation/models/box_D1/meshes/materials/layout-14.png
-- Installing: /home/angelistao/laser_challenge_simulation/install/laser_challenge_simulation/share/laser_challenge_simulation/models/box_D1/model.sdf
-- Installing: /home/angelistao/laser_challenge_simulation/install/laser_challenge_simulation/share/laser_challenge_simulation/models/unit_box
-- Installing: /home/angelistao/laser_challenge_simulation/install/laser_challenge_simulation/share/laser_challenge_simulation/models/unit_box/model.config
-- Installing: /home/angelistao/laser_challenge_simulation/install/laser_challenge_simulation/share/laser_challenge_simulation/models/unit_box/model.sdf
-- Installing: /home/angelistao/laser_challenge_simulation/install/laser_challenge_simulation/share/laser_challenge_simulation/models/suspended_landing_platform
-- Installing: /home/angelistao/laser_challenge_simulation/install/laser_challenge_simulation/share/laser_challenge_simulation/models/suspended_landing_platform/model.config
-- Installing: /home/angelistao/laser_challenge_simulation/install/laser_challenge_simulation/share/laser_challenge_simulation/models/suspended_landing_platform/meshes
-- Installing: /home/angelistao/laser_challenge_simulation/install/laser_challenge_simulation/share/laser_challenge_simulation/models/suspended_landing_platform/meshes/suspended_landing_platform.mtl
-- Installing: /home/angelistao/laser_challenge_simulation/install/laser_challenge_simulation/share/laser_challenge_simulation/models/suspended_landing_platform/meshes/suspended_landing_platform.obj
-- Installing: /home/angelistao/laser_challenge_simulation/install/laser_challenge_simulation/share/laser_challenge_simulation/models/suspended_landing_platform/model.sdf
-- Installing: /home/angelistao/laser_challenge_simulation/install/laser_challenge_simulation/share/laser_challenge_simulation/models/box_A1
-- Installing: /home/angelistao/laser_challenge_simulation/install/laser_challenge_simulation/share/laser_challenge_simulation/models/box_A1/model.config
-- Installing: /home/angelistao/laser_challenge_simulation/install/laser_challenge_simulation/share/laser_challenge_simulation/models/box_A1/meshes
-- Installing: /home/angelistao/laser_challenge_simulation/install/laser_challenge_simulation/share/laser_challenge_simulation/models/box_A1/meshes/codebar_box.mtl
-- Installing: /home/angelistao/laser_challenge_simulation/install/laser_challenge_simulation/share/laser_challenge_simulation/models/box_A1/meshes/codebar_box.obj
-- Installing: /home/angelistao/laser_challenge_simulation/install/laser_challenge_simulation/share/laser_challenge_simulation/models/box_A1/meshes/materials
-- Installing: /home/angelistao/laser_challenge_simulation/install/laser_challenge_simulation/share/laser_challenge_simulation/models/box_A1/meshes/materials/layout-02.png
-- Installing: /home/angelistao/laser_challenge_simulation/install/laser_challenge_simulation/share/laser_challenge_simulation/models/box_A1/model.sdf
-- Installing: /home/angelistao/laser_challenge_simulation/install/laser_challenge_simulation/share/laser_challenge_simulation/models/box_D0
-- Installing: /home/angelistao/laser_challenge_simulation/install/laser_challenge_simulation/share/laser_challenge_simulation/models/box_D0/model.config
-- Installing: /home/angelistao/laser_challenge_simulation/install/laser_challenge_simulation/share/laser_challenge_simulation/models/box_D0/meshes
-- Installing: /home/angelistao/laser_challenge_simulation/install/laser_challenge_simulation/share/laser_challenge_simulation/models/box_D0/meshes/codebar_box.mtl
-- Installing: /home/angelistao/laser_challenge_simulation/install/laser_challenge_simulation/share/laser_challenge_simulation/models/box_D0/meshes/codebar_box.obj
-- Installing: /home/angelistao/laser_challenge_simulation/install/laser_challenge_simulation/share/laser_challenge_simulation/models/box_D0/meshes/materials
-- Installing: /home/angelistao/laser_challenge_simulation/install/laser_challenge_simulation/share/laser_challenge_simulation/models/box_D0/meshes/materials/layout-13.png
-- Installing: /home/angelistao/laser_challenge_simulation/install/laser_challenge_simulation/share/laser_challenge_simulation/models/box_D0/model.sdf
-- Installing: /home/angelistao/laser_challenge_simulation/install/laser_challenge_simulation/share/laser_challenge_simulation/models/box_A0
-- Installing: /home/angelistao/laser_challenge_simulation/install/laser_challenge_simulation/share/laser_challenge_simulation/models/box_A0/model.config
-- Installing: /home/angelistao/laser_challenge_simulation/install/laser_challenge_simulation/share/laser_challenge_simulation/models/box_A0/meshes
-- Installing: /home/angelistao/laser_challenge_simulation/install/laser_challenge_simulation/share/laser_challenge_simulation/models/box_A0/meshes/codebar_box.mtl
-- Installing: /home/angelistao/laser_challenge_simulation/install/laser_challenge_simulation/share/laser_challenge_simulation/models/box_A0/meshes/codebar_box.obj
-- Installing: /home/angelistao/laser_challenge_simulation/install/laser_challenge_simulation/share/laser_challenge_simulation/models/box_A0/meshes/materials
-- Installing: /home/angelistao/laser_challenge_simulation/install/laser_challenge_simulation/share/laser_challenge_simulation/models/box_A0/meshes/materials/layout-01.png
-- Installing: /home/angelistao/laser_challenge_simulation/install/laser_challenge_simulation/share/laser_challenge_simulation/models/box_A0/model.sdf
-- Installing: /home/angelistao/laser_challenge_simulation/install/laser_challenge_simulation/share/laser_challenge_simulation/models/pipe
-- Installing: /home/angelistao/laser_challenge_simulation/install/laser_challenge_simulation/share/laser_challenge_simulation/models/pipe/model.config
-- Installing: /home/angelistao/laser_challenge_simulation/install/laser_challenge_simulation/share/laser_challenge_simulation/models/pipe/meshes
-- Installing: /home/angelistao/laser_challenge_simulation/install/laser_challenge_simulation/share/laser_challenge_simulation/models/pipe/meshes/pipe.obj
-- Installing: /home/angelistao/laser_challenge_simulation/install/laser_challenge_simulation/share/laser_challenge_simulation/models/pipe/meshes/pipe.mtl
-- Installing: /home/angelistao/laser_challenge_simulation/install/laser_challenge_simulation/share/laser_challenge_simulation/models/pipe/model.sdf
-- Installing: /home/angelistao/laser_challenge_simulation/install/laser_challenge_simulation/share/laser_challenge_simulation/models/qrcode_box_c
-- Installing: /home/angelistao/laser_challenge_simulation/install/laser_challenge_simulation/share/laser_challenge_simulation/models/qrcode_box_c/model.config
-- Installing: /home/angelistao/laser_challenge_simulation/install/laser_challenge_simulation/share/laser_challenge_simulation/models/qrcode_box_c/meshes
-- Installing: /home/angelistao/laser_challenge_simulation/install/laser_challenge_simulation/share/laser_challenge_simulation/models/qrcode_box_c/meshes/qrcode_box_c.obj
-- Installing: /home/angelistao/laser_challenge_simulation/install/laser_challenge_simulation/share/laser_challenge_simulation/models/qrcode_box_c/meshes/materials
-- Installing: /home/angelistao/laser_challenge_simulation/install/laser_challenge_simulation/share/laser_challenge_simulation/models/qrcode_box_c/meshes/materials/warp.png
-- Installing: /home/angelistao/laser_challenge_simulation/install/laser_challenge_simulation/share/laser_challenge_simulation/models/qrcode_box_c/meshes/materials/C.ai
-- Installing: /home/angelistao/laser_challenge_simulation/install/laser_challenge_simulation/share/laser_challenge_simulation/models/qrcode_box_c/meshes/materials/C.png
-- Installing: /home/angelistao/laser_challenge_simulation/install/laser_challenge_simulation/share/laser_challenge_simulation/models/qrcode_box_c/meshes/qrcode_box_c.mtl
-- Installing: /home/angelistao/laser_challenge_simulation/install/laser_challenge_simulation/share/laser_challenge_simulation/models/qrcode_box_c/model.sdf
-- Installing: /home/angelistao/laser_challenge_simulation/install/laser_challenge_simulation/share/laser_challenge_simulation/models/box_C2
-- Installing: /home/angelistao/laser_challenge_simulation/install/laser_challenge_simulation/share/laser_challenge_simulation/models/box_C2/model.config
-- Installing: /home/angelistao/laser_challenge_simulation/install/laser_challenge_simulation/share/laser_challenge_simulation/models/box_C2/meshes
-- Installing: /home/angelistao/laser_challenge_simulation/install/laser_challenge_simulation/share/laser_challenge_simulation/models/box_C2/meshes/codebar_box.mtl
-- Installing: /home/angelistao/laser_challenge_simulation/install/laser_challenge_simulation/share/laser_challenge_simulation/models/box_C2/meshes/codebar_box.obj
-- Installing: /home/angelistao/laser_challenge_simulation/install/laser_challenge_simulation/share/laser_challenge_simulation/models/box_C2/meshes/materials
-- Installing: /home/angelistao/laser_challenge_simulation/install/laser_challenge_simulation/share/laser_challenge_simulation/models/box_C2/meshes/materials/layout-11.png
-- Installing: /home/angelistao/laser_challenge_simulation/install/laser_challenge_simulation/share/laser_challenge_simulation/models/box_C2/model.sdf
-- Installing: /home/angelistao/laser_challenge_simulation/install/laser_challenge_simulation/share/laser_challenge_simulation/models/barcode_shelf
-- Installing: /home/angelistao/laser_challenge_simulation/install/laser_challenge_simulation/share/laser_challenge_simulation/models/barcode_shelf/model.config
-- Installing: /home/angelistao/laser_challenge_simulation/install/laser_challenge_simulation/share/laser_challenge_simulation/models/barcode_shelf/meshes
-- Installing: /home/angelistao/laser_challenge_simulation/install/laser_challenge_simulation/share/laser_challenge_simulation/models/barcode_shelf/meshes/barcode_shelf.obj
-- Installing: /home/angelistao/laser_challenge_simulation/install/laser_challenge_simulation/share/laser_challenge_simulation/models/barcode_shelf/meshes/material
-- Installing: /home/angelistao/laser_challenge_simulation/install/laser_challenge_simulation/share/laser_challenge_simulation/models/barcode_shelf/meshes/material/layout-05.png
-- Installing: /home/angelistao/laser_challenge_simulation/install/laser_challenge_simulation/share/laser_challenge_simulation/models/barcode_shelf/meshes/material/layout-11.png
-- Installing: /home/angelistao/laser_challenge_simulation/install/laser_challenge_simulation/share/laser_challenge_simulation/models/barcode_shelf/meshes/material/layout-15.png
-- Installing: /home/angelistao/laser_challenge_simulation/install/laser_challenge_simulation/share/laser_challenge_simulation/models/barcode_shelf/meshes/material/layout-02.png
-- Installing: /home/angelistao/laser_challenge_simulation/install/laser_challenge_simulation/share/laser_challenge_simulation/models/barcode_shelf/meshes/material/layout-12.png
-- Installing: /home/angelistao/laser_challenge_simulation/install/laser_challenge_simulation/share/laser_challenge_simulation/models/barcode_shelf/meshes/material/layout-09.png
-- Installing: /home/angelistao/laser_challenge_simulation/install/laser_challenge_simulation/share/laser_challenge_simulation/models/barcode_shelf/meshes/material/layout-08.png
-- Installing: /home/angelistao/laser_challenge_simulation/install/laser_challenge_simulation/share/laser_challenge_simulation/models/barcode_shelf/meshes/material/layout-04.png
-- Installing: /home/angelistao/laser_challenge_simulation/install/laser_challenge_simulation/share/laser_challenge_simulation/models/barcode_shelf/meshes/material/layout-03.png
-- Installing: /home/angelistao/laser_challenge_simulation/install/laser_challenge_simulation/share/laser_challenge_simulation/models/barcode_shelf/meshes/material/layout-06.png
-- Installing: /home/angelistao/laser_challenge_simulation/install/laser_challenge_simulation/share/laser_challenge_simulation/models/barcode_shelf/meshes/material/layout-19.png
-- Installing: /home/angelistao/laser_challenge_simulation/install/laser_challenge_simulation/share/laser_challenge_simulation/models/barcode_shelf/meshes/material/layout-18.png
-- Installing: /home/angelistao/laser_challenge_simulation/install/laser_challenge_simulation/share/laser_challenge_simulation/models/barcode_shelf/meshes/material/layout-10.png
-- Installing: /home/angelistao/laser_challenge_simulation/install/laser_challenge_simulation/share/laser_challenge_simulation/models/barcode_shelf/meshes/material/layout-14.png
-- Installing: /home/angelistao/laser_challenge_simulation/install/laser_challenge_simulation/share/laser_challenge_simulation/models/barcode_shelf/meshes/material/layout-01.png
-- Installing: /home/angelistao/laser_challenge_simulation/install/laser_challenge_simulation/share/laser_challenge_simulation/models/barcode_shelf/meshes/material/layout-13.png
-- Installing: /home/angelistao/laser_challenge_simulation/install/laser_challenge_simulation/share/laser_challenge_simulation/models/barcode_shelf/meshes/material/layout-17.png
-- Installing: /home/angelistao/laser_challenge_simulation/install/laser_challenge_simulation/share/laser_challenge_simulation/models/barcode_shelf/meshes/material/layout-16.png
-- Installing: /home/angelistao/laser_challenge_simulation/install/laser_challenge_simulation/share/laser_challenge_simulation/models/barcode_shelf/meshes/material/layout-20.png
-- Installing: /home/angelistao/laser_challenge_simulation/install/laser_challenge_simulation/share/laser_challenge_simulation/models/barcode_shelf/meshes/material/layout-07.png
-- Installing: /home/angelistao/laser_challenge_simulation/install/laser_challenge_simulation/share/laser_challenge_simulation/models/barcode_shelf/meshes/shelf.obj
-- Installing: /home/angelistao/laser_challenge_simulation/install/laser_challenge_simulation/share/laser_challenge_simulation/models/barcode_shelf/meshes/shelf.mtl
-- Installing: /home/angelistao/laser_challenge_simulation/install/laser_challenge_simulation/share/laser_challenge_simulation/models/barcode_shelf/meshes/barcode_shelf.mtl
-- Installing: /home/angelistao/laser_challenge_simulation/install/laser_challenge_simulation/share/laser_challenge_simulation/models/barcode_shelf/model.sdf
-- Installing: /home/angelistao/laser_challenge_simulation/install/laser_challenge_simulation/share/laser_challenge_simulation/models/grass_plane
-- Installing: /home/angelistao/laser_challenge_simulation/install/laser_challenge_simulation/share/laser_challenge_simulation/models/grass_plane/model.config
-- Installing: /home/angelistao/laser_challenge_simulation/install/laser_challenge_simulation/share/laser_challenge_simulation/models/grass_plane/meshes
-- Installing: /home/angelistao/laser_challenge_simulation/install/laser_challenge_simulation/share/laser_challenge_simulation/models/grass_plane/meshes/grass_plane.mtl
-- Installing: /home/angelistao/laser_challenge_simulation/install/laser_challenge_simulation/share/laser_challenge_simulation/models/grass_plane/meshes/materials
-- Installing: /home/angelistao/laser_challenge_simulation/install/laser_challenge_simulation/share/laser_challenge_simulation/models/grass_plane/meshes/materials/texture.jpeg
-- Installing: /home/angelistao/laser_challenge_simulation/install/laser_challenge_simulation/share/laser_challenge_simulation/models/grass_plane/meshes/grass_plane.obj
-- Installing: /home/angelistao/laser_challenge_simulation/install/laser_challenge_simulation/share/laser_challenge_simulation/models/grass_plane/model.sdf
-- Installing: /home/angelistao/laser_challenge_simulation/install/laser_challenge_simulation/share/laser_challenge_simulation/models/box_C0
-- Installing: /home/angelistao/laser_challenge_simulation/install/laser_challenge_simulation/share/laser_challenge_simulation/models/box_C0/model.config
-- Installing: /home/angelistao/laser_challenge_simulation/install/laser_challenge_simulation/share/laser_challenge_simulation/models/box_C0/meshes
-- Installing: /home/angelistao/laser_challenge_simulation/install/laser_challenge_simulation/share/laser_challenge_simulation/models/box_C0/meshes/codebar_box.mtl
-- Installing: /home/angelistao/laser_challenge_simulation/install/laser_challenge_simulation/share/laser_challenge_simulation/models/box_C0/meshes/codebar_box.obj
-- Installing: /home/angelistao/laser_challenge_simulation/install/laser_challenge_simulation/share/laser_challenge_simulation/models/box_C0/meshes/materials
-- Installing: /home/angelistao/laser_challenge_simulation/install/laser_challenge_simulation/share/laser_challenge_simulation/models/box_C0/meshes/materials/layout-09.png
-- Installing: /home/angelistao/laser_challenge_simulation/install/laser_challenge_simulation/share/laser_challenge_simulation/models/box_C0/model.sdf
-- Installing: /home/angelistao/laser_challenge_simulation/install/laser_challenge_simulation/share/laser_challenge_simulation/models/qrcode_box_a
-- Installing: /home/angelistao/laser_challenge_simulation/install/laser_challenge_simulation/share/laser_challenge_simulation/models/qrcode_box_a/model.config
-- Installing: /home/angelistao/laser_challenge_simulation/install/laser_challenge_simulation/share/laser_challenge_simulation/models/qrcode_box_a/meshes
-- Installing: /home/angelistao/laser_challenge_simulation/install/laser_challenge_simulation/share/laser_challenge_simulation/models/qrcode_box_a/meshes/materials
-- Installing: /home/angelistao/laser_challenge_simulation/install/laser_challenge_simulation/share/laser_challenge_simulation/models/qrcode_box_a/meshes/materials/A.ai
-- Installing: /home/angelistao/laser_challenge_simulation/install/laser_challenge_simulation/share/laser_challenge_simulation/models/qrcode_box_a/meshes/materials/warp.png
-- Installing: /home/angelistao/laser_challenge_simulation/install/laser_challenge_simulation/share/laser_challenge_simulation/models/qrcode_box_a/meshes/materials/A.png
-- Installing: /home/angelistao/laser_challenge_simulation/install/laser_challenge_simulation/share/laser_challenge_simulation/models/qrcode_box_a/meshes/qrcode_box_a.obj
-- Installing: /home/angelistao/laser_challenge_simulation/install/laser_challenge_simulation/share/laser_challenge_simulation/models/qrcode_box_a/meshes/qrcode_box_a.mtl
-- Installing: /home/angelistao/laser_challenge_simulation/install/laser_challenge_simulation/share/laser_challenge_simulation/models/qrcode_box_a/model.sdf
-- Installing: /home/angelistao/laser_challenge_simulation/install/laser_challenge_simulation/share/laser_challenge_simulation/models/box_B0
-- Installing: /home/angelistao/laser_challenge_simulation/install/laser_challenge_simulation/share/laser_challenge_simulation/models/box_B0/model.config
-- Installing: /home/angelistao/laser_challenge_simulation/install/laser_challenge_simulation/share/laser_challenge_simulation/models/box_B0/meshes
-- Installing: /home/angelistao/laser_challenge_simulation/install/laser_challenge_simulation/share/laser_challenge_simulation/models/box_B0/meshes/codebar_box.mtl
-- Installing: /home/angelistao/laser_challenge_simulation/install/laser_challenge_simulation/share/laser_challenge_simulation/models/box_B0/meshes/codebar_box.obj
-- Installing: /home/angelistao/laser_challenge_simulation/install/laser_challenge_simulation/share/laser_challenge_simulation/models/box_B0/meshes/materials
-- Installing: /home/angelistao/laser_challenge_simulation/install/laser_challenge_simulation/share/laser_challenge_simulation/models/box_B0/meshes/materials/layout-05.png
-- Installing: /home/angelistao/laser_challenge_simulation/install/laser_challenge_simulation/share/laser_challenge_simulation/models/box_B0/model.sdf
-- Installing: /home/angelistao/laser_challenge_simulation/install/laser_challenge_simulation/share/laser_challenge_simulation/models/box_B3
-- Installing: /home/angelistao/laser_challenge_simulation/install/laser_challenge_simulation/share/laser_challenge_simulation/models/box_B3/model.config
-- Installing: /home/angelistao/laser_challenge_simulation/install/laser_challenge_simulation/share/laser_challenge_simulation/models/box_B3/meshes
-- Installing: /home/angelistao/laser_challenge_simulation/install/laser_challenge_simulation/share/laser_challenge_simulation/models/box_B3/meshes/codebar_box.mtl
-- Installing: /home/angelistao/laser_challenge_simulation/install/laser_challenge_simulation/share/laser_challenge_simulation/models/box_B3/meshes/codebar_box.obj
-- Installing: /home/angelistao/laser_challenge_simulation/install/laser_challenge_simulation/share/laser_challenge_simulation/models/box_B3/meshes/materials
-- Installing: /home/angelistao/laser_challenge_simulation/install/laser_challenge_simulation/share/laser_challenge_simulation/models/box_B3/meshes/materials/layout-08.png
-- Installing: /home/angelistao/laser_challenge_simulation/install/laser_challenge_simulation/share/laser_challenge_simulation/models/box_B3/model.sdf
-- Installing: /home/angelistao/laser_challenge_simulation/install/laser_challenge_simulation/share/laser_challenge_simulation/models/landing_platform
-- Installing: /home/angelistao/laser_challenge_simulation/install/laser_challenge_simulation/share/laser_challenge_simulation/models/landing_platform/model.config
-- Installing: /home/angelistao/laser_challenge_simulation/install/laser_challenge_simulation/share/laser_challenge_simulation/models/landing_platform/meshes
-- Installing: /home/angelistao/laser_challenge_simulation/install/laser_challenge_simulation/share/laser_challenge_simulation/models/landing_platform/meshes/landing_platform.obj
-- Installing: /home/angelistao/laser_challenge_simulation/install/laser_challenge_simulation/share/laser_challenge_simulation/models/landing_platform/meshes/landing_platform.mtl
-- Installing: /home/angelistao/laser_challenge_simulation/install/laser_challenge_simulation/share/laser_challenge_simulation/models/landing_platform/model.sdf
-- Installing: /home/angelistao/laser_challenge_simulation/install/laser_challenge_simulation/share/laser_challenge_simulation/models/measure_gas_high_base_right
-- Installing: /home/angelistao/laser_challenge_simulation/install/laser_challenge_simulation/share/laser_challenge_simulation/models/measure_gas_high_base_right/model.config
-- Installing: /home/angelistao/laser_challenge_simulation/install/laser_challenge_simulation/share/laser_challenge_simulation/models/measure_gas_high_base_right/meshes
-- Installing: /home/angelistao/laser_challenge_simulation/install/laser_challenge_simulation/share/laser_challenge_simulation/models/measure_gas_high_base_right/meshes/measure_gas_high_base_right.obj
-- Installing: /home/angelistao/laser_challenge_simulation/install/laser_challenge_simulation/share/laser_challenge_simulation/models/measure_gas_high_base_right/meshes/measure_gas_high_base_right.mtl
-- Installing: /home/angelistao/laser_challenge_simulation/install/laser_challenge_simulation/share/laser_challenge_simulation/models/measure_gas_high_base_right/meshes/materials
-- Installing: /home/angelistao/laser_challenge_simulation/install/laser_challenge_simulation/share/laser_challenge_simulation/models/measure_gas_high_base_right/meshes/materials/gas measure.eps
-- Installing: /home/angelistao/laser_challenge_simulation/install/laser_challenge_simulation/share/laser_challenge_simulation/models/measure_gas_high_base_right/meshes/materials/C_Prancheta_1.png
-- Installing: /home/angelistao/laser_challenge_simulation/install/laser_challenge_simulation/share/laser_challenge_simulation/models/measure_gas_high_base_right/meshes/materials/warp.png
-- Installing: /home/angelistao/laser_challenge_simulation/install/laser_challenge_simulation/share/laser_challenge_simulation/models/measure_gas_high_base_right/model.sdf
-- Installing: /home/angelistao/laser_challenge_simulation/install/laser_challenge_simulation/share/laser_challenge_simulation/models/qrcode_box_d
-- Installing: /home/angelistao/laser_challenge_simulation/install/laser_challenge_simulation/share/laser_challenge_simulation/models/qrcode_box_d/model.config
-- Installing: /home/angelistao/laser_challenge_simulation/install/laser_challenge_simulation/share/laser_challenge_simulation/models/qrcode_box_d/meshes
-- Installing: /home/angelistao/laser_challenge_simulation/install/laser_challenge_simulation/share/laser_challenge_simulation/models/qrcode_box_d/meshes/qrcode_box_d.obj
-- Installing: /home/angelistao/laser_challenge_simulation/install/laser_challenge_simulation/share/laser_challenge_simulation/models/qrcode_box_d/meshes/materials
-- Installing: /home/angelistao/laser_challenge_simulation/install/laser_challenge_simulation/share/laser_challenge_simulation/models/qrcode_box_d/meshes/materials/warp.png
-- Installing: /home/angelistao/laser_challenge_simulation/install/laser_challenge_simulation/share/laser_challenge_simulation/models/qrcode_box_d/meshes/materials/D.png
-- Installing: /home/angelistao/laser_challenge_simulation/install/laser_challenge_simulation/share/laser_challenge_simulation/models/qrcode_box_d/meshes/materials/D.ai
-- Installing: /home/angelistao/laser_challenge_simulation/install/laser_challenge_simulation/share/laser_challenge_simulation/models/qrcode_box_d/meshes/qrcode_box_d.mtl
-- Installing: /home/angelistao/laser_challenge_simulation/install/laser_challenge_simulation/share/laser_challenge_simulation/models/qrcode_box_d/model.sdf
-- Installing: /home/angelistao/laser_challenge_simulation/install/laser_challenge_simulation/share/laser_challenge_simulation/models/box_A3
-- Installing: /home/angelistao/laser_challenge_simulation/install/laser_challenge_simulation/share/laser_challenge_simulation/models/box_A3/model.config
-- Installing: /home/angelistao/laser_challenge_simulation/install/laser_challenge_simulation/share/laser_challenge_simulation/models/box_A3/meshes
-- Installing: /home/angelistao/laser_challenge_simulation/install/laser_challenge_simulation/share/laser_challenge_simulation/models/box_A3/meshes/codebar_box.mtl
-- Installing: /home/angelistao/laser_challenge_simulation/install/laser_challenge_simulation/share/laser_challenge_simulation/models/box_A3/meshes/codebar_box.obj
-- Installing: /home/angelistao/laser_challenge_simulation/install/laser_challenge_simulation/share/laser_challenge_simulation/models/box_A3/meshes/materials
-- Installing: /home/angelistao/laser_challenge_simulation/install/laser_challenge_simulation/share/laser_challenge_simulation/models/box_A3/meshes/materials/layout-04.png
-- Installing: /home/angelistao/laser_challenge_simulation/install/laser_challenge_simulation/share/laser_challenge_simulation/models/box_A3/model.sdf
-- Installing: /home/angelistao/laser_challenge_simulation/install/laser_challenge_simulation/share/laser_challenge_simulation/models/sensor_red
-- Installing: /home/angelistao/laser_challenge_simulation/install/laser_challenge_simulation/share/laser_challenge_simulation/models/sensor_red/model.config
-- Installing: /home/angelistao/laser_challenge_simulation/install/laser_challenge_simulation/share/laser_challenge_simulation/models/sensor_red/meshes
-- Installing: /home/angelistao/laser_challenge_simulation/install/laser_challenge_simulation/share/laser_challenge_simulation/models/sensor_red/meshes/sensor_red.mtl
-- Installing: /home/angelistao/laser_challenge_simulation/install/laser_challenge_simulation/share/laser_challenge_simulation/models/sensor_red/meshes/sensor_red.obj
-- Installing: /home/angelistao/laser_challenge_simulation/install/laser_challenge_simulation/share/laser_challenge_simulation/models/sensor_red/model.sdf
-- Installing: /home/angelistao/laser_challenge_simulation/install/laser_challenge_simulation/share/laser_challenge_simulation/models/box_D2
-- Installing: /home/angelistao/laser_challenge_simulation/install/laser_challenge_simulation/share/laser_challenge_simulation/models/box_D2/model.config
-- Installing: /home/angelistao/laser_challenge_simulation/install/laser_challenge_simulation/share/laser_challenge_simulation/models/box_D2/meshes
-- Installing: /home/angelistao/laser_challenge_simulation/install/laser_challenge_simulation/share/laser_challenge_simulation/models/box_D2/meshes/codebar_box.mtl
-- Installing: /home/angelistao/laser_challenge_simulation/install/laser_challenge_simulation/share/laser_challenge_simulation/models/box_D2/meshes/codebar_box.obj
-- Installing: /home/angelistao/laser_challenge_simulation/install/laser_challenge_simulation/share/laser_challenge_simulation/models/box_D2/meshes/materials
-- Installing: /home/angelistao/laser_challenge_simulation/install/laser_challenge_simulation/share/laser_challenge_simulation/models/box_D2/meshes/materials/layout-15.png
-- Installing: /home/angelistao/laser_challenge_simulation/install/laser_challenge_simulation/share/laser_challenge_simulation/models/box_D2/model.sdf
-- Installing: /home/angelistao/laser_challenge_simulation/install/laser_challenge_simulation/share/laser_challenge_simulation/models/qrcode_box_e
-- Installing: /home/angelistao/laser_challenge_simulation/install/laser_challenge_simulation/share/laser_challenge_simulation/models/qrcode_box_e/model.config
-- Installing: /home/angelistao/laser_challenge_simulation/install/laser_challenge_simulation/share/laser_challenge_simulation/models/qrcode_box_e/meshes
-- Installing: /home/angelistao/laser_challenge_simulation/install/laser_challenge_simulation/share/laser_challenge_simulation/models/qrcode_box_e/meshes/qrcode_box_e.mtl
-- Installing: /home/angelistao/laser_challenge_simulation/install/laser_challenge_simulation/share/laser_challenge_simulation/models/qrcode_box_e/meshes/materials
-- Installing: /home/angelistao/laser_challenge_simulation/install/laser_challenge_simulation/share/laser_challenge_simulation/models/qrcode_box_e/meshes/materials/E.png
-- Installing: /home/angelistao/laser_challenge_simulation/install/laser_challenge_simulation/share/laser_challenge_simulation/models/qrcode_box_e/meshes/materials/warp.png
-- Installing: /home/angelistao/laser_challenge_simulation/install/laser_challenge_simulation/share/laser_challenge_simulation/models/qrcode_box_e/meshes/materials/E.ai
-- Installing: /home/angelistao/laser_challenge_simulation/install/laser_challenge_simulation/share/laser_challenge_simulation/models/qrcode_box_e/meshes/qrcode_box_e.obj
-- Installing: /home/angelistao/laser_challenge_simulation/install/laser_challenge_simulation/share/laser_challenge_simulation/models/qrcode_box_e/model.sdf
-- Installing: /home/angelistao/laser_challenge_simulation/install/laser_challenge_simulation/share/laser_challenge_simulation/models/sensor_green
-- Installing: /home/angelistao/laser_challenge_simulation/install/laser_challenge_simulation/share/laser_challenge_simulation/models/sensor_green/model.config
-- Installing: /home/angelistao/laser_challenge_simulation/install/laser_challenge_simulation/share/laser_challenge_simulation/models/sensor_green/meshes
-- Installing: /home/angelistao/laser_challenge_simulation/install/laser_challenge_simulation/share/laser_challenge_simulation/models/sensor_green/meshes/sensor_green.obj
-- Installing: /home/angelistao/laser_challenge_simulation/install/laser_challenge_simulation/share/laser_challenge_simulation/models/sensor_green/meshes/sensor_green.mtl
-- Installing: /home/angelistao/laser_challenge_simulation/install/laser_challenge_simulation/share/laser_challenge_simulation/models/sensor_green/model.sdf
-- Installing: /home/angelistao/laser_challenge_simulation/install/laser_challenge_simulation/share/laser_challenge_simulation/models/box_A2
-- Installing: /home/angelistao/laser_challenge_simulation/install/laser_challenge_simulation/share/laser_challenge_simulation/models/box_A2/model.config
-- Installing: /home/angelistao/laser_challenge_simulation/install/laser_challenge_simulation/share/laser_challenge_simulation/models/box_A2/meshes
-- Installing: /home/angelistao/laser_challenge_simulation/install/laser_challenge_simulation/share/laser_challenge_simulation/models/box_A2/meshes/codebar_box.mtl
-- Installing: /home/angelistao/laser_challenge_simulation/install/laser_challenge_simulation/share/laser_challenge_simulation/models/box_A2/meshes/codebar_box.obj
-- Installing: /home/angelistao/laser_challenge_simulation/install/laser_challenge_simulation/share/laser_challenge_simulation/models/box_A2/meshes/materials
-- Installing: /home/angelistao/laser_challenge_simulation/install/laser_challenge_simulation/share/laser_challenge_simulation/models/box_A2/meshes/materials/layout-03.png
-- Installing: /home/angelistao/laser_challenge_simulation/install/laser_challenge_simulation/share/laser_challenge_simulation/models/box_A2/model.sdf
-- Installing: /home/angelistao/laser_challenge_simulation/install/laser_challenge_simulation/share/laser_challenge_simulation/models/banner_2
-- Installing: /home/angelistao/laser_challenge_simulation/install/laser_challenge_simulation/share/laser_challenge_simulation/models/banner_2/model.config
-- Installing: /home/angelistao/laser_challenge_simulation/install/laser_challenge_simulation/share/laser_challenge_simulation/models/banner_2/meshes
-- Installing: /home/angelistao/laser_challenge_simulation/install/laser_challenge_simulation/share/laser_challenge_simulation/models/banner_2/meshes/banner.obj
-- Installing: /home/angelistao/laser_challenge_simulation/install/laser_challenge_simulation/share/laser_challenge_simulation/models/banner_2/meshes/materials
-- Installing: /home/angelistao/laser_challenge_simulation/install/laser_challenge_simulation/share/laser_challenge_simulation/models/banner_2/meshes/materials/banner.jpeg
-- Installing: /home/angelistao/laser_challenge_simulation/install/laser_challenge_simulation/share/laser_challenge_simulation/models/banner_2/meshes/materials/banner_2.jpeg
-- Installing: /home/angelistao/laser_challenge_simulation/install/laser_challenge_simulation/share/laser_challenge_simulation/models/banner_2/meshes/materials/banner_1.jpeg
-- Installing: /home/angelistao/laser_challenge_simulation/install/laser_challenge_simulation/share/laser_challenge_simulation/models/banner_2/meshes/banner.mtl
-- Installing: /home/angelistao/laser_challenge_simulation/install/laser_challenge_simulation/share/laser_challenge_simulation/models/banner_2/model.sdf
-- Installing: /home/angelistao/laser_challenge_simulation/install/laser_challenge_simulation/share/laser_challenge_simulation/models/box_B1
-- Installing: /home/angelistao/laser_challenge_simulation/install/laser_challenge_simulation/share/laser_challenge_simulation/models/box_B1/model.config
-- Installing: /home/angelistao/laser_challenge_simulation/install/laser_challenge_simulation/share/laser_challenge_simulation/models/box_B1/meshes
-- Installing: /home/angelistao/laser_challenge_simulation/install/laser_challenge_simulation/share/laser_challenge_simulation/models/box_B1/meshes/codebar_box.mtl
-- Installing: /home/angelistao/laser_challenge_simulation/install/laser_challenge_simulation/share/laser_challenge_simulation/models/box_B1/meshes/codebar_box.obj
-- Installing: /home/angelistao/laser_challenge_simulation/install/laser_challenge_simulation/share/laser_challenge_simulation/models/box_B1/meshes/materials
-- Installing: /home/angelistao/laser_challenge_simulation/install/laser_challenge_simulation/share/laser_challenge_simulation/models/box_B1/meshes/materials/layout-06.png
-- Installing: /home/angelistao/laser_challenge_simulation/install/laser_challenge_simulation/share/laser_challenge_simulation/models/box_B1/model.sdf
-- Installing: /home/angelistao/laser_challenge_simulation/install/laser_challenge_simulation/share/laser_challenge_simulation/models/box_C3
-- Installing: /home/angelistao/laser_challenge_simulation/install/laser_challenge_simulation/share/laser_challenge_simulation/models/box_C3/model.config
-- Installing: /home/angelistao/laser_challenge_simulation/install/laser_challenge_simulation/share/laser_challenge_simulation/models/box_C3/meshes
-- Installing: /home/angelistao/laser_challenge_simulation/install/laser_challenge_simulation/share/laser_challenge_simulation/models/box_C3/meshes/codebar_box.mtl
-- Installing: /home/angelistao/laser_challenge_simulation/install/laser_challenge_simulation/share/laser_challenge_simulation/models/box_C3/meshes/codebar_box.obj
-- Installing: /home/angelistao/laser_challenge_simulation/install/laser_challenge_simulation/share/laser_challenge_simulation/models/box_C3/meshes/materials
-- Installing: /home/angelistao/laser_challenge_simulation/install/laser_challenge_simulation/share/laser_challenge_simulation/models/box_C3/meshes/materials/layout-12.png
-- Installing: /home/angelistao/laser_challenge_simulation/install/laser_challenge_simulation/share/laser_challenge_simulation/models/box_C3/model.sdf
-- Installing: /home/angelistao/laser_challenge_simulation/install/laser_challenge_simulation/share/laser_challenge_simulation/models/measure_gas_high_base_left
-- Installing: /home/angelistao/laser_challenge_simulation/install/laser_challenge_simulation/share/laser_challenge_simulation/models/measure_gas_high_base_left/model.config
-- Installing: /home/angelistao/laser_challenge_simulation/install/laser_challenge_simulation/share/laser_challenge_simulation/models/measure_gas_high_base_left/meshes
-- Installing: /home/angelistao/laser_challenge_simulation/install/laser_challenge_simulation/share/laser_challenge_simulation/models/measure_gas_high_base_left/meshes/measure_gas_high_base_left.obj
-- Installing: /home/angelistao/laser_challenge_simulation/install/laser_challenge_simulation/share/laser_challenge_simulation/models/measure_gas_high_base_left/meshes/measure_gas_high_base_left.mtl
-- Installing: /home/angelistao/laser_challenge_simulation/install/laser_challenge_simulation/share/laser_challenge_simulation/models/measure_gas_high_base_left/meshes/materials
-- Installing: /home/angelistao/laser_challenge_simulation/install/laser_challenge_simulation/share/laser_challenge_simulation/models/measure_gas_high_base_left/meshes/materials/gas measure.eps
-- Installing: /home/angelistao/laser_challenge_simulation/install/laser_challenge_simulation/share/laser_challenge_simulation/models/measure_gas_high_base_left/meshes/materials/warp.png
-- Installing: /home/angelistao/laser_challenge_simulation/install/laser_challenge_simulation/share/laser_challenge_simulation/models/measure_gas_high_base_left/meshes/materials/A_Prancheta_1.png
-- Installing: /home/angelistao/laser_challenge_simulation/install/laser_challenge_simulation/share/laser_challenge_simulation/models/measure_gas_high_base_left/model.sdf
-- Installing: /home/angelistao/laser_challenge_simulation/install/laser_challenge_simulation/share/laser_challenge_simulation/models/box_C1
-- Installing: /home/angelistao/laser_challenge_simulation/install/laser_challenge_simulation/share/laser_challenge_simulation/models/box_C1/model.config
-- Installing: /home/angelistao/laser_challenge_simulation/install/laser_challenge_simulation/share/laser_challenge_simulation/models/box_C1/meshes
-- Installing: /home/angelistao/laser_challenge_simulation/install/laser_challenge_simulation/share/laser_challenge_simulation/models/box_C1/meshes/codebar_box.mtl
-- Installing: /home/angelistao/laser_challenge_simulation/install/laser_challenge_simulation/share/laser_challenge_simulation/models/box_C1/meshes/codebar_box.obj
-- Installing: /home/angelistao/laser_challenge_simulation/install/laser_challenge_simulation/share/laser_challenge_simulation/models/box_C1/meshes/materials
-- Installing: /home/angelistao/laser_challenge_simulation/install/laser_challenge_simulation/share/laser_challenge_simulation/models/box_C1/meshes/materials/layout-10.png
-- Installing: /home/angelistao/laser_challenge_simulation/install/laser_challenge_simulation/share/laser_challenge_simulation/models/box_C1/model.sdf
-- Installing: /home/angelistao/laser_challenge_simulation/install/laser_challenge_simulation/share/laser_challenge_simulation/models/landing_platform_movel
-- Installing: /home/angelistao/laser_challenge_simulation/install/laser_challenge_simulation/share/laser_challenge_simulation/models/landing_platform_movel/model.config
-- Installing: /home/angelistao/laser_challenge_simulation/install/laser_challenge_simulation/share/laser_challenge_simulation/models/landing_platform_movel/meshes
-- Installing: /home/angelistao/laser_challenge_simulation/install/laser_challenge_simulation/share/laser_challenge_simulation/models/landing_platform_movel/meshes/landing_platform.obj
-- Installing: /home/angelistao/laser_challenge_simulation/install/laser_challenge_simulation/share/laser_challenge_simulation/models/landing_platform_movel/meshes/landing_platform.mtl
-- Installing: /home/angelistao/laser_challenge_simulation/install/laser_challenge_simulation/share/laser_challenge_simulation/models/landing_platform_movel/model.sdf
-- Installing: /home/angelistao/laser_challenge_simulation/install/laser_challenge_simulation/share/laser_challenge_simulation/models/box_B2
-- Installing: /home/angelistao/laser_challenge_simulation/install/laser_challenge_simulation/share/laser_challenge_simulation/models/box_B2/model.config
-- Installing: /home/angelistao/laser_challenge_simulation/install/laser_challenge_simulation/share/laser_challenge_simulation/models/box_B2/meshes
-- Installing: /home/angelistao/laser_challenge_simulation/install/laser_challenge_simulation/share/laser_challenge_simulation/models/box_B2/meshes/codebar_box.mtl
-- Installing: /home/angelistao/laser_challenge_simulation/install/laser_challenge_simulation/share/laser_challenge_simulation/models/box_B2/meshes/codebar_box.obj
-- Installing: /home/angelistao/laser_challenge_simulation/install/laser_challenge_simulation/share/laser_challenge_simulation/models/box_B2/meshes/materials
-- Installing: /home/angelistao/laser_challenge_simulation/install/laser_challenge_simulation/share/laser_challenge_simulation/models/box_B2/meshes/materials/layout-07.png
-- Installing: /home/angelistao/laser_challenge_simulation/install/laser_challenge_simulation/share/laser_challenge_simulation/models/box_B2/model.sdf
-- Installing: /home/angelistao/laser_challenge_simulation/install/laser_challenge_simulation/share/laser_challenge_simulation/models/arena_spawn
-- Installing: /home/angelistao/laser_challenge_simulation/install/laser_challenge_simulation/share/laser_challenge_simulation/models/arena_spawn/model.config
-- Installing: /home/angelistao/laser_challenge_simulation/install/laser_challenge_simulation/share/laser_challenge_simulation/models/arena_spawn/meshes
-- Installing: /home/angelistao/laser_challenge_simulation/install/laser_challenge_simulation/share/laser_challenge_simulation/models/arena_spawn/meshes/banner.jpeg
-- Installing: /home/angelistao/laser_challenge_simulation/install/laser_challenge_simulation/share/laser_challenge_simulation/models/arena_spawn/meshes/Arena_cost.mtl
-- Installing: /home/angelistao/laser_challenge_simulation/install/laser_challenge_simulation/share/laser_challenge_simulation/models/arena_spawn/meshes/Arena_old.obj
-- Installing: /home/angelistao/laser_challenge_simulation/install/laser_challenge_simulation/share/laser_challenge_simulation/models/arena_spawn/meshes/pilar.mtl
-- Installing: /home/angelistao/laser_challenge_simulation/install/laser_challenge_simulation/share/laser_challenge_simulation/models/arena_spawn/meshes/high_base_right.mtl
-- Installing: /home/angelistao/laser_challenge_simulation/install/laser_challenge_simulation/share/laser_challenge_simulation/models/arena_spawn/meshes/net.mtl
-- Installing: /home/angelistao/laser_challenge_simulation/install/laser_challenge_simulation/share/laser_challenge_simulation/models/arena_spawn/meshes/high_base_left.obj
-- Installing: /home/angelistao/laser_challenge_simulation/install/laser_challenge_simulation/share/laser_challenge_simulation/models/arena_spawn/meshes/Arena.mtl
-- Installing: /home/angelistao/laser_challenge_simulation/install/laser_challenge_simulation/share/laser_challenge_simulation/models/arena_spawn/meshes/net.obj
-- Installing: /home/angelistao/laser_challenge_simulation/install/laser_challenge_simulation/share/laser_challenge_simulation/models/arena_spawn/meshes/Arena_old.mtl
-- Installing: /home/angelistao/laser_challenge_simulation/install/laser_challenge_simulation/share/laser_challenge_simulation/models/arena_spawn/meshes/Arena_cost.obj
-- Installing: /home/angelistao/laser_challenge_simulation/install/laser_challenge_simulation/share/laser_challenge_simulation/models/arena_spawn/meshes/pilar.obj
-- Installing: /home/angelistao/laser_challenge_simulation/install/laser_challenge_simulation/share/laser_challenge_simulation/models/arena_spawn/meshes/high_base_right.obj
-- Installing: /home/angelistao/laser_challenge_simulation/install/laser_challenge_simulation/share/laser_challenge_simulation/models/arena_spawn/meshes/Arena.obj
-- Installing: /home/angelistao/laser_challenge_simulation/install/laser_challenge_simulation/share/laser_challenge_simulation/models/arena_spawn/meshes/high_base_left.mtl
-- Installing: /home/angelistao/laser_challenge_simulation/install/laser_challenge_simulation/share/laser_challenge_simulation/models/arena_spawn/model.sdf
-- Installing: /home/angelistao/laser_challenge_simulation/install/laser_challenge_simulation/share/laser_challenge_simulation/worlds
-- Installing: /home/angelistao/laser_challenge_simulation/install/laser_challenge_simulation/share/laser_challenge_simulation/worlds/stage_five.world
-- Installing: /home/angelistao/laser_challenge_simulation/install/laser_challenge_simulation/share/laser_challenge_simulation/worlds/stage_vision.world
-- Installing: /home/angelistao/laser_challenge_simulation/install/laser_challenge_simulation/share/laser_challenge_simulation/worlds/vision_ia.world
-- Installing: /home/angelistao/laser_challenge_simulation/install/laser_challenge_simulation/share/laser_challenge_simulation/worlds/stage_one.world
-- Installing: /home/angelistao/laser_challenge_simulation/install/laser_challenge_simulation/share/laser_challenge_simulation/worlds/stage_two.world
-- Installing: /home/angelistao/laser_challenge_simulation/install/laser_challenge_simulation/share/laser_challenge_simulation/worlds/stage_three.world
-- Installing: /home/angelistao/laser_challenge_simulation/install/laser_challenge_simulation/share/laser_challenge_simulation/worlds/stage_four.world
-- Installing: /home/angelistao/laser_challenge_simulation/install/laser_challenge_simulation/share/laser_challenge_simulation/launch
-- Installing: /home/angelistao/laser_challenge_simulation/install/laser_challenge_simulation/share/laser_challenge_simulation/launch/challenge_world.launch
-- Installing: /home/angelistao/laser_challenge_simulation/install/laser_challenge_simulation/share/laser_challenge_simulation/launch/challenge_world_.launch
-- Installing: /home/angelistao/laser_challenge_simulation/install/laser_challenge_simulation/share/laser_challenge_simulation/launch/vision_world.launch
-- Installing: /home/angelistao/laser_challenge_simulation/install/laser_challenge_simulation/share/laser_challenge_simulation/launch/height_estimator_test.launch
-- Installing: /home/angelistao/laser_challenge_simulation/install/laser_challenge_simulation/share/ament_index/resource_index/package_run_dependencies/laser_challenge_simulation
-- Installing: /home/angelistao/laser_challenge_simulation/install/laser_challenge_simulation/share/ament_index/resource_index/parent_prefix_path/laser_challenge_simulation
-- Installing: /home/angelistao/laser_challenge_simulation/install/laser_challenge_simulation/share/laser_challenge_simulation/environment/ament_prefix_path.sh
-- Installing: /home/angelistao/laser_challenge_simulation/install/laser_challenge_simulation/share/laser_challenge_simulation/environment/ament_prefix_path.dsv
-- Installing: /home/angelistao/laser_challenge_simulation/install/laser_challenge_simulation/share/laser_challenge_simulation/environment/path.sh
-- Installing: /home/angelistao/laser_challenge_simulation/install/laser_challenge_simulation/share/laser_challenge_simulation/environment/path.dsv
-- Installing: /home/angelistao/laser_challenge_simulation/install/laser_challenge_simulation/share/laser_challenge_simulation/local_setup.bash
-- Installing: /home/angelistao/laser_challenge_simulation/install/laser_challenge_simulation/share/laser_challenge_simulation/local_setup.sh
-- Installing: /home/angelistao/laser_challenge_simulation/install/laser_challenge_simulation/share/laser_challenge_simulation/local_setup.zsh
-- Installing: /home/angelistao/laser_challenge_simulation/install/laser_challenge_simulation/share/laser_challenge_simulation/local_setup.dsv
-- Installing: /home/angelistao/laser_challenge_simulation/install/laser_challenge_simulation/share/laser_challenge_simulation/package.dsv
-- Installing: /home/angelistao/laser_challenge_simulation/install/laser_challenge_simulation/share/ament_index/resource_index/packages/laser_challenge_simulation
-- Installing: /home/angelistao/laser_challenge_simulation/install/laser_challenge_simulation/share/laser_challenge_simulation/cmake/laser_challenge_simulationConfig.cmake
-- Installing: /home/angelistao/laser_challenge_simulation/install/laser_challenge_simulation/share/laser_challenge_simulation/cmake/laser_challenge_simulationConfig-version.cmake
-- Installing: /home/angelistao/laser_challenge_simulation/install/laser_challenge_simulation/share/laser_challenge_simulation/package.xml
