[0.013s] Invoking command in '/home/angelistao/laser_challenge_simulation/build/laser_challenge_simulation': CMAKE_PREFIX_PATH=/opt/ros/humble /usr/bin/cmake --build /home/angelistao/laser_challenge_simulation/build/laser_challenge_simulation -- -j8 -l8
[0.044s] -- Found ament_cmake: 1.3.12 (/opt/ros/humble/share/ament_cmake/cmake)
[0.194s] -- Found rclpy: 3.3.19 (/opt/ros/humble/share/rclpy/cmake)
[0.195s] -- Found gazebo_msgs: 3.9.0 (/opt/ros/humble/share/gazebo_msgs/cmake)
[0.238s] -- Found rosidl_generator_c: 3.1.8 (/opt/ros/humble/share/rosidl_generator_c/cmake)
[0.241s] -- Found rosidl_adapter: 3.1.8 (/opt/ros/humble/share/rosidl_adapter/cmake)
[0.252s] -- Found rosidl_generator_cpp: 3.1.8 (/opt/ros/humble/share/rosidl_generator_cpp/cmake)
[0.267s] -- Using all available rosidl_typesupport_c: rosidl_typesupport_fastrtps_c;rosidl_typesupport_introspection_c
[0.284s] -- Using all available rosidl_typesupport_cpp: rosidl_typesupport_fastrtps_cpp;rosidl_typesupport_introspection_cpp
[0.459s] -- Configuring done
[0.462s] -- Generating done
[0.464s] -- Build files have been written to: /home/angelistao/laser_challenge_simulation/build/laser_challenge_simulation
[0.486s] Invoked command in '/home/angelistao/laser_challenge_simulation/build/laser_challenge_simulation' returned '0': CMAKE_PREFIX_PATH=/opt/ros/humble /usr/bin/cmake --build /home/angelistao/laser_challenge_simulation/build/laser_challenge_simulation -- -j8 -l8
[0.495s] Invoking command in '/home/angelistao/laser_challenge_simulation/build/laser_challenge_simulation': CMAKE_PREFIX_PATH=/opt/ros/humble /usr/bin/cmake --install /home/angelistao/laser_challenge_simulation/build/laser_challenge_simulation
[0.502s] -- Install configuration: ""
[0.502s] -- Up-to-date: /home/angelistao/laser_challenge_simulation/install/laser_challenge_simulation/lib/laser_challenge_simulation/base_spawner.py
[0.503s] -- Up-to-date: /home/angelistao/laser_challenge_simulation/install/laser_challenge_simulation/share/laser_challenge_simulation/models
[0.503s] -- Up-to-date: /home/angelistao/laser_challenge_simulation/install/laser_challenge_simulation/share/laser_challenge_simulation/models/qrcode_box_b
[0.503s] -- Up-to-date: /home/angelistao/laser_challenge_simulation/install/laser_challenge_simulation/share/laser_challenge_simulation/models/qrcode_box_b/model.config
[0.503s] -- Up-to-date: /home/angelistao/laser_challenge_simulation/install/laser_challenge_simulation/share/laser_challenge_simulation/models/qrcode_box_b/meshes
[0.503s] -- Up-to-date: /home/angelistao/laser_challenge_simulation/install/laser_challenge_simulation/share/laser_challenge_simulation/models/qrcode_box_b/meshes/qrcode_box_b.mtl
[0.503s] -- Up-to-date: /home/angelistao/laser_challenge_simulation/install/laser_challenge_simulation/share/laser_challenge_simulation/models/qrcode_box_b/meshes/qrcode_box_b.obj
[0.503s] -- Up-to-date: /home/angelistao/laser_challenge_simulation/install/laser_challenge_simulation/share/laser_challenge_simulation/models/qrcode_box_b/meshes/materials
[0.503s] -- Up-to-date: /home/angelistao/laser_challenge_simulation/install/laser_challenge_simulation/share/laser_challenge_simulation/models/qrcode_box_b/meshes/materials/warp.png
[0.503s] -- Up-to-date: /home/angelistao/laser_challenge_simulation/install/laser_challenge_simulation/share/laser_challenge_simulation/models/qrcode_box_b/meshes/materials/B.ai
[0.503s] -- Up-to-date: /home/angelistao/laser_challenge_simulation/install/laser_challenge_simulation/share/laser_challenge_simulation/models/qrcode_box_b/meshes/materials/B.png
[0.504s] -- Up-to-date: /home/angelistao/laser_challenge_simulation/install/laser_challenge_simulation/share/laser_challenge_simulation/models/qrcode_box_b/model.sdf
[0.504s] -- Up-to-date: /home/angelistao/laser_challenge_simulation/install/laser_challenge_simulation/share/laser_challenge_simulation/models/box_D3
[0.504s] -- Up-to-date: /home/angelistao/laser_challenge_simulation/install/laser_challenge_simulation/share/laser_challenge_simulation/models/box_D3/model.config
[0.504s] -- Up-to-date: /home/angelistao/laser_challenge_simulation/install/laser_challenge_simulation/share/laser_challenge_simulation/models/box_D3/meshes
[0.504s] -- Up-to-date: /home/angelistao/laser_challenge_simulation/install/laser_challenge_simulation/share/laser_challenge_simulation/models/box_D3/meshes/codebar_box.mtl
[0.504s] -- Up-to-date: /home/angelistao/laser_challenge_simulation/install/laser_challenge_simulation/share/laser_challenge_simulation/models/box_D3/meshes/codebar_box.obj
[0.504s] -- Up-to-date: /home/angelistao/laser_challenge_simulation/install/laser_challenge_simulation/share/laser_challenge_simulation/models/box_D3/meshes/materials
[0.504s] -- Up-to-date: /home/angelistao/laser_challenge_simulation/install/laser_challenge_simulation/share/laser_challenge_simulation/models/box_D3/meshes/materials/layout-16.png
[0.504s] -- Up-to-date: /home/angelistao/laser_challenge_simulation/install/laser_challenge_simulation/share/laser_challenge_simulation/models/box_D3/model.sdf
[0.505s] -- Up-to-date: /home/angelistao/laser_challenge_simulation/install/laser_challenge_simulation/share/laser_challenge_simulation/models/takeoff_platform
[0.505s] -- Up-to-date: /home/angelistao/laser_challenge_simulation/install/laser_challenge_simulation/share/laser_challenge_simulation/models/takeoff_platform/model.config
[0.505s] -- Up-to-date: /home/angelistao/laser_challenge_simulation/install/laser_challenge_simulation/share/laser_challenge_simulation/models/takeoff_platform/meshes
[0.505s] -- Up-to-date: /home/angelistao/laser_challenge_simulation/install/laser_challenge_simulation/share/laser_challenge_simulation/models/takeoff_platform/meshes/takeoff_platform.obj
[0.505s] -- Up-to-date: /home/angelistao/laser_challenge_simulation/install/laser_challenge_simulation/share/laser_challenge_simulation/models/takeoff_platform/meshes/takeoff_platform.mtl
[0.505s] -- Up-to-date: /home/angelistao/laser_challenge_simulation/install/laser_challenge_simulation/share/laser_challenge_simulation/models/takeoff_platform/model.sdf
[0.505s] -- Up-to-date: /home/angelistao/laser_challenge_simulation/install/laser_challenge_simulation/share/laser_challenge_simulation/models/measure_gas_land_base
[0.505s] -- Up-to-date: /home/angelistao/laser_challenge_simulation/install/laser_challenge_simulation/share/laser_challenge_simulation/models/measure_gas_land_base/model.config
[0.505s] -- Up-to-date: /home/angelistao/laser_challenge_simulation/install/laser_challenge_simulation/share/laser_challenge_simulation/models/measure_gas_land_base/meshes
[0.505s] -- Up-to-date: /home/angelistao/laser_challenge_simulation/install/laser_challenge_simulation/share/laser_challenge_simulation/models/measure_gas_land_base/meshes/measure_gas_land_base.mtl
[0.506s] -- Up-to-date: /home/angelistao/laser_challenge_simulation/install/laser_challenge_simulation/share/laser_challenge_simulation/models/measure_gas_land_base/meshes/materials
[0.506s] -- Up-to-date: /home/angelistao/laser_challenge_simulation/install/laser_challenge_simulation/share/laser_challenge_simulation/models/measure_gas_land_base/meshes/materials/B_Prancheta_1.png
[0.506s] -- Up-to-date: /home/angelistao/laser_challenge_simulation/install/laser_challenge_simulation/share/laser_challenge_simulation/models/measure_gas_land_base/meshes/materials/D_Prancheta_1.png
[0.506s] -- Up-to-date: /home/angelistao/laser_challenge_simulation/install/laser_challenge_simulation/share/laser_challenge_simulation/models/measure_gas_land_base/meshes/materials/gas measure.eps
[0.507s] -- Up-to-date: /home/angelistao/laser_challenge_simulation/install/laser_challenge_simulation/share/laser_challenge_simulation/models/measure_gas_land_base/meshes/materials/warp.png
[0.507s] -- Up-to-date: /home/angelistao/laser_challenge_simulation/install/laser_challenge_simulation/share/laser_challenge_simulation/models/measure_gas_land_base/meshes/materials/gas measure.ai
[0.507s] -- Up-to-date: /home/angelistao/laser_challenge_simulation/install/laser_challenge_simulation/share/laser_challenge_simulation/models/measure_gas_land_base/meshes/measure_gas_land_base.obj
[0.507s] -- Up-to-date: /home/angelistao/laser_challenge_simulation/install/laser_challenge_simulation/share/laser_challenge_simulation/models/measure_gas_land_base/model.sdf
[0.507s] -- Up-to-date: /home/angelistao/laser_challenge_simulation/install/laser_challenge_simulation/share/laser_challenge_simulation/models/banner
[0.507s] -- Up-to-date: /home/angelistao/laser_challenge_simulation/install/laser_challenge_simulation/share/laser_challenge_simulation/models/banner/model.config
[0.507s] -- Up-to-date: /home/angelistao/laser_challenge_simulation/install/laser_challenge_simulation/share/laser_challenge_simulation/models/banner/meshes
[0.507s] -- Up-to-date: /home/angelistao/laser_challenge_simulation/install/laser_challenge_simulation/share/laser_challenge_simulation/models/banner/meshes/banner.obj
[0.507s] -- Up-to-date: /home/angelistao/laser_challenge_simulation/install/laser_challenge_simulation/share/laser_challenge_simulation/models/banner/meshes/materials
[0.507s] -- Up-to-date: /home/angelistao/laser_challenge_simulation/install/laser_challenge_simulation/share/laser_challenge_simulation/models/banner/meshes/materials/banner.jpeg
[0.508s] -- Up-to-date: /home/angelistao/laser_challenge_simulation/install/laser_challenge_simulation/share/laser_challenge_simulation/models/banner/meshes/materials/banner_1.jpeg
[0.508s] -- Up-to-date: /home/angelistao/laser_challenge_simulation/install/laser_challenge_simulation/share/laser_challenge_simulation/models/banner/meshes/materials/banner_3.jpeg
[0.508s] -- Up-to-date: /home/angelistao/laser_challenge_simulation/install/laser_challenge_simulation/share/laser_challenge_simulation/models/banner/meshes/banner.mtl
[0.508s] -- Up-to-date: /home/angelistao/laser_challenge_simulation/install/laser_challenge_simulation/share/laser_challenge_simulation/models/banner/model.sdf
[0.508s] -- Up-to-date: /home/angelistao/laser_challenge_simulation/install/laser_challenge_simulation/share/laser_challenge_simulation/models/box_D1
[0.508s] -- Up-to-date: /home/angelistao/laser_challenge_simulation/install/laser_challenge_simulation/share/laser_challenge_simulation/models/box_D1/model.config
[0.508s] -- Up-to-date: /home/angelistao/laser_challenge_simulation/install/laser_challenge_simulation/share/laser_challenge_simulation/models/box_D1/meshes
[0.508s] -- Up-to-date: /home/angelistao/laser_challenge_simulation/install/laser_challenge_simulation/share/laser_challenge_simulation/models/box_D1/meshes/codebar_box.mtl
[0.508s] -- Up-to-date: /home/angelistao/laser_challenge_simulation/install/laser_challenge_simulation/share/laser_challenge_simulation/models/box_D1/meshes/codebar_box.obj
[0.509s] -- Up-to-date: /home/angelistao/laser_challenge_simulation/install/laser_challenge_simulation/share/laser_challenge_simulation/models/box_D1/meshes/materials
[0.509s] -- Up-to-date: /home/angelistao/laser_challenge_simulation/install/laser_challenge_simulation/share/laser_challenge_simulation/models/box_D1/meshes/materials/layout-14.png
[0.509s] -- Up-to-date: /home/angelistao/laser_challenge_simulation/install/laser_challenge_simulation/share/laser_challenge_simulation/models/box_D1/model.sdf
[0.509s] -- Up-to-date: /home/angelistao/laser_challenge_simulation/install/laser_challenge_simulation/share/laser_challenge_simulation/models/unit_box
[0.509s] -- Up-to-date: /home/angelistao/laser_challenge_simulation/install/laser_challenge_simulation/share/laser_challenge_simulation/models/unit_box/model.config
[0.509s] -- Up-to-date: /home/angelistao/laser_challenge_simulation/install/laser_challenge_simulation/share/laser_challenge_simulation/models/unit_box/model.sdf
[0.509s] -- Up-to-date: /home/angelistao/laser_challenge_simulation/install/laser_challenge_simulation/share/laser_challenge_simulation/models/suspended_landing_platform
[0.509s] -- Up-to-date: /home/angelistao/laser_challenge_simulation/install/laser_challenge_simulation/share/laser_challenge_simulation/models/suspended_landing_platform/model.config
[0.509s] -- Up-to-date: /home/angelistao/laser_challenge_simulation/install/laser_challenge_simulation/share/laser_challenge_simulation/models/suspended_landing_platform/meshes
[0.510s] -- Up-to-date: /home/angelistao/laser_challenge_simulation/install/laser_challenge_simulation/share/laser_challenge_simulation/models/suspended_landing_platform/meshes/suspended_landing_platform.mtl
[0.510s] -- Up-to-date: /home/angelistao/laser_challenge_simulation/install/laser_challenge_simulation/share/laser_challenge_simulation/models/suspended_landing_platform/meshes/suspended_landing_platform.obj
[0.510s] -- Up-to-date: /home/angelistao/laser_challenge_simulation/install/laser_challenge_simulation/share/laser_challenge_simulation/models/suspended_landing_platform/model.sdf
[0.510s] -- Up-to-date: /home/angelistao/laser_challenge_simulation/install/laser_challenge_simulation/share/laser_challenge_simulation/models/box_A1
[0.510s] -- Up-to-date: /home/angelistao/laser_challenge_simulation/install/laser_challenge_simulation/share/laser_challenge_simulation/models/box_A1/model.config
[0.510s] -- Up-to-date: /home/angelistao/laser_challenge_simulation/install/laser_challenge_simulation/share/laser_challenge_simulation/models/box_A1/meshes
[0.510s] -- Up-to-date: /home/angelistao/laser_challenge_simulation/install/laser_challenge_simulation/share/laser_challenge_simulation/models/box_A1/meshes/codebar_box.mtl
[0.510s] -- Up-to-date: /home/angelistao/laser_challenge_simulation/install/laser_challenge_simulation/share/laser_challenge_simulation/models/box_A1/meshes/codebar_box.obj
[0.510s] -- Up-to-date: /home/angelistao/laser_challenge_simulation/install/laser_challenge_simulation/share/laser_challenge_simulation/models/box_A1/meshes/materials
[0.510s] -- Up-to-date: /home/angelistao/laser_challenge_simulation/install/laser_challenge_simulation/share/laser_challenge_simulation/models/box_A1/meshes/materials/layout-02.png
[0.511s] -- Up-to-date: /home/angelistao/laser_challenge_simulation/install/laser_challenge_simulation/share/laser_challenge_simulation/models/box_A1/model.sdf
[0.511s] -- Up-to-date: /home/angelistao/laser_challenge_simulation/install/laser_challenge_simulation/share/laser_challenge_simulation/models/box_D0
[0.511s] -- Up-to-date: /home/angelistao/laser_challenge_simulation/install/laser_challenge_simulation/share/laser_challenge_simulation/models/box_D0/model.config
[0.511s] -- Up-to-date: /home/angelistao/laser_challenge_simulation/install/laser_challenge_simulation/share/laser_challenge_simulation/models/box_D0/meshes
[0.511s] -- Up-to-date: /home/angelistao/laser_challenge_simulation/install/laser_challenge_simulation/share/laser_challenge_simulation/models/box_D0/meshes/codebar_box.mtl
[0.511s] -- Up-to-date: /home/angelistao/laser_challenge_simulation/install/laser_challenge_simulation/share/laser_challenge_simulation/models/box_D0/meshes/codebar_box.obj
[0.511s] -- Up-to-date: /home/angelistao/laser_challenge_simulation/install/laser_challenge_simulation/share/laser_challenge_simulation/models/box_D0/meshes/materials
[0.511s] -- Up-to-date: /home/angelistao/laser_challenge_simulation/install/laser_challenge_simulation/share/laser_challenge_simulation/models/box_D0/meshes/materials/layout-13.png
[0.511s] -- Up-to-date: /home/angelistao/laser_challenge_simulation/install/laser_challenge_simulation/share/laser_challenge_simulation/models/box_D0/model.sdf
[0.511s] -- Up-to-date: /home/angelistao/laser_challenge_simulation/install/laser_challenge_simulation/share/laser_challenge_simulation/models/box_A0
[0.512s] -- Up-to-date: /home/angelistao/laser_challenge_simulation/install/laser_challenge_simulation/share/laser_challenge_simulation/models/box_A0/model.config
[0.512s] -- Up-to-date: /home/angelistao/laser_challenge_simulation/install/laser_challenge_simulation/share/laser_challenge_simulation/models/box_A0/meshes
[0.513s] -- Up-to-date: /home/angelistao/laser_challenge_simulation/install/laser_challenge_simulation/share/laser_challenge_simulation/models/box_A0/meshes/codebar_box.mtl
[0.513s] -- Up-to-date: /home/angelistao/laser_challenge_simulation/install/laser_challenge_simulation/share/laser_challenge_simulation/models/box_A0/meshes/codebar_box.obj
[0.513s] -- Up-to-date: /home/angelistao/laser_challenge_simulation/install/laser_challenge_simulation/share/laser_challenge_simulation/models/box_A0/meshes/materials
[0.513s] -- Up-to-date: /home/angelistao/laser_challenge_simulation/install/laser_challenge_simulation/share/laser_challenge_simulation/models/box_A0/meshes/materials/layout-01.png
[0.514s] -- Up-to-date: /home/angelistao/laser_challenge_simulation/install/laser_challenge_simulation/share/laser_challenge_simulation/models/box_A0/model.sdf
[0.514s] -- Up-to-date: /home/angelistao/laser_challenge_simulation/install/laser_challenge_simulation/share/laser_challenge_simulation/models/pipe
[0.514s] -- Up-to-date: /home/angelistao/laser_challenge_simulation/install/laser_challenge_simulation/share/laser_challenge_simulation/models/pipe/model.config
[0.514s] -- Up-to-date: /home/angelistao/laser_challenge_simulation/install/laser_challenge_simulation/share/laser_challenge_simulation/models/pipe/meshes
[0.515s] -- Up-to-date: /home/angelistao/laser_challenge_simulation/install/laser_challenge_simulation/share/laser_challenge_simulation/models/pipe/meshes/pipe.obj
[0.515s] -- Up-to-date: /home/angelistao/laser_challenge_simulation/install/laser_challenge_simulation/share/laser_challenge_simulation/models/pipe/meshes/pipe.mtl
[0.515s] -- Up-to-date: /home/angelistao/laser_challenge_simulation/install/laser_challenge_simulation/share/laser_challenge_simulation/models/pipe/model.sdf
[0.516s] -- Up-to-date: /home/angelistao/laser_challenge_simulation/install/laser_challenge_simulation/share/laser_challenge_simulation/models/qrcode_box_c
[0.516s] -- Up-to-date: /home/angelistao/laser_challenge_simulation/install/laser_challenge_simulation/share/laser_challenge_simulation/models/qrcode_box_c/model.config
[0.516s] -- Up-to-date: /home/angelistao/laser_challenge_simulation/install/laser_challenge_simulation/share/laser_challenge_simulation/models/qrcode_box_c/meshes
[0.516s] -- Up-to-date: /home/angelistao/laser_challenge_simulation/install/laser_challenge_simulation/share/laser_challenge_simulation/models/qrcode_box_c/meshes/qrcode_box_c.obj
[0.516s] -- Up-to-date: /home/angelistao/laser_challenge_simulation/install/laser_challenge_simulation/share/laser_challenge_simulation/models/qrcode_box_c/meshes/materials
[0.516s] -- Up-to-date: /home/angelistao/laser_challenge_simulation/install/laser_challenge_simulation/share/laser_challenge_simulation/models/qrcode_box_c/meshes/materials/warp.png
[0.517s] -- Up-to-date: /home/angelistao/laser_challenge_simulation/install/laser_challenge_simulation/share/laser_challenge_simulation/models/qrcode_box_c/meshes/materials/C.ai
[0.517s] -- Up-to-date: /home/angelistao/laser_challenge_simulation/install/laser_challenge_simulation/share/laser_challenge_simulation/models/qrcode_box_c/meshes/materials/C.png
[0.517s] -- Up-to-date: /home/angelistao/laser_challenge_simulation/install/laser_challenge_simulation/share/laser_challenge_simulation/models/qrcode_box_c/meshes/qrcode_box_c.mtl
[0.517s] -- Up-to-date: /home/angelistao/laser_challenge_simulation/install/laser_challenge_simulation/share/laser_challenge_simulation/models/qrcode_box_c/model.sdf
[0.517s] -- Up-to-date: /home/angelistao/laser_challenge_simulation/install/laser_challenge_simulation/share/laser_challenge_simulation/models/box_C2
[0.517s] -- Up-to-date: /home/angelistao/laser_challenge_simulation/install/laser_challenge_simulation/share/laser_challenge_simulation/models/box_C2/model.config
[0.517s] -- Up-to-date: /home/angelistao/laser_challenge_simulation/install/laser_challenge_simulation/share/laser_challenge_simulation/models/box_C2/meshes
[0.517s] -- Up-to-date: /home/angelistao/laser_challenge_simulation/install/laser_challenge_simulation/share/laser_challenge_simulation/models/box_C2/meshes/codebar_box.mtl
[0.518s] -- Up-to-date: /home/angelistao/laser_challenge_simulation/install/laser_challenge_simulation/share/laser_challenge_simulation/models/box_C2/meshes/codebar_box.obj
[0.518s] -- Up-to-date: /home/angelistao/laser_challenge_simulation/install/laser_challenge_simulation/share/laser_challenge_simulation/models/box_C2/meshes/materials
[0.518s] -- Up-to-date: /home/angelistao/laser_challenge_simulation/install/laser_challenge_simulation/share/laser_challenge_simulation/models/box_C2/meshes/materials/layout-11.png
[0.518s] -- Up-to-date: /home/angelistao/laser_challenge_simulation/install/laser_challenge_simulation/share/laser_challenge_simulation/models/box_C2/model.sdf
[0.518s] -- Up-to-date: /home/angelistao/laser_challenge_simulation/install/laser_challenge_simulation/share/laser_challenge_simulation/models/barcode_shelf
[0.518s] -- Up-to-date: /home/angelistao/laser_challenge_simulation/install/laser_challenge_simulation/share/laser_challenge_simulation/models/barcode_shelf/model.config
[0.518s] -- Up-to-date: /home/angelistao/laser_challenge_simulation/install/laser_challenge_simulation/share/laser_challenge_simulation/models/barcode_shelf/meshes
[0.518s] -- Up-to-date: /home/angelistao/laser_challenge_simulation/install/laser_challenge_simulation/share/laser_challenge_simulation/models/barcode_shelf/meshes/barcode_shelf.obj
[0.519s] -- Up-to-date: /home/angelistao/laser_challenge_simulation/install/laser_challenge_simulation/share/laser_challenge_simulation/models/barcode_shelf/meshes/material
[0.519s] -- Up-to-date: /home/angelistao/laser_challenge_simulation/install/laser_challenge_simulation/share/laser_challenge_simulation/models/barcode_shelf/meshes/material/layout-05.png
[0.519s] -- Up-to-date: /home/angelistao/laser_challenge_simulation/install/laser_challenge_simulation/share/laser_challenge_simulation/models/barcode_shelf/meshes/material/layout-11.png
[0.519s] -- Up-to-date: /home/angelistao/laser_challenge_simulation/install/laser_challenge_simulation/share/laser_challenge_simulation/models/barcode_shelf/meshes/material/layout-15.png
[0.519s] -- Up-to-date: /home/angelistao/laser_challenge_simulation/install/laser_challenge_simulation/share/laser_challenge_simulation/models/barcode_shelf/meshes/material/layout-02.png
[0.519s] -- Up-to-date: /home/angelistao/laser_challenge_simulation/install/laser_challenge_simulation/share/laser_challenge_simulation/models/barcode_shelf/meshes/material/layout-12.png
[0.519s] -- Up-to-date: /home/angelistao/laser_challenge_simulation/install/laser_challenge_simulation/share/laser_challenge_simulation/models/barcode_shelf/meshes/material/layout-09.png
[0.519s] -- Up-to-date: /home/angelistao/laser_challenge_simulation/install/laser_challenge_simulation/share/laser_challenge_simulation/models/barcode_shelf/meshes/material/layout-08.png
[0.520s] -- Up-to-date: /home/angelistao/laser_challenge_simulation/install/laser_challenge_simulation/share/laser_challenge_simulation/models/barcode_shelf/meshes/material/layout-04.png
[0.520s] -- Up-to-date: /home/angelistao/laser_challenge_simulation/install/laser_challenge_simulation/share/laser_challenge_simulation/models/barcode_shelf/meshes/material/layout-03.png
[0.520s] -- Up-to-date: /home/angelistao/laser_challenge_simulation/install/laser_challenge_simulation/share/laser_challenge_simulation/models/barcode_shelf/meshes/material/layout-06.png
[0.520s] -- Up-to-date: /home/angelistao/laser_challenge_simulation/install/laser_challenge_simulation/share/laser_challenge_simulation/models/barcode_shelf/meshes/material/layout-19.png
[0.520s] -- Up-to-date: /home/angelistao/laser_challenge_simulation/install/laser_challenge_simulation/share/laser_challenge_simulation/models/barcode_shelf/meshes/material/layout-18.png
[0.520s] -- Up-to-date: /home/angelistao/laser_challenge_simulation/install/laser_challenge_simulation/share/laser_challenge_simulation/models/barcode_shelf/meshes/material/layout-10.png
[0.520s] -- Up-to-date: /home/angelistao/laser_challenge_simulation/install/laser_challenge_simulation/share/laser_challenge_simulation/models/barcode_shelf/meshes/material/layout-14.png
[0.520s] -- Up-to-date: /home/angelistao/laser_challenge_simulation/install/laser_challenge_simulation/share/laser_challenge_simulation/models/barcode_shelf/meshes/material/layout-01.png
[0.520s] -- Up-to-date: /home/angelistao/laser_challenge_simulation/install/laser_challenge_simulation/share/laser_challenge_simulation/models/barcode_shelf/meshes/material/layout-13.png
[0.520s] -- Up-to-date: /home/angelistao/laser_challenge_simulation/install/laser_challenge_simulation/share/laser_challenge_simulation/models/barcode_shelf/meshes/material/layout-17.png
[0.520s] -- Up-to-date: /home/angelistao/laser_challenge_simulation/install/laser_challenge_simulation/share/laser_challenge_simulation/models/barcode_shelf/meshes/material/layout-16.png
[0.520s] -- Up-to-date: /home/angelistao/laser_challenge_simulation/install/laser_challenge_simulation/share/laser_challenge_simulation/models/barcode_shelf/meshes/material/layout-20.png
[0.521s] -- Up-to-date: /home/angelistao/laser_challenge_simulation/install/laser_challenge_simulation/share/laser_challenge_simulation/models/barcode_shelf/meshes/material/layout-07.png
[0.521s] -- Up-to-date: /home/angelistao/laser_challenge_simulation/install/laser_challenge_simulation/share/laser_challenge_simulation/models/barcode_shelf/meshes/shelf.obj
[0.521s] -- Up-to-date: /home/angelistao/laser_challenge_simulation/install/laser_challenge_simulation/share/laser_challenge_simulation/models/barcode_shelf/meshes/shelf.mtl
[0.521s] -- Up-to-date: /home/angelistao/laser_challenge_simulation/install/laser_challenge_simulation/share/laser_challenge_simulation/models/barcode_shelf/meshes/barcode_shelf.mtl
[0.521s] -- Up-to-date: /home/angelistao/laser_challenge_simulation/install/laser_challenge_simulation/share/laser_challenge_simulation/models/barcode_shelf/model.sdf
[0.521s] -- Up-to-date: /home/angelistao/laser_challenge_simulation/install/laser_challenge_simulation/share/laser_challenge_simulation/models/grass_plane
[0.521s] -- Up-to-date: /home/angelistao/laser_challenge_simulation/install/laser_challenge_simulation/share/laser_challenge_simulation/models/grass_plane/model.config
[0.521s] -- Up-to-date: /home/angelistao/laser_challenge_simulation/install/laser_challenge_simulation/share/laser_challenge_simulation/models/grass_plane/meshes
[0.521s] -- Up-to-date: /home/angelistao/laser_challenge_simulation/install/laser_challenge_simulation/share/laser_challenge_simulation/models/grass_plane/meshes/grass_plane.mtl
[0.521s] -- Up-to-date: /home/angelistao/laser_challenge_simulation/install/laser_challenge_simulation/share/laser_challenge_simulation/models/grass_plane/meshes/materials
[0.521s] -- Up-to-date: /home/angelistao/laser_challenge_simulation/install/laser_challenge_simulation/share/laser_challenge_simulation/models/grass_plane/meshes/materials/texture.jpeg
[0.522s] -- Up-to-date: /home/angelistao/laser_challenge_simulation/install/laser_challenge_simulation/share/laser_challenge_simulation/models/grass_plane/meshes/grass_plane.obj
[0.522s] -- Up-to-date: /home/angelistao/laser_challenge_simulation/install/laser_challenge_simulation/share/laser_challenge_simulation/models/grass_plane/model.sdf
[0.522s] -- Up-to-date: /home/angelistao/laser_challenge_simulation/install/laser_challenge_simulation/share/laser_challenge_simulation/models/box_C0
[0.522s] -- Up-to-date: /home/angelistao/laser_challenge_simulation/install/laser_challenge_simulation/share/laser_challenge_simulation/models/box_C0/model.config
[0.522s] -- Up-to-date: /home/angelistao/laser_challenge_simulation/install/laser_challenge_simulation/share/laser_challenge_simulation/models/box_C0/meshes
[0.522s] -- Up-to-date: /home/angelistao/laser_challenge_simulation/install/laser_challenge_simulation/share/laser_challenge_simulation/models/box_C0/meshes/codebar_box.mtl
[0.522s] -- Up-to-date: /home/angelistao/laser_challenge_simulation/install/laser_challenge_simulation/share/laser_challenge_simulation/models/box_C0/meshes/codebar_box.obj
[0.522s] -- Up-to-date: /home/angelistao/laser_challenge_simulation/install/laser_challenge_simulation/share/laser_challenge_simulation/models/box_C0/meshes/materials
[0.522s] -- Up-to-date: /home/angelistao/laser_challenge_simulation/install/laser_challenge_simulation/share/laser_challenge_simulation/models/box_C0/meshes/materials/layout-09.png
[0.522s] -- Up-to-date: /home/angelistao/laser_challenge_simulation/install/laser_challenge_simulation/share/laser_challenge_simulation/models/box_C0/model.sdf
[0.522s] -- Up-to-date: /home/angelistao/laser_challenge_simulation/install/laser_challenge_simulation/share/laser_challenge_simulation/models/qrcode_box_a
[0.522s] -- Up-to-date: /home/angelistao/laser_challenge_simulation/install/laser_challenge_simulation/share/laser_challenge_simulation/models/qrcode_box_a/model.config
[0.522s] -- Up-to-date: /home/angelistao/laser_challenge_simulation/install/laser_challenge_simulation/share/laser_challenge_simulation/models/qrcode_box_a/meshes
[0.523s] -- Up-to-date: /home/angelistao/laser_challenge_simulation/install/laser_challenge_simulation/share/laser_challenge_simulation/models/qrcode_box_a/meshes/materials
[0.523s] -- Up-to-date: /home/angelistao/laser_challenge_simulation/install/laser_challenge_simulation/share/laser_challenge_simulation/models/qrcode_box_a/meshes/materials/A.ai
[0.523s] -- Up-to-date: /home/angelistao/laser_challenge_simulation/install/laser_challenge_simulation/share/laser_challenge_simulation/models/qrcode_box_a/meshes/materials/warp.png
[0.524s] -- Up-to-date: /home/angelistao/laser_challenge_simulation/install/laser_challenge_simulation/share/laser_challenge_simulation/models/qrcode_box_a/meshes/materials/A.png
[0.524s] -- Up-to-date: /home/angelistao/laser_challenge_simulation/install/laser_challenge_simulation/share/laser_challenge_simulation/models/qrcode_box_a/meshes/qrcode_box_a.obj
[0.524s] -- Up-to-date: /home/angelistao/laser_challenge_simulation/install/laser_challenge_simulation/share/laser_challenge_simulation/models/qrcode_box_a/meshes/qrcode_box_a.mtl
[0.524s] -- Up-to-date: /home/angelistao/laser_challenge_simulation/install/laser_challenge_simulation/share/laser_challenge_simulation/models/qrcode_box_a/model.sdf
[0.524s] -- Up-to-date: /home/angelistao/laser_challenge_simulation/install/laser_challenge_simulation/share/laser_challenge_simulation/models/box_B0
[0.524s] -- Up-to-date: /home/angelistao/laser_challenge_simulation/install/laser_challenge_simulation/share/laser_challenge_simulation/models/box_B0/model.config
[0.524s] -- Up-to-date: /home/angelistao/laser_challenge_simulation/install/laser_challenge_simulation/share/laser_challenge_simulation/models/box_B0/meshes
[0.524s] -- Up-to-date: /home/angelistao/laser_challenge_simulation/install/laser_challenge_simulation/share/laser_challenge_simulation/models/box_B0/meshes/codebar_box.mtl
[0.524s] -- Up-to-date: /home/angelistao/laser_challenge_simulation/install/laser_challenge_simulation/share/laser_challenge_simulation/models/box_B0/meshes/codebar_box.obj
[0.524s] -- Up-to-date: /home/angelistao/laser_challenge_simulation/install/laser_challenge_simulation/share/laser_challenge_simulation/models/box_B0/meshes/materials
[0.524s] -- Up-to-date: /home/angelistao/laser_challenge_simulation/install/laser_challenge_simulation/share/laser_challenge_simulation/models/box_B0/meshes/materials/layout-05.png
[0.524s] -- Up-to-date: /home/angelistao/laser_challenge_simulation/install/laser_challenge_simulation/share/laser_challenge_simulation/models/box_B0/model.sdf
[0.524s] -- Up-to-date: /home/angelistao/laser_challenge_simulation/install/laser_challenge_simulation/share/laser_challenge_simulation/models/box_B3
[0.525s] -- Up-to-date: /home/angelistao/laser_challenge_simulation/install/laser_challenge_simulation/share/laser_challenge_simulation/models/box_B3/model.config
[0.525s] -- Up-to-date: /home/angelistao/laser_challenge_simulation/install/laser_challenge_simulation/share/laser_challenge_simulation/models/box_B3/meshes
[0.525s] -- Up-to-date: /home/angelistao/laser_challenge_simulation/install/laser_challenge_simulation/share/laser_challenge_simulation/models/box_B3/meshes/codebar_box.mtl
[0.525s] -- Up-to-date: /home/angelistao/laser_challenge_simulation/install/laser_challenge_simulation/share/laser_challenge_simulation/models/box_B3/meshes/codebar_box.obj
[0.525s] -- Up-to-date: /home/angelistao/laser_challenge_simulation/install/laser_challenge_simulation/share/laser_challenge_simulation/models/box_B3/meshes/materials
[0.525s] -- Up-to-date: /home/angelistao/laser_challenge_simulation/install/laser_challenge_simulation/share/laser_challenge_simulation/models/box_B3/meshes/materials/layout-08.png
[0.525s] -- Up-to-date: /home/angelistao/laser_challenge_simulation/install/laser_challenge_simulation/share/laser_challenge_simulation/models/box_B3/model.sdf
[0.525s] -- Up-to-date: /home/angelistao/laser_challenge_simulation/install/laser_challenge_simulation/share/laser_challenge_simulation/models/landing_platform
[0.525s] -- Up-to-date: /home/angelistao/laser_challenge_simulation/install/laser_challenge_simulation/share/laser_challenge_simulation/models/landing_platform/model.config
[0.525s] -- Up-to-date: /home/angelistao/laser_challenge_simulation/install/laser_challenge_simulation/share/laser_challenge_simulation/models/landing_platform/meshes
[0.525s] -- Up-to-date: /home/angelistao/laser_challenge_simulation/install/laser_challenge_simulation/share/laser_challenge_simulation/models/landing_platform/meshes/landing_platform.obj
[0.525s] -- Up-to-date: /home/angelistao/laser_challenge_simulation/install/laser_challenge_simulation/share/laser_challenge_simulation/models/landing_platform/meshes/landing_platform.mtl
[0.525s] -- Up-to-date: /home/angelistao/laser_challenge_simulation/install/laser_challenge_simulation/share/laser_challenge_simulation/models/landing_platform/model.sdf
[0.525s] -- Up-to-date: /home/angelistao/laser_challenge_simulation/install/laser_challenge_simulation/share/laser_challenge_simulation/models/measure_gas_high_base_right
[0.525s] -- Up-to-date: /home/angelistao/laser_challenge_simulation/install/laser_challenge_simulation/share/laser_challenge_simulation/models/measure_gas_high_base_right/model.config
[0.526s] -- Up-to-date: /home/angelistao/laser_challenge_simulation/install/laser_challenge_simulation/share/laser_challenge_simulation/models/measure_gas_high_base_right/meshes
[0.526s] -- Up-to-date: /home/angelistao/laser_challenge_simulation/install/laser_challenge_simulation/share/laser_challenge_simulation/models/measure_gas_high_base_right/meshes/measure_gas_high_base_right.obj
[0.526s] -- Up-to-date: /home/angelistao/laser_challenge_simulation/install/laser_challenge_simulation/share/laser_challenge_simulation/models/measure_gas_high_base_right/meshes/measure_gas_high_base_right.mtl
[0.526s] -- Up-to-date: /home/angelistao/laser_challenge_simulation/install/laser_challenge_simulation/share/laser_challenge_simulation/models/measure_gas_high_base_right/meshes/materials
[0.526s] -- Up-to-date: /home/angelistao/laser_challenge_simulation/install/laser_challenge_simulation/share/laser_challenge_simulation/models/measure_gas_high_base_right/meshes/materials/gas measure.eps
[0.526s] -- Up-to-date: /home/angelistao/laser_challenge_simulation/install/laser_challenge_simulation/share/laser_challenge_simulation/models/measure_gas_high_base_right/meshes/materials/C_Prancheta_1.png
[0.526s] -- Up-to-date: /home/angelistao/laser_challenge_simulation/install/laser_challenge_simulation/share/laser_challenge_simulation/models/measure_gas_high_base_right/meshes/materials/warp.png
[0.526s] -- Up-to-date: /home/angelistao/laser_challenge_simulation/install/laser_challenge_simulation/share/laser_challenge_simulation/models/measure_gas_high_base_right/model.sdf
[0.526s] -- Up-to-date: /home/angelistao/laser_challenge_simulation/install/laser_challenge_simulation/share/laser_challenge_simulation/models/qrcode_box_d
[0.526s] -- Up-to-date: /home/angelistao/laser_challenge_simulation/install/laser_challenge_simulation/share/laser_challenge_simulation/models/qrcode_box_d/model.config
[0.526s] -- Up-to-date: /home/angelistao/laser_challenge_simulation/install/laser_challenge_simulation/share/laser_challenge_simulation/models/qrcode_box_d/meshes
[0.526s] -- Up-to-date: /home/angelistao/laser_challenge_simulation/install/laser_challenge_simulation/share/laser_challenge_simulation/models/qrcode_box_d/meshes/qrcode_box_d.obj
[0.526s] -- Up-to-date: /home/angelistao/laser_challenge_simulation/install/laser_challenge_simulation/share/laser_challenge_simulation/models/qrcode_box_d/meshes/materials
[0.527s] -- Up-to-date: /home/angelistao/laser_challenge_simulation/install/laser_challenge_simulation/share/laser_challenge_simulation/models/qrcode_box_d/meshes/materials/warp.png
[0.527s] -- Up-to-date: /home/angelistao/laser_challenge_simulation/install/laser_challenge_simulation/share/laser_challenge_simulation/models/qrcode_box_d/meshes/materials/D.png
[0.527s] -- Up-to-date: /home/angelistao/laser_challenge_simulation/install/laser_challenge_simulation/share/laser_challenge_simulation/models/qrcode_box_d/meshes/materials/D.ai
[0.527s] -- Up-to-date: /home/angelistao/laser_challenge_simulation/install/laser_challenge_simulation/share/laser_challenge_simulation/models/qrcode_box_d/meshes/qrcode_box_d.mtl
[0.527s] -- Up-to-date: /home/angelistao/laser_challenge_simulation/install/laser_challenge_simulation/share/laser_challenge_simulation/models/qrcode_box_d/model.sdf
[0.527s] -- Up-to-date: /home/angelistao/laser_challenge_simulation/install/laser_challenge_simulation/share/laser_challenge_simulation/models/box_A3
[0.527s] -- Up-to-date: /home/angelistao/laser_challenge_simulation/install/laser_challenge_simulation/share/laser_challenge_simulation/models/box_A3/model.config
[0.527s] -- Up-to-date: /home/angelistao/laser_challenge_simulation/install/laser_challenge_simulation/share/laser_challenge_simulation/models/box_A3/meshes
[0.527s] -- Up-to-date: /home/angelistao/laser_challenge_simulation/install/laser_challenge_simulation/share/laser_challenge_simulation/models/box_A3/meshes/codebar_box.mtl
[0.527s] -- Up-to-date: /home/angelistao/laser_challenge_simulation/install/laser_challenge_simulation/share/laser_challenge_simulation/models/box_A3/meshes/codebar_box.obj
[0.527s] -- Up-to-date: /home/angelistao/laser_challenge_simulation/install/laser_challenge_simulation/share/laser_challenge_simulation/models/box_A3/meshes/materials
[0.527s] -- Up-to-date: /home/angelistao/laser_challenge_simulation/install/laser_challenge_simulation/share/laser_challenge_simulation/models/box_A3/meshes/materials/layout-04.png
[0.527s] -- Up-to-date: /home/angelistao/laser_challenge_simulation/install/laser_challenge_simulation/share/laser_challenge_simulation/models/box_A3/model.sdf
[0.527s] -- Up-to-date: /home/angelistao/laser_challenge_simulation/install/laser_challenge_simulation/share/laser_challenge_simulation/models/sensor_red
[0.527s] -- Up-to-date: /home/angelistao/laser_challenge_simulation/install/laser_challenge_simulation/share/laser_challenge_simulation/models/sensor_red/model.config
[0.527s] -- Up-to-date: /home/angelistao/laser_challenge_simulation/install/laser_challenge_simulation/share/laser_challenge_simulation/models/sensor_red/meshes
[0.528s] -- Up-to-date: /home/angelistao/laser_challenge_simulation/install/laser_challenge_simulation/share/laser_challenge_simulation/models/sensor_red/meshes/sensor_red.mtl
[0.528s] -- Up-to-date: /home/angelistao/laser_challenge_simulation/install/laser_challenge_simulation/share/laser_challenge_simulation/models/sensor_red/meshes/sensor_red.obj
[0.528s] -- Up-to-date: /home/angelistao/laser_challenge_simulation/install/laser_challenge_simulation/share/laser_challenge_simulation/models/sensor_red/model.sdf
[0.528s] -- Up-to-date: /home/angelistao/laser_challenge_simulation/install/laser_challenge_simulation/share/laser_challenge_simulation/models/box_D2
[0.528s] -- Up-to-date: /home/angelistao/laser_challenge_simulation/install/laser_challenge_simulation/share/laser_challenge_simulation/models/box_D2/model.config
[0.528s] -- Up-to-date: /home/angelistao/laser_challenge_simulation/install/laser_challenge_simulation/share/laser_challenge_simulation/models/box_D2/meshes
[0.528s] -- Up-to-date: /home/angelistao/laser_challenge_simulation/install/laser_challenge_simulation/share/laser_challenge_simulation/models/box_D2/meshes/codebar_box.mtl
[0.528s] -- Up-to-date: /home/angelistao/laser_challenge_simulation/install/laser_challenge_simulation/share/laser_challenge_simulation/models/box_D2/meshes/codebar_box.obj
[0.528s] -- Up-to-date: /home/angelistao/laser_challenge_simulation/install/laser_challenge_simulation/share/laser_challenge_simulation/models/box_D2/meshes/materials
[0.528s] -- Up-to-date: /home/angelistao/laser_challenge_simulation/install/laser_challenge_simulation/share/laser_challenge_simulation/models/box_D2/meshes/materials/layout-15.png
[0.528s] -- Up-to-date: /home/angelistao/laser_challenge_simulation/install/laser_challenge_simulation/share/laser_challenge_simulation/models/box_D2/model.sdf
[0.528s] -- Up-to-date: /home/angelistao/laser_challenge_simulation/install/laser_challenge_simulation/share/laser_challenge_simulation/models/qrcode_box_e
[0.528s] -- Up-to-date: /home/angelistao/laser_challenge_simulation/install/laser_challenge_simulation/share/laser_challenge_simulation/models/qrcode_box_e/model.config
[0.528s] -- Up-to-date: /home/angelistao/laser_challenge_simulation/install/laser_challenge_simulation/share/laser_challenge_simulation/models/qrcode_box_e/meshes
[0.528s] -- Up-to-date: /home/angelistao/laser_challenge_simulation/install/laser_challenge_simulation/share/laser_challenge_simulation/models/qrcode_box_e/meshes/qrcode_box_e.mtl
[0.529s] -- Up-to-date: /home/angelistao/laser_challenge_simulation/install/laser_challenge_simulation/share/laser_challenge_simulation/models/qrcode_box_e/meshes/materials
[0.529s] -- Up-to-date: /home/angelistao/laser_challenge_simulation/install/laser_challenge_simulation/share/laser_challenge_simulation/models/qrcode_box_e/meshes/materials/E.png
[0.529s] -- Up-to-date: /home/angelistao/laser_challenge_simulation/install/laser_challenge_simulation/share/laser_challenge_simulation/models/qrcode_box_e/meshes/materials/warp.png
[0.529s] -- Up-to-date: /home/angelistao/laser_challenge_simulation/install/laser_challenge_simulation/share/laser_challenge_simulation/models/qrcode_box_e/meshes/materials/E.ai
[0.529s] -- Up-to-date: /home/angelistao/laser_challenge_simulation/install/laser_challenge_simulation/share/laser_challenge_simulation/models/qrcode_box_e/meshes/qrcode_box_e.obj
[0.529s] -- Up-to-date: /home/angelistao/laser_challenge_simulation/install/laser_challenge_simulation/share/laser_challenge_simulation/models/qrcode_box_e/model.sdf
[0.529s] -- Up-to-date: /home/angelistao/laser_challenge_simulation/install/laser_challenge_simulation/share/laser_challenge_simulation/models/sensor_green
[0.529s] -- Up-to-date: /home/angelistao/laser_challenge_simulation/install/laser_challenge_simulation/share/laser_challenge_simulation/models/sensor_green/model.config
[0.529s] -- Up-to-date: /home/angelistao/laser_challenge_simulation/install/laser_challenge_simulation/share/laser_challenge_simulation/models/sensor_green/meshes
[0.529s] -- Up-to-date: /home/angelistao/laser_challenge_simulation/install/laser_challenge_simulation/share/laser_challenge_simulation/models/sensor_green/meshes/sensor_green.obj
[0.529s] -- Up-to-date: /home/angelistao/laser_challenge_simulation/install/laser_challenge_simulation/share/laser_challenge_simulation/models/sensor_green/meshes/sensor_green.mtl
[0.529s] -- Up-to-date: /home/angelistao/laser_challenge_simulation/install/laser_challenge_simulation/share/laser_challenge_simulation/models/sensor_green/model.sdf
[0.529s] -- Up-to-date: /home/angelistao/laser_challenge_simulation/install/laser_challenge_simulation/share/laser_challenge_simulation/models/box_A2
[0.530s] -- Up-to-date: /home/angelistao/laser_challenge_simulation/install/laser_challenge_simulation/share/laser_challenge_simulation/models/box_A2/model.config
[0.530s] -- Up-to-date: /home/angelistao/laser_challenge_simulation/install/laser_challenge_simulation/share/laser_challenge_simulation/models/box_A2/meshes
[0.530s] -- Up-to-date: /home/angelistao/laser_challenge_simulation/install/laser_challenge_simulation/share/laser_challenge_simulation/models/box_A2/meshes/codebar_box.mtl
[0.530s] -- Up-to-date: /home/angelistao/laser_challenge_simulation/install/laser_challenge_simulation/share/laser_challenge_simulation/models/box_A2/meshes/codebar_box.obj
[0.530s] -- Up-to-date: /home/angelistao/laser_challenge_simulation/install/laser_challenge_simulation/share/laser_challenge_simulation/models/box_A2/meshes/materials
[0.530s] -- Up-to-date: /home/angelistao/laser_challenge_simulation/install/laser_challenge_simulation/share/laser_challenge_simulation/models/box_A2/meshes/materials/layout-03.png
[0.530s] -- Up-to-date: /home/angelistao/laser_challenge_simulation/install/laser_challenge_simulation/share/laser_challenge_simulation/models/box_A2/model.sdf
[0.530s] -- Up-to-date: /home/angelistao/laser_challenge_simulation/install/laser_challenge_simulation/share/laser_challenge_simulation/models/banner_2
[0.530s] -- Up-to-date: /home/angelistao/laser_challenge_simulation/install/laser_challenge_simulation/share/laser_challenge_simulation/models/banner_2/model.config
[0.530s] -- Up-to-date: /home/angelistao/laser_challenge_simulation/install/laser_challenge_simulation/share/laser_challenge_simulation/models/banner_2/meshes
[0.530s] -- Up-to-date: /home/angelistao/laser_challenge_simulation/install/laser_challenge_simulation/share/laser_challenge_simulation/models/banner_2/meshes/banner.obj
[0.530s] -- Up-to-date: /home/angelistao/laser_challenge_simulation/install/laser_challenge_simulation/share/laser_challenge_simulation/models/banner_2/meshes/materials
[0.530s] -- Up-to-date: /home/angelistao/laser_challenge_simulation/install/laser_challenge_simulation/share/laser_challenge_simulation/models/banner_2/meshes/materials/banner.jpeg
[0.530s] -- Up-to-date: /home/angelistao/laser_challenge_simulation/install/laser_challenge_simulation/share/laser_challenge_simulation/models/banner_2/meshes/materials/banner_2.jpeg
[0.530s] -- Up-to-date: /home/angelistao/laser_challenge_simulation/install/laser_challenge_simulation/share/laser_challenge_simulation/models/banner_2/meshes/materials/banner_1.jpeg
[0.531s] -- Up-to-date: /home/angelistao/laser_challenge_simulation/install/laser_challenge_simulation/share/laser_challenge_simulation/models/banner_2/meshes/banner.mtl
[0.531s] -- Up-to-date: /home/angelistao/laser_challenge_simulation/install/laser_challenge_simulation/share/laser_challenge_simulation/models/banner_2/model.sdf
[0.531s] -- Up-to-date: /home/angelistao/laser_challenge_simulation/install/laser_challenge_simulation/share/laser_challenge_simulation/models/box_B1
[0.531s] -- Up-to-date: /home/angelistao/laser_challenge_simulation/install/laser_challenge_simulation/share/laser_challenge_simulation/models/box_B1/model.config
[0.531s] -- Up-to-date: /home/angelistao/laser_challenge_simulation/install/laser_challenge_simulation/share/laser_challenge_simulation/models/box_B1/meshes
[0.531s] -- Up-to-date: /home/angelistao/laser_challenge_simulation/install/laser_challenge_simulation/share/laser_challenge_simulation/models/box_B1/meshes/codebar_box.mtl
[0.531s] -- Up-to-date: /home/angelistao/laser_challenge_simulation/install/laser_challenge_simulation/share/laser_challenge_simulation/models/box_B1/meshes/codebar_box.obj
[0.531s] -- Up-to-date: /home/angelistao/laser_challenge_simulation/install/laser_challenge_simulation/share/laser_challenge_simulation/models/box_B1/meshes/materials
[0.531s] -- Up-to-date: /home/angelistao/laser_challenge_simulation/install/laser_challenge_simulation/share/laser_challenge_simulation/models/box_B1/meshes/materials/layout-06.png
[0.532s] -- Up-to-date: /home/angelistao/laser_challenge_simulation/install/laser_challenge_simulation/share/laser_challenge_simulation/models/box_B1/model.sdf
[0.532s] -- Up-to-date: /home/angelistao/laser_challenge_simulation/install/laser_challenge_simulation/share/laser_challenge_simulation/models/box_C3
[0.532s] -- Up-to-date: /home/angelistao/laser_challenge_simulation/install/laser_challenge_simulation/share/laser_challenge_simulation/models/box_C3/model.config
[0.532s] -- Up-to-date: /home/angelistao/laser_challenge_simulation/install/laser_challenge_simulation/share/laser_challenge_simulation/models/box_C3/meshes
[0.532s] -- Up-to-date: /home/angelistao/laser_challenge_simulation/install/laser_challenge_simulation/share/laser_challenge_simulation/models/box_C3/meshes/codebar_box.mtl
[0.532s] -- Up-to-date: /home/angelistao/laser_challenge_simulation/install/laser_challenge_simulation/share/laser_challenge_simulation/models/box_C3/meshes/codebar_box.obj
[0.532s] -- Up-to-date: /home/angelistao/laser_challenge_simulation/install/laser_challenge_simulation/share/laser_challenge_simulation/models/box_C3/meshes/materials
[0.532s] -- Up-to-date: /home/angelistao/laser_challenge_simulation/install/laser_challenge_simulation/share/laser_challenge_simulation/models/box_C3/meshes/materials/layout-12.png
[0.532s] -- Up-to-date: /home/angelistao/laser_challenge_simulation/install/laser_challenge_simulation/share/laser_challenge_simulation/models/box_C3/model.sdf
[0.532s] -- Up-to-date: /home/angelistao/laser_challenge_simulation/install/laser_challenge_simulation/share/laser_challenge_simulation/models/measure_gas_high_base_left
[0.532s] -- Up-to-date: /home/angelistao/laser_challenge_simulation/install/laser_challenge_simulation/share/laser_challenge_simulation/models/measure_gas_high_base_left/model.config
[0.533s] -- Up-to-date: /home/angelistao/laser_challenge_simulation/install/laser_challenge_simulation/share/laser_challenge_simulation/models/measure_gas_high_base_left/meshes
[0.533s] -- Up-to-date: /home/angelistao/laser_challenge_simulation/install/laser_challenge_simulation/share/laser_challenge_simulation/models/measure_gas_high_base_left/meshes/measure_gas_high_base_left.obj
[0.533s] -- Up-to-date: /home/angelistao/laser_challenge_simulation/install/laser_challenge_simulation/share/laser_challenge_simulation/models/measure_gas_high_base_left/meshes/measure_gas_high_base_left.mtl
[0.533s] -- Up-to-date: /home/angelistao/laser_challenge_simulation/install/laser_challenge_simulation/share/laser_challenge_simulation/models/measure_gas_high_base_left/meshes/materials
[0.533s] -- Up-to-date: /home/angelistao/laser_challenge_simulation/install/laser_challenge_simulation/share/laser_challenge_simulation/models/measure_gas_high_base_left/meshes/materials/gas measure.eps
[0.533s] -- Up-to-date: /home/angelistao/laser_challenge_simulation/install/laser_challenge_simulation/share/laser_challenge_simulation/models/measure_gas_high_base_left/meshes/materials/warp.png
[0.533s] -- Up-to-date: /home/angelistao/laser_challenge_simulation/install/laser_challenge_simulation/share/laser_challenge_simulation/models/measure_gas_high_base_left/meshes/materials/A_Prancheta_1.png
[0.533s] -- Up-to-date: /home/angelistao/laser_challenge_simulation/install/laser_challenge_simulation/share/laser_challenge_simulation/models/measure_gas_high_base_left/model.sdf
[0.533s] -- Up-to-date: /home/angelistao/laser_challenge_simulation/install/laser_challenge_simulation/share/laser_challenge_simulation/models/box_C1
[0.533s] -- Up-to-date: /home/angelistao/laser_challenge_simulation/install/laser_challenge_simulation/share/laser_challenge_simulation/models/box_C1/model.config
[0.533s] -- Up-to-date: /home/angelistao/laser_challenge_simulation/install/laser_challenge_simulation/share/laser_challenge_simulation/models/box_C1/meshes
[0.534s] -- Up-to-date: /home/angelistao/laser_challenge_simulation/install/laser_challenge_simulation/share/laser_challenge_simulation/models/box_C1/meshes/codebar_box.mtl
[0.534s] -- Up-to-date: /home/angelistao/laser_challenge_simulation/install/laser_challenge_simulation/share/laser_challenge_simulation/models/box_C1/meshes/codebar_box.obj
[0.534s] -- Up-to-date: /home/angelistao/laser_challenge_simulation/install/laser_challenge_simulation/share/laser_challenge_simulation/models/box_C1/meshes/materials
[0.534s] -- Up-to-date: /home/angelistao/laser_challenge_simulation/install/laser_challenge_simulation/share/laser_challenge_simulation/models/box_C1/meshes/materials/layout-10.png
[0.534s] -- Up-to-date: /home/angelistao/laser_challenge_simulation/install/laser_challenge_simulation/share/laser_challenge_simulation/models/box_C1/model.sdf
[0.534s] -- Up-to-date: /home/angelistao/laser_challenge_simulation/install/laser_challenge_simulation/share/laser_challenge_simulation/models/landing_platform_movel
[0.534s] -- Up-to-date: /home/angelistao/laser_challenge_simulation/install/laser_challenge_simulation/share/laser_challenge_simulation/models/landing_platform_movel/model.config
[0.534s] -- Up-to-date: /home/angelistao/laser_challenge_simulation/install/laser_challenge_simulation/share/laser_challenge_simulation/models/landing_platform_movel/meshes
[0.534s] -- Up-to-date: /home/angelistao/laser_challenge_simulation/install/laser_challenge_simulation/share/laser_challenge_simulation/models/landing_platform_movel/meshes/landing_platform.obj
[0.535s] -- Up-to-date: /home/angelistao/laser_challenge_simulation/install/laser_challenge_simulation/share/laser_challenge_simulation/models/landing_platform_movel/meshes/landing_platform.mtl
[0.535s] -- Up-to-date: /home/angelistao/laser_challenge_simulation/install/laser_challenge_simulation/share/laser_challenge_simulation/models/landing_platform_movel/model.sdf
[0.535s] -- Up-to-date: /home/angelistao/laser_challenge_simulation/install/laser_challenge_simulation/share/laser_challenge_simulation/models/box_B2
[0.535s] -- Up-to-date: /home/angelistao/laser_challenge_simulation/install/laser_challenge_simulation/share/laser_challenge_simulation/models/box_B2/model.config
[0.535s] -- Up-to-date: /home/angelistao/laser_challenge_simulation/install/laser_challenge_simulation/share/laser_challenge_simulation/models/box_B2/meshes
[0.535s] -- Up-to-date: /home/angelistao/laser_challenge_simulation/install/laser_challenge_simulation/share/laser_challenge_simulation/models/box_B2/meshes/codebar_box.mtl
[0.535s] -- Up-to-date: /home/angelistao/laser_challenge_simulation/install/laser_challenge_simulation/share/laser_challenge_simulation/models/box_B2/meshes/codebar_box.obj
[0.535s] -- Up-to-date: /home/angelistao/laser_challenge_simulation/install/laser_challenge_simulation/share/laser_challenge_simulation/models/box_B2/meshes/materials
[0.535s] -- Up-to-date: /home/angelistao/laser_challenge_simulation/install/laser_challenge_simulation/share/laser_challenge_simulation/models/box_B2/meshes/materials/layout-07.png
[0.535s] -- Up-to-date: /home/angelistao/laser_challenge_simulation/install/laser_challenge_simulation/share/laser_challenge_simulation/models/box_B2/model.sdf
[0.536s] -- Up-to-date: /home/angelistao/laser_challenge_simulation/install/laser_challenge_simulation/share/laser_challenge_simulation/models/arena_spawn
[0.536s] -- Up-to-date: /home/angelistao/laser_challenge_simulation/install/laser_challenge_simulation/share/laser_challenge_simulation/models/arena_spawn/model.config
[0.536s] -- Up-to-date: /home/angelistao/laser_challenge_simulation/install/laser_challenge_simulation/share/laser_challenge_simulation/models/arena_spawn/meshes
[0.536s] -- Up-to-date: /home/angelistao/laser_challenge_simulation/install/laser_challenge_simulation/share/laser_challenge_simulation/models/arena_spawn/meshes/banner.jpeg
[0.536s] -- Up-to-date: /home/angelistao/laser_challenge_simulation/install/laser_challenge_simulation/share/laser_challenge_simulation/models/arena_spawn/meshes/Arena_cost.mtl
[0.536s] -- Up-to-date: /home/angelistao/laser_challenge_simulation/install/laser_challenge_simulation/share/laser_challenge_simulation/models/arena_spawn/meshes/Arena_old.obj
[0.536s] -- Up-to-date: /home/angelistao/laser_challenge_simulation/install/laser_challenge_simulation/share/laser_challenge_simulation/models/arena_spawn/meshes/pilar.mtl
[0.536s] -- Up-to-date: /home/angelistao/laser_challenge_simulation/install/laser_challenge_simulation/share/laser_challenge_simulation/models/arena_spawn/meshes/high_base_right.mtl
[0.536s] -- Up-to-date: /home/angelistao/laser_challenge_simulation/install/laser_challenge_simulation/share/laser_challenge_simulation/models/arena_spawn/meshes/net.mtl
[0.536s] -- Up-to-date: /home/angelistao/laser_challenge_simulation/install/laser_challenge_simulation/share/laser_challenge_simulation/models/arena_spawn/meshes/high_base_left.obj
[0.536s] -- Up-to-date: /home/angelistao/laser_challenge_simulation/install/laser_challenge_simulation/share/laser_challenge_simulation/models/arena_spawn/meshes/Arena.mtl
[0.537s] -- Up-to-date: /home/angelistao/laser_challenge_simulation/install/laser_challenge_simulation/share/laser_challenge_simulation/models/arena_spawn/meshes/net.obj
[0.537s] -- Up-to-date: /home/angelistao/laser_challenge_simulation/install/laser_challenge_simulation/share/laser_challenge_simulation/models/arena_spawn/meshes/Arena_old.mtl
[0.537s] -- Up-to-date: /home/angelistao/laser_challenge_simulation/install/laser_challenge_simulation/share/laser_challenge_simulation/models/arena_spawn/meshes/Arena_cost.obj
[0.537s] -- Up-to-date: /home/angelistao/laser_challenge_simulation/install/laser_challenge_simulation/share/laser_challenge_simulation/models/arena_spawn/meshes/pilar.obj
[0.537s] -- Up-to-date: /home/angelistao/laser_challenge_simulation/install/laser_challenge_simulation/share/laser_challenge_simulation/models/arena_spawn/meshes/high_base_right.obj
[0.537s] -- Up-to-date: /home/angelistao/laser_challenge_simulation/install/laser_challenge_simulation/share/laser_challenge_simulation/models/arena_spawn/meshes/Arena.obj
[0.537s] -- Up-to-date: /home/angelistao/laser_challenge_simulation/install/laser_challenge_simulation/share/laser_challenge_simulation/models/arena_spawn/meshes/high_base_left.mtl
[0.537s] -- Up-to-date: /home/angelistao/laser_challenge_simulation/install/laser_challenge_simulation/share/laser_challenge_simulation/models/arena_spawn/model.sdf
[0.537s] -- Up-to-date: /home/angelistao/laser_challenge_simulation/install/laser_challenge_simulation/share/laser_challenge_simulation/worlds
[0.537s] -- Up-to-date: /home/angelistao/laser_challenge_simulation/install/laser_challenge_simulation/share/laser_challenge_simulation/worlds/stage_five.world
[0.537s] -- Up-to-date: /home/angelistao/laser_challenge_simulation/install/laser_challenge_simulation/share/laser_challenge_simulation/worlds/stage_vision.world
[0.537s] -- Up-to-date: /home/angelistao/laser_challenge_simulation/install/laser_challenge_simulation/share/laser_challenge_simulation/worlds/vision_ia.world
[0.538s] -- Up-to-date: /home/angelistao/laser_challenge_simulation/install/laser_challenge_simulation/share/laser_challenge_simulation/worlds/stage_one.world
[0.538s] -- Up-to-date: /home/angelistao/laser_challenge_simulation/install/laser_challenge_simulation/share/laser_challenge_simulation/worlds/stage_two.world
[0.538s] -- Up-to-date: /home/angelistao/laser_challenge_simulation/install/laser_challenge_simulation/share/laser_challenge_simulation/worlds/stage_three.world
[0.538s] -- Up-to-date: /home/angelistao/laser_challenge_simulation/install/laser_challenge_simulation/share/laser_challenge_simulation/worlds/stage_four.world
[0.538s] -- Up-to-date: /home/angelistao/laser_challenge_simulation/install/laser_challenge_simulation/share/laser_challenge_simulation/launch
[0.538s] -- Up-to-date: /home/angelistao/laser_challenge_simulation/install/laser_challenge_simulation/share/laser_challenge_simulation/launch/challenge_world.launch
[0.538s] -- Up-to-date: /home/angelistao/laser_challenge_simulation/install/laser_challenge_simulation/share/laser_challenge_simulation/launch/challenge_world_.launch
[0.538s] -- Up-to-date: /home/angelistao/laser_challenge_simulation/install/laser_challenge_simulation/share/laser_challenge_simulation/launch/vision_world.launch
[0.538s] -- Installing: /home/angelistao/laser_challenge_simulation/install/laser_challenge_simulation/share/laser_challenge_simulation/launch/challenge.launch.py
[0.538s] -- Up-to-date: /home/angelistao/laser_challenge_simulation/install/laser_challenge_simulation/share/laser_challenge_simulation/launch/height_estimator_test.launch
[0.539s] -- Up-to-date: /home/angelistao/laser_challenge_simulation/install/laser_challenge_simulation/share/ament_index/resource_index/package_run_dependencies/laser_challenge_simulation
[0.539s] -- Up-to-date: /home/angelistao/laser_challenge_simulation/install/laser_challenge_simulation/share/ament_index/resource_index/parent_prefix_path/laser_challenge_simulation
[0.539s] -- Installing: /home/angelistao/laser_challenge_simulation/install/laser_challenge_simulation/share/laser_challenge_simulation/environment/ament_prefix_path.sh
[0.539s] -- Installing: /home/angelistao/laser_challenge_simulation/install/laser_challenge_simulation/share/laser_challenge_simulation/environment/ament_prefix_path.dsv
[0.539s] -- Installing: /home/angelistao/laser_challenge_simulation/install/laser_challenge_simulation/share/laser_challenge_simulation/environment/path.sh
[0.539s] -- Installing: /home/angelistao/laser_challenge_simulation/install/laser_challenge_simulation/share/laser_challenge_simulation/environment/path.dsv
[0.539s] -- Up-to-date: /home/angelistao/laser_challenge_simulation/install/laser_challenge_simulation/share/laser_challenge_simulation/local_setup.bash
[0.539s] -- Up-to-date: /home/angelistao/laser_challenge_simulation/install/laser_challenge_simulation/share/laser_challenge_simulation/local_setup.sh
[0.539s] -- Up-to-date: /home/angelistao/laser_challenge_simulation/install/laser_challenge_simulation/share/laser_challenge_simulation/local_setup.zsh
[0.539s] -- Installing: /home/angelistao/laser_challenge_simulation/install/laser_challenge_simulation/share/laser_challenge_simulation/local_setup.dsv
[0.539s] -- Installing: /home/angelistao/laser_challenge_simulation/install/laser_challenge_simulation/share/laser_challenge_simulation/package.dsv
[0.540s] -- Up-to-date: /home/angelistao/laser_challenge_simulation/install/laser_challenge_simulation/share/ament_index/resource_index/packages/laser_challenge_simulation
[0.540s] -- Up-to-date: /home/angelistao/laser_challenge_simulation/install/laser_challenge_simulation/share/laser_challenge_simulation/cmake/laser_challenge_simulationConfig.cmake
[0.540s] -- Up-to-date: /home/angelistao/laser_challenge_simulation/install/laser_challenge_simulation/share/laser_challenge_simulation/cmake/laser_challenge_simulationConfig-version.cmake
[0.540s] -- Up-to-date: /home/angelistao/laser_challenge_simulation/install/laser_challenge_simulation/share/laser_challenge_simulation/package.xml
[0.540s] Invoked command in '/home/angelistao/laser_challenge_simulation/build/laser_challenge_simulation' returned '0': CMAKE_PREFIX_PATH=/opt/ros/humble /usr/bin/cmake --install /home/angelistao/laser_challenge_simulation/build/laser_challenge_simulation
