[0.020s] Invoking command in '/home/angelistao/laser_challenge_simulation/build/laser_challenge_simulation': CMAKE_PREFIX_PATH=/opt/ros/humble /usr/bin/cmake --build /home/angelistao/laser_challenge_simulation/build/laser_challenge_simulation -- -j8 -l8
[0.139s] -- Found ament_cmake: 1.3.12 (/opt/ros/humble/share/ament_cmake/cmake)
[0.296s] -- Found rclpy: 3.3.19 (/opt/ros/humble/share/rclpy/cmake)
[0.300s] -- Found ros_gz_interfaces: 0.244.20 (/opt/ros/humble/share/ros_gz_interfaces/cmake)
[0.347s] -- Found rosidl_generator_c: 3.1.8 (/opt/ros/humble/share/rosidl_generator_c/cmake)
[0.350s] -- Found rosidl_adapter: 3.1.8 (/opt/ros/humble/share/rosidl_adapter/cmake)
[0.361s] -- Found rosidl_generator_cpp: 3.1.8 (/opt/ros/humble/share/rosidl_generator_cpp/cmake)
[0.384s] -- Using all available rosidl_typesupport_c: rosidl_typesupport_fastrtps_c;rosidl_typesupport_introspection_c
[0.407s] -- Using all available rosidl_typesupport_cpp: rosidl_typesupport_fastrtps_cpp;rosidl_typesupport_introspection_cpp
[0.500s] -- Found ros_gz_sim: 0.244.20 (/opt/ros/humble/share/ros_gz_sim/cmake)
[0.552s] -- Found rmw_implementation_cmake: 6.1.2 (/opt/ros/humble/share/rmw_implementation_cmake/cmake)
[0.556s] -- Found rmw_fastrtps_cpp: 6.2.9 (/opt/ros/humble/share/rmw_fastrtps_cpp/cmake)
[0.666s] -- Found OpenSSL: /usr/lib/x86_64-linux-gnu/libcrypto.so (found version "3.0.2")  
[0.696s] -- Found FastRTPS: /opt/ros/humble/include  
[0.744s] -- Using RMW implementation 'rmw_fastrtps_cpp' as default
[0.758s] -- Looking for pthread.h
[1.101s] -- Looking for pthread.h - found
[1.101s] -- Performing Test CMAKE_HAVE_LIBC_PTHREAD
[1.186s] -- Performing Test CMAKE_HAVE_LIBC_PTHREAD - Success
[1.187s] -- Found Threads: TRUE  
[1.330s] -- Configuring done
[1.337s] -- Generating done
[1.341s] -- Build files have been written to: /home/angelistao/laser_challenge_simulation/build/laser_challenge_simulation
[1.366s] Invoked command in '/home/angelistao/laser_challenge_simulation/build/laser_challenge_simulation' returned '0': CMAKE_PREFIX_PATH=/opt/ros/humble /usr/bin/cmake --build /home/angelistao/laser_challenge_simulation/build/laser_challenge_simulation -- -j8 -l8
[1.375s] Invoking command in '/home/angelistao/laser_challenge_simulation/build/laser_challenge_simulation': CMAKE_PREFIX_PATH=/opt/ros/humble /usr/bin/cmake --install /home/angelistao/laser_challenge_simulation/build/laser_challenge_simulation
[1.382s] -- Install configuration: ""
[1.382s] -- Up-to-date: /home/angelistao/laser_challenge_simulation/install/laser_challenge_simulation/lib/laser_challenge_simulation/base_spawner.py
[1.382s] -- Up-to-date: /home/angelistao/laser_challenge_simulation/install/laser_challenge_simulation/share/laser_challenge_simulation/models
[1.382s] -- Up-to-date: /home/angelistao/laser_challenge_simulation/install/laser_challenge_simulation/share/laser_challenge_simulation/models/qrcode_box_b
[1.383s] -- Up-to-date: /home/angelistao/laser_challenge_simulation/install/laser_challenge_simulation/share/laser_challenge_simulation/models/qrcode_box_b/model.config
[1.383s] -- Up-to-date: /home/angelistao/laser_challenge_simulation/install/laser_challenge_simulation/share/laser_challenge_simulation/models/qrcode_box_b/meshes
[1.383s] -- Up-to-date: /home/angelistao/laser_challenge_simulation/install/laser_challenge_simulation/share/laser_challenge_simulation/models/qrcode_box_b/meshes/qrcode_box_b.mtl
[1.383s] -- Up-to-date: /home/angelistao/laser_challenge_simulation/install/laser_challenge_simulation/share/laser_challenge_simulation/models/qrcode_box_b/meshes/qrcode_box_b.obj
[1.383s] -- Up-to-date: /home/angelistao/laser_challenge_simulation/install/laser_challenge_simulation/share/laser_challenge_simulation/models/qrcode_box_b/meshes/materials
[1.384s] -- Up-to-date: /home/angelistao/laser_challenge_simulation/install/laser_challenge_simulation/share/laser_challenge_simulation/models/qrcode_box_b/meshes/materials/warp.png
[1.384s] -- Up-to-date: /home/angelistao/laser_challenge_simulation/install/laser_challenge_simulation/share/laser_challenge_simulation/models/qrcode_box_b/meshes/materials/B.ai
[1.384s] -- Up-to-date: /home/angelistao/laser_challenge_simulation/install/laser_challenge_simulation/share/laser_challenge_simulation/models/qrcode_box_b/meshes/materials/B.png
[1.384s] -- Up-to-date: /home/angelistao/laser_challenge_simulation/install/laser_challenge_simulation/share/laser_challenge_simulation/models/qrcode_box_b/model.sdf
[1.384s] -- Up-to-date: /home/angelistao/laser_challenge_simulation/install/laser_challenge_simulation/share/laser_challenge_simulation/models/box_D3
[1.384s] -- Up-to-date: /home/angelistao/laser_challenge_simulation/install/laser_challenge_simulation/share/laser_challenge_simulation/models/box_D3/model.config
[1.384s] -- Up-to-date: /home/angelistao/laser_challenge_simulation/install/laser_challenge_simulation/share/laser_challenge_simulation/models/box_D3/meshes
[1.384s] -- Up-to-date: /home/angelistao/laser_challenge_simulation/install/laser_challenge_simulation/share/laser_challenge_simulation/models/box_D3/meshes/codebar_box.mtl
[1.384s] -- Up-to-date: /home/angelistao/laser_challenge_simulation/install/laser_challenge_simulation/share/laser_challenge_simulation/models/box_D3/meshes/codebar_box.obj
[1.384s] -- Up-to-date: /home/angelistao/laser_challenge_simulation/install/laser_challenge_simulation/share/laser_challenge_simulation/models/box_D3/meshes/materials
[1.384s] -- Up-to-date: /home/angelistao/laser_challenge_simulation/install/laser_challenge_simulation/share/laser_challenge_simulation/models/box_D3/meshes/materials/layout-16.png
[1.384s] -- Up-to-date: /home/angelistao/laser_challenge_simulation/install/laser_challenge_simulation/share/laser_challenge_simulation/models/box_D3/model.sdf
[1.384s] -- Up-to-date: /home/angelistao/laser_challenge_simulation/install/laser_challenge_simulation/share/laser_challenge_simulation/models/takeoff_platform
[1.384s] -- Up-to-date: /home/angelistao/laser_challenge_simulation/install/laser_challenge_simulation/share/laser_challenge_simulation/models/takeoff_platform/model.config
[1.384s] -- Up-to-date: /home/angelistao/laser_challenge_simulation/install/laser_challenge_simulation/share/laser_challenge_simulation/models/takeoff_platform/meshes
[1.385s] -- Up-to-date: /home/angelistao/laser_challenge_simulation/install/laser_challenge_simulation/share/laser_challenge_simulation/models/takeoff_platform/meshes/takeoff_platform.obj
[1.385s] -- Up-to-date: /home/angelistao/laser_challenge_simulation/install/laser_challenge_simulation/share/laser_challenge_simulation/models/takeoff_platform/meshes/takeoff_platform.mtl
[1.385s] -- Up-to-date: /home/angelistao/laser_challenge_simulation/install/laser_challenge_simulation/share/laser_challenge_simulation/models/takeoff_platform/model.sdf
[1.385s] -- Up-to-date: /home/angelistao/laser_challenge_simulation/install/laser_challenge_simulation/share/laser_challenge_simulation/models/measure_gas_land_base
[1.385s] -- Up-to-date: /home/angelistao/laser_challenge_simulation/install/laser_challenge_simulation/share/laser_challenge_simulation/models/measure_gas_land_base/model.config
[1.385s] -- Up-to-date: /home/angelistao/laser_challenge_simulation/install/laser_challenge_simulation/share/laser_challenge_simulation/models/measure_gas_land_base/meshes
[1.385s] -- Up-to-date: /home/angelistao/laser_challenge_simulation/install/laser_challenge_simulation/share/laser_challenge_simulation/models/measure_gas_land_base/meshes/measure_gas_land_base.mtl
[1.385s] -- Up-to-date: /home/angelistao/laser_challenge_simulation/install/laser_challenge_simulation/share/laser_challenge_simulation/models/measure_gas_land_base/meshes/materials
[1.385s] -- Up-to-date: /home/angelistao/laser_challenge_simulation/install/laser_challenge_simulation/share/laser_challenge_simulation/models/measure_gas_land_base/meshes/materials/B_Prancheta_1.png
[1.385s] -- Up-to-date: /home/angelistao/laser_challenge_simulation/install/laser_challenge_simulation/share/laser_challenge_simulation/models/measure_gas_land_base/meshes/materials/D_Prancheta_1.png
[1.385s] -- Up-to-date: /home/angelistao/laser_challenge_simulation/install/laser_challenge_simulation/share/laser_challenge_simulation/models/measure_gas_land_base/meshes/materials/gas measure.eps
[1.385s] -- Up-to-date: /home/angelistao/laser_challenge_simulation/install/laser_challenge_simulation/share/laser_challenge_simulation/models/measure_gas_land_base/meshes/materials/warp.png
[1.385s] -- Up-to-date: /home/angelistao/laser_challenge_simulation/install/laser_challenge_simulation/share/laser_challenge_simulation/models/measure_gas_land_base/meshes/materials/gas measure.ai
[1.385s] -- Up-to-date: /home/angelistao/laser_challenge_simulation/install/laser_challenge_simulation/share/laser_challenge_simulation/models/measure_gas_land_base/meshes/measure_gas_land_base.obj
[1.385s] -- Up-to-date: /home/angelistao/laser_challenge_simulation/install/laser_challenge_simulation/share/laser_challenge_simulation/models/measure_gas_land_base/model.sdf
[1.386s] -- Up-to-date: /home/angelistao/laser_challenge_simulation/install/laser_challenge_simulation/share/laser_challenge_simulation/models/banner
[1.386s] -- Up-to-date: /home/angelistao/laser_challenge_simulation/install/laser_challenge_simulation/share/laser_challenge_simulation/models/banner/model.config
[1.386s] -- Up-to-date: /home/angelistao/laser_challenge_simulation/install/laser_challenge_simulation/share/laser_challenge_simulation/models/banner/meshes
[1.386s] -- Up-to-date: /home/angelistao/laser_challenge_simulation/install/laser_challenge_simulation/share/laser_challenge_simulation/models/banner/meshes/banner.obj
[1.386s] -- Up-to-date: /home/angelistao/laser_challenge_simulation/install/laser_challenge_simulation/share/laser_challenge_simulation/models/banner/meshes/materials
[1.386s] -- Up-to-date: /home/angelistao/laser_challenge_simulation/install/laser_challenge_simulation/share/laser_challenge_simulation/models/banner/meshes/materials/banner.jpeg
[1.386s] -- Up-to-date: /home/angelistao/laser_challenge_simulation/install/laser_challenge_simulation/share/laser_challenge_simulation/models/banner/meshes/materials/banner_1.jpeg
[1.386s] -- Up-to-date: /home/angelistao/laser_challenge_simulation/install/laser_challenge_simulation/share/laser_challenge_simulation/models/banner/meshes/materials/banner_3.jpeg
[1.386s] -- Up-to-date: /home/angelistao/laser_challenge_simulation/install/laser_challenge_simulation/share/laser_challenge_simulation/models/banner/meshes/banner.mtl
[1.386s] -- Installing: /home/angelistao/laser_challenge_simulation/install/laser_challenge_simulation/share/laser_challenge_simulation/models/banner/model.sdf
[1.386s] -- Up-to-date: /home/angelistao/laser_challenge_simulation/install/laser_challenge_simulation/share/laser_challenge_simulation/models/box_D1
[1.386s] -- Up-to-date: /home/angelistao/laser_challenge_simulation/install/laser_challenge_simulation/share/laser_challenge_simulation/models/box_D1/model.config
[1.386s] -- Up-to-date: /home/angelistao/laser_challenge_simulation/install/laser_challenge_simulation/share/laser_challenge_simulation/models/box_D1/meshes
[1.386s] -- Up-to-date: /home/angelistao/laser_challenge_simulation/install/laser_challenge_simulation/share/laser_challenge_simulation/models/box_D1/meshes/codebar_box.mtl
[1.386s] -- Up-to-date: /home/angelistao/laser_challenge_simulation/install/laser_challenge_simulation/share/laser_challenge_simulation/models/box_D1/meshes/codebar_box.obj
[1.387s] -- Up-to-date: /home/angelistao/laser_challenge_simulation/install/laser_challenge_simulation/share/laser_challenge_simulation/models/box_D1/meshes/materials
[1.387s] -- Up-to-date: /home/angelistao/laser_challenge_simulation/install/laser_challenge_simulation/share/laser_challenge_simulation/models/box_D1/meshes/materials/layout-14.png
[1.387s] -- Up-to-date: /home/angelistao/laser_challenge_simulation/install/laser_challenge_simulation/share/laser_challenge_simulation/models/box_D1/model.sdf
[1.387s] -- Up-to-date: /home/angelistao/laser_challenge_simulation/install/laser_challenge_simulation/share/laser_challenge_simulation/models/unit_box
[1.387s] -- Up-to-date: /home/angelistao/laser_challenge_simulation/install/laser_challenge_simulation/share/laser_challenge_simulation/models/unit_box/model.config
[1.387s] -- Up-to-date: /home/angelistao/laser_challenge_simulation/install/laser_challenge_simulation/share/laser_challenge_simulation/models/unit_box/model.sdf
[1.387s] -- Up-to-date: /home/angelistao/laser_challenge_simulation/install/laser_challenge_simulation/share/laser_challenge_simulation/models/suspended_landing_platform
[1.387s] -- Up-to-date: /home/angelistao/laser_challenge_simulation/install/laser_challenge_simulation/share/laser_challenge_simulation/models/suspended_landing_platform/model.config
[1.387s] -- Up-to-date: /home/angelistao/laser_challenge_simulation/install/laser_challenge_simulation/share/laser_challenge_simulation/models/suspended_landing_platform/meshes
[1.387s] -- Up-to-date: /home/angelistao/laser_challenge_simulation/install/laser_challenge_simulation/share/laser_challenge_simulation/models/suspended_landing_platform/meshes/suspended_landing_platform.mtl
[1.387s] -- Up-to-date: /home/angelistao/laser_challenge_simulation/install/laser_challenge_simulation/share/laser_challenge_simulation/models/suspended_landing_platform/meshes/suspended_landing_platform.obj
[1.387s] -- Up-to-date: /home/angelistao/laser_challenge_simulation/install/laser_challenge_simulation/share/laser_challenge_simulation/models/suspended_landing_platform/model.sdf
[1.387s] -- Up-to-date: /home/angelistao/laser_challenge_simulation/install/laser_challenge_simulation/share/laser_challenge_simulation/models/box_A1
[1.388s] -- Up-to-date: /home/angelistao/laser_challenge_simulation/install/laser_challenge_simulation/share/laser_challenge_simulation/models/box_A1/model.config
[1.388s] -- Up-to-date: /home/angelistao/laser_challenge_simulation/install/laser_challenge_simulation/share/laser_challenge_simulation/models/box_A1/meshes
[1.388s] -- Up-to-date: /home/angelistao/laser_challenge_simulation/install/laser_challenge_simulation/share/laser_challenge_simulation/models/box_A1/meshes/codebar_box.mtl
[1.388s] -- Up-to-date: /home/angelistao/laser_challenge_simulation/install/laser_challenge_simulation/share/laser_challenge_simulation/models/box_A1/meshes/codebar_box.obj
[1.388s] -- Up-to-date: /home/angelistao/laser_challenge_simulation/install/laser_challenge_simulation/share/laser_challenge_simulation/models/box_A1/meshes/materials
[1.388s] -- Up-to-date: /home/angelistao/laser_challenge_simulation/install/laser_challenge_simulation/share/laser_challenge_simulation/models/box_A1/meshes/materials/layout-02.png
[1.388s] -- Up-to-date: /home/angelistao/laser_challenge_simulation/install/laser_challenge_simulation/share/laser_challenge_simulation/models/box_A1/model.sdf
[1.388s] -- Up-to-date: /home/angelistao/laser_challenge_simulation/install/laser_challenge_simulation/share/laser_challenge_simulation/models/box_D0
[1.388s] -- Up-to-date: /home/angelistao/laser_challenge_simulation/install/laser_challenge_simulation/share/laser_challenge_simulation/models/box_D0/model.config
[1.388s] -- Up-to-date: /home/angelistao/laser_challenge_simulation/install/laser_challenge_simulation/share/laser_challenge_simulation/models/box_D0/meshes
[1.388s] -- Up-to-date: /home/angelistao/laser_challenge_simulation/install/laser_challenge_simulation/share/laser_challenge_simulation/models/box_D0/meshes/codebar_box.mtl
[1.388s] -- Up-to-date: /home/angelistao/laser_challenge_simulation/install/laser_challenge_simulation/share/laser_challenge_simulation/models/box_D0/meshes/codebar_box.obj
[1.388s] -- Up-to-date: /home/angelistao/laser_challenge_simulation/install/laser_challenge_simulation/share/laser_challenge_simulation/models/box_D0/meshes/materials
[1.388s] -- Up-to-date: /home/angelistao/laser_challenge_simulation/install/laser_challenge_simulation/share/laser_challenge_simulation/models/box_D0/meshes/materials/layout-13.png
[1.388s] -- Up-to-date: /home/angelistao/laser_challenge_simulation/install/laser_challenge_simulation/share/laser_challenge_simulation/models/box_D0/model.sdf
[1.388s] -- Up-to-date: /home/angelistao/laser_challenge_simulation/install/laser_challenge_simulation/share/laser_challenge_simulation/models/box_A0
[1.389s] -- Up-to-date: /home/angelistao/laser_challenge_simulation/install/laser_challenge_simulation/share/laser_challenge_simulation/models/box_A0/model.config
[1.389s] -- Up-to-date: /home/angelistao/laser_challenge_simulation/install/laser_challenge_simulation/share/laser_challenge_simulation/models/box_A0/meshes
[1.389s] -- Up-to-date: /home/angelistao/laser_challenge_simulation/install/laser_challenge_simulation/share/laser_challenge_simulation/models/box_A0/meshes/codebar_box.mtl
[1.389s] -- Up-to-date: /home/angelistao/laser_challenge_simulation/install/laser_challenge_simulation/share/laser_challenge_simulation/models/box_A0/meshes/codebar_box.obj
[1.389s] -- Up-to-date: /home/angelistao/laser_challenge_simulation/install/laser_challenge_simulation/share/laser_challenge_simulation/models/box_A0/meshes/materials
[1.389s] -- Up-to-date: /home/angelistao/laser_challenge_simulation/install/laser_challenge_simulation/share/laser_challenge_simulation/models/box_A0/meshes/materials/layout-01.png
[1.389s] -- Up-to-date: /home/angelistao/laser_challenge_simulation/install/laser_challenge_simulation/share/laser_challenge_simulation/models/box_A0/model.sdf
[1.389s] -- Up-to-date: /home/angelistao/laser_challenge_simulation/install/laser_challenge_simulation/share/laser_challenge_simulation/models/pipe
[1.389s] -- Up-to-date: /home/angelistao/laser_challenge_simulation/install/laser_challenge_simulation/share/laser_challenge_simulation/models/pipe/model.config
[1.389s] -- Up-to-date: /home/angelistao/laser_challenge_simulation/install/laser_challenge_simulation/share/laser_challenge_simulation/models/pipe/meshes
[1.389s] -- Up-to-date: /home/angelistao/laser_challenge_simulation/install/laser_challenge_simulation/share/laser_challenge_simulation/models/pipe/meshes/pipe.obj
[1.389s] -- Up-to-date: /home/angelistao/laser_challenge_simulation/install/laser_challenge_simulation/share/laser_challenge_simulation/models/pipe/meshes/pipe.mtl
[1.389s] -- Up-to-date: /home/angelistao/laser_challenge_simulation/install/laser_challenge_simulation/share/laser_challenge_simulation/models/pipe/model.sdf
[1.389s] -- Up-to-date: /home/angelistao/laser_challenge_simulation/install/laser_challenge_simulation/share/laser_challenge_simulation/models/qrcode_box_c
[1.389s] -- Up-to-date: /home/angelistao/laser_challenge_simulation/install/laser_challenge_simulation/share/laser_challenge_simulation/models/qrcode_box_c/model.config
[1.390s] -- Up-to-date: /home/angelistao/laser_challenge_simulation/install/laser_challenge_simulation/share/laser_challenge_simulation/models/qrcode_box_c/meshes
[1.390s] -- Up-to-date: /home/angelistao/laser_challenge_simulation/install/laser_challenge_simulation/share/laser_challenge_simulation/models/qrcode_box_c/meshes/qrcode_box_c.obj
[1.390s] -- Up-to-date: /home/angelistao/laser_challenge_simulation/install/laser_challenge_simulation/share/laser_challenge_simulation/models/qrcode_box_c/meshes/materials
[1.390s] -- Up-to-date: /home/angelistao/laser_challenge_simulation/install/laser_challenge_simulation/share/laser_challenge_simulation/models/qrcode_box_c/meshes/materials/warp.png
[1.390s] -- Up-to-date: /home/angelistao/laser_challenge_simulation/install/laser_challenge_simulation/share/laser_challenge_simulation/models/qrcode_box_c/meshes/materials/C.ai
[1.390s] -- Up-to-date: /home/angelistao/laser_challenge_simulation/install/laser_challenge_simulation/share/laser_challenge_simulation/models/qrcode_box_c/meshes/materials/C.png
[1.390s] -- Up-to-date: /home/angelistao/laser_challenge_simulation/install/laser_challenge_simulation/share/laser_challenge_simulation/models/qrcode_box_c/meshes/qrcode_box_c.mtl
[1.390s] -- Up-to-date: /home/angelistao/laser_challenge_simulation/install/laser_challenge_simulation/share/laser_challenge_simulation/models/qrcode_box_c/model.sdf
[1.390s] -- Up-to-date: /home/angelistao/laser_challenge_simulation/install/laser_challenge_simulation/share/laser_challenge_simulation/models/box_C2
[1.390s] -- Up-to-date: /home/angelistao/laser_challenge_simulation/install/laser_challenge_simulation/share/laser_challenge_simulation/models/box_C2/model.config
[1.390s] -- Up-to-date: /home/angelistao/laser_challenge_simulation/install/laser_challenge_simulation/share/laser_challenge_simulation/models/box_C2/meshes
[1.390s] -- Up-to-date: /home/angelistao/laser_challenge_simulation/install/laser_challenge_simulation/share/laser_challenge_simulation/models/box_C2/meshes/codebar_box.mtl
[1.390s] -- Up-to-date: /home/angelistao/laser_challenge_simulation/install/laser_challenge_simulation/share/laser_challenge_simulation/models/box_C2/meshes/codebar_box.obj
[1.390s] -- Up-to-date: /home/angelistao/laser_challenge_simulation/install/laser_challenge_simulation/share/laser_challenge_simulation/models/box_C2/meshes/materials
[1.391s] -- Up-to-date: /home/angelistao/laser_challenge_simulation/install/laser_challenge_simulation/share/laser_challenge_simulation/models/box_C2/meshes/materials/layout-11.png
[1.391s] -- Up-to-date: /home/angelistao/laser_challenge_simulation/install/laser_challenge_simulation/share/laser_challenge_simulation/models/box_C2/model.sdf
[1.391s] -- Up-to-date: /home/angelistao/laser_challenge_simulation/install/laser_challenge_simulation/share/laser_challenge_simulation/models/barcode_shelf
[1.391s] -- Up-to-date: /home/angelistao/laser_challenge_simulation/install/laser_challenge_simulation/share/laser_challenge_simulation/models/barcode_shelf/model.config
[1.391s] -- Up-to-date: /home/angelistao/laser_challenge_simulation/install/laser_challenge_simulation/share/laser_challenge_simulation/models/barcode_shelf/meshes
[1.391s] -- Up-to-date: /home/angelistao/laser_challenge_simulation/install/laser_challenge_simulation/share/laser_challenge_simulation/models/barcode_shelf/meshes/barcode_shelf.obj
[1.391s] -- Up-to-date: /home/angelistao/laser_challenge_simulation/install/laser_challenge_simulation/share/laser_challenge_simulation/models/barcode_shelf/meshes/material
[1.391s] -- Up-to-date: /home/angelistao/laser_challenge_simulation/install/laser_challenge_simulation/share/laser_challenge_simulation/models/barcode_shelf/meshes/material/layout-05.png
[1.391s] -- Up-to-date: /home/angelistao/laser_challenge_simulation/install/laser_challenge_simulation/share/laser_challenge_simulation/models/barcode_shelf/meshes/material/layout-11.png
[1.391s] -- Up-to-date: /home/angelistao/laser_challenge_simulation/install/laser_challenge_simulation/share/laser_challenge_simulation/models/barcode_shelf/meshes/material/layout-15.png
[1.391s] -- Up-to-date: /home/angelistao/laser_challenge_simulation/install/laser_challenge_simulation/share/laser_challenge_simulation/models/barcode_shelf/meshes/material/layout-02.png
[1.391s] -- Up-to-date: /home/angelistao/laser_challenge_simulation/install/laser_challenge_simulation/share/laser_challenge_simulation/models/barcode_shelf/meshes/material/layout-12.png
[1.391s] -- Up-to-date: /home/angelistao/laser_challenge_simulation/install/laser_challenge_simulation/share/laser_challenge_simulation/models/barcode_shelf/meshes/material/layout-09.png
[1.391s] -- Up-to-date: /home/angelistao/laser_challenge_simulation/install/laser_challenge_simulation/share/laser_challenge_simulation/models/barcode_shelf/meshes/material/layout-08.png
[1.391s] -- Up-to-date: /home/angelistao/laser_challenge_simulation/install/laser_challenge_simulation/share/laser_challenge_simulation/models/barcode_shelf/meshes/material/layout-04.png
[1.392s] -- Up-to-date: /home/angelistao/laser_challenge_simulation/install/laser_challenge_simulation/share/laser_challenge_simulation/models/barcode_shelf/meshes/material/layout-03.png
[1.392s] -- Up-to-date: /home/angelistao/laser_challenge_simulation/install/laser_challenge_simulation/share/laser_challenge_simulation/models/barcode_shelf/meshes/material/layout-06.png
[1.392s] -- Up-to-date: /home/angelistao/laser_challenge_simulation/install/laser_challenge_simulation/share/laser_challenge_simulation/models/barcode_shelf/meshes/material/layout-19.png
[1.392s] -- Up-to-date: /home/angelistao/laser_challenge_simulation/install/laser_challenge_simulation/share/laser_challenge_simulation/models/barcode_shelf/meshes/material/layout-18.png
[1.392s] -- Up-to-date: /home/angelistao/laser_challenge_simulation/install/laser_challenge_simulation/share/laser_challenge_simulation/models/barcode_shelf/meshes/material/layout-10.png
[1.392s] -- Up-to-date: /home/angelistao/laser_challenge_simulation/install/laser_challenge_simulation/share/laser_challenge_simulation/models/barcode_shelf/meshes/material/layout-14.png
[1.392s] -- Up-to-date: /home/angelistao/laser_challenge_simulation/install/laser_challenge_simulation/share/laser_challenge_simulation/models/barcode_shelf/meshes/material/layout-01.png
[1.392s] -- Up-to-date: /home/angelistao/laser_challenge_simulation/install/laser_challenge_simulation/share/laser_challenge_simulation/models/barcode_shelf/meshes/material/layout-13.png
[1.392s] -- Up-to-date: /home/angelistao/laser_challenge_simulation/install/laser_challenge_simulation/share/laser_challenge_simulation/models/barcode_shelf/meshes/material/layout-17.png
[1.392s] -- Up-to-date: /home/angelistao/laser_challenge_simulation/install/laser_challenge_simulation/share/laser_challenge_simulation/models/barcode_shelf/meshes/material/layout-16.png
[1.392s] -- Up-to-date: /home/angelistao/laser_challenge_simulation/install/laser_challenge_simulation/share/laser_challenge_simulation/models/barcode_shelf/meshes/material/layout-20.png
[1.392s] -- Up-to-date: /home/angelistao/laser_challenge_simulation/install/laser_challenge_simulation/share/laser_challenge_simulation/models/barcode_shelf/meshes/material/layout-07.png
[1.392s] -- Up-to-date: /home/angelistao/laser_challenge_simulation/install/laser_challenge_simulation/share/laser_challenge_simulation/models/barcode_shelf/meshes/shelf.obj
[1.392s] -- Up-to-date: /home/angelistao/laser_challenge_simulation/install/laser_challenge_simulation/share/laser_challenge_simulation/models/barcode_shelf/meshes/shelf.mtl
[1.392s] -- Up-to-date: /home/angelistao/laser_challenge_simulation/install/laser_challenge_simulation/share/laser_challenge_simulation/models/barcode_shelf/meshes/barcode_shelf.mtl
[1.393s] -- Up-to-date: /home/angelistao/laser_challenge_simulation/install/laser_challenge_simulation/share/laser_challenge_simulation/models/barcode_shelf/model.sdf
[1.393s] -- Up-to-date: /home/angelistao/laser_challenge_simulation/install/laser_challenge_simulation/share/laser_challenge_simulation/models/grass_plane
[1.393s] -- Up-to-date: /home/angelistao/laser_challenge_simulation/install/laser_challenge_simulation/share/laser_challenge_simulation/models/grass_plane/model.config
[1.393s] -- Up-to-date: /home/angelistao/laser_challenge_simulation/install/laser_challenge_simulation/share/laser_challenge_simulation/models/grass_plane/meshes
[1.393s] -- Up-to-date: /home/angelistao/laser_challenge_simulation/install/laser_challenge_simulation/share/laser_challenge_simulation/models/grass_plane/meshes/grass_plane.mtl
[1.393s] -- Up-to-date: /home/angelistao/laser_challenge_simulation/install/laser_challenge_simulation/share/laser_challenge_simulation/models/grass_plane/meshes/materials
[1.393s] -- Up-to-date: /home/angelistao/laser_challenge_simulation/install/laser_challenge_simulation/share/laser_challenge_simulation/models/grass_plane/meshes/materials/texture.jpeg
[1.393s] -- Up-to-date: /home/angelistao/laser_challenge_simulation/install/laser_challenge_simulation/share/laser_challenge_simulation/models/grass_plane/meshes/grass_plane.obj
[1.393s] -- Up-to-date: /home/angelistao/laser_challenge_simulation/install/laser_challenge_simulation/share/laser_challenge_simulation/models/grass_plane/model.sdf
[1.393s] -- Up-to-date: /home/angelistao/laser_challenge_simulation/install/laser_challenge_simulation/share/laser_challenge_simulation/models/box_C0
[1.393s] -- Up-to-date: /home/angelistao/laser_challenge_simulation/install/laser_challenge_simulation/share/laser_challenge_simulation/models/box_C0/model.config
[1.393s] -- Up-to-date: /home/angelistao/laser_challenge_simulation/install/laser_challenge_simulation/share/laser_challenge_simulation/models/box_C0/meshes
[1.393s] -- Up-to-date: /home/angelistao/laser_challenge_simulation/install/laser_challenge_simulation/share/laser_challenge_simulation/models/box_C0/meshes/codebar_box.mtl
[1.393s] -- Up-to-date: /home/angelistao/laser_challenge_simulation/install/laser_challenge_simulation/share/laser_challenge_simulation/models/box_C0/meshes/codebar_box.obj
[1.394s] -- Up-to-date: /home/angelistao/laser_challenge_simulation/install/laser_challenge_simulation/share/laser_challenge_simulation/models/box_C0/meshes/materials
[1.394s] -- Up-to-date: /home/angelistao/laser_challenge_simulation/install/laser_challenge_simulation/share/laser_challenge_simulation/models/box_C0/meshes/materials/layout-09.png
[1.394s] -- Up-to-date: /home/angelistao/laser_challenge_simulation/install/laser_challenge_simulation/share/laser_challenge_simulation/models/box_C0/model.sdf
[1.394s] -- Up-to-date: /home/angelistao/laser_challenge_simulation/install/laser_challenge_simulation/share/laser_challenge_simulation/models/qrcode_box_a
[1.394s] -- Up-to-date: /home/angelistao/laser_challenge_simulation/install/laser_challenge_simulation/share/laser_challenge_simulation/models/qrcode_box_a/model.config
[1.394s] -- Up-to-date: /home/angelistao/laser_challenge_simulation/install/laser_challenge_simulation/share/laser_challenge_simulation/models/qrcode_box_a/meshes
[1.394s] -- Up-to-date: /home/angelistao/laser_challenge_simulation/install/laser_challenge_simulation/share/laser_challenge_simulation/models/qrcode_box_a/meshes/materials
[1.394s] -- Up-to-date: /home/angelistao/laser_challenge_simulation/install/laser_challenge_simulation/share/laser_challenge_simulation/models/qrcode_box_a/meshes/materials/A.ai
[1.394s] -- Up-to-date: /home/angelistao/laser_challenge_simulation/install/laser_challenge_simulation/share/laser_challenge_simulation/models/qrcode_box_a/meshes/materials/warp.png
[1.394s] -- Up-to-date: /home/angelistao/laser_challenge_simulation/install/laser_challenge_simulation/share/laser_challenge_simulation/models/qrcode_box_a/meshes/materials/A.png
[1.394s] -- Up-to-date: /home/angelistao/laser_challenge_simulation/install/laser_challenge_simulation/share/laser_challenge_simulation/models/qrcode_box_a/meshes/qrcode_box_a.obj
[1.394s] -- Up-to-date: /home/angelistao/laser_challenge_simulation/install/laser_challenge_simulation/share/laser_challenge_simulation/models/qrcode_box_a/meshes/qrcode_box_a.mtl
[1.394s] -- Up-to-date: /home/angelistao/laser_challenge_simulation/install/laser_challenge_simulation/share/laser_challenge_simulation/models/qrcode_box_a/model.sdf
[1.394s] -- Up-to-date: /home/angelistao/laser_challenge_simulation/install/laser_challenge_simulation/share/laser_challenge_simulation/models/box_B0
[1.394s] -- Up-to-date: /home/angelistao/laser_challenge_simulation/install/laser_challenge_simulation/share/laser_challenge_simulation/models/box_B0/model.config
[1.394s] -- Up-to-date: /home/angelistao/laser_challenge_simulation/install/laser_challenge_simulation/share/laser_challenge_simulation/models/box_B0/meshes
[1.394s] -- Up-to-date: /home/angelistao/laser_challenge_simulation/install/laser_challenge_simulation/share/laser_challenge_simulation/models/box_B0/meshes/codebar_box.mtl
[1.395s] -- Up-to-date: /home/angelistao/laser_challenge_simulation/install/laser_challenge_simulation/share/laser_challenge_simulation/models/box_B0/meshes/codebar_box.obj
[1.395s] -- Up-to-date: /home/angelistao/laser_challenge_simulation/install/laser_challenge_simulation/share/laser_challenge_simulation/models/box_B0/meshes/materials
[1.395s] -- Up-to-date: /home/angelistao/laser_challenge_simulation/install/laser_challenge_simulation/share/laser_challenge_simulation/models/box_B0/meshes/materials/layout-05.png
[1.395s] -- Up-to-date: /home/angelistao/laser_challenge_simulation/install/laser_challenge_simulation/share/laser_challenge_simulation/models/box_B0/model.sdf
[1.395s] -- Up-to-date: /home/angelistao/laser_challenge_simulation/install/laser_challenge_simulation/share/laser_challenge_simulation/models/box_B3
[1.395s] -- Up-to-date: /home/angelistao/laser_challenge_simulation/install/laser_challenge_simulation/share/laser_challenge_simulation/models/box_B3/model.config
[1.395s] -- Up-to-date: /home/angelistao/laser_challenge_simulation/install/laser_challenge_simulation/share/laser_challenge_simulation/models/box_B3/meshes
[1.395s] -- Up-to-date: /home/angelistao/laser_challenge_simulation/install/laser_challenge_simulation/share/laser_challenge_simulation/models/box_B3/meshes/codebar_box.mtl
[1.395s] -- Up-to-date: /home/angelistao/laser_challenge_simulation/install/laser_challenge_simulation/share/laser_challenge_simulation/models/box_B3/meshes/codebar_box.obj
[1.395s] -- Up-to-date: /home/angelistao/laser_challenge_simulation/install/laser_challenge_simulation/share/laser_challenge_simulation/models/box_B3/meshes/materials
[1.395s] -- Up-to-date: /home/angelistao/laser_challenge_simulation/install/laser_challenge_simulation/share/laser_challenge_simulation/models/box_B3/meshes/materials/layout-08.png
[1.395s] -- Up-to-date: /home/angelistao/laser_challenge_simulation/install/laser_challenge_simulation/share/laser_challenge_simulation/models/box_B3/model.sdf
[1.396s] -- Up-to-date: /home/angelistao/laser_challenge_simulation/install/laser_challenge_simulation/share/laser_challenge_simulation/models/landing_platform
[1.396s] -- Up-to-date: /home/angelistao/laser_challenge_simulation/install/laser_challenge_simulation/share/laser_challenge_simulation/models/landing_platform/model.config
[1.396s] -- Up-to-date: /home/angelistao/laser_challenge_simulation/install/laser_challenge_simulation/share/laser_challenge_simulation/models/landing_platform/meshes
[1.396s] -- Up-to-date: /home/angelistao/laser_challenge_simulation/install/laser_challenge_simulation/share/laser_challenge_simulation/models/landing_platform/meshes/landing_platform.obj
[1.396s] -- Up-to-date: /home/angelistao/laser_challenge_simulation/install/laser_challenge_simulation/share/laser_challenge_simulation/models/landing_platform/meshes/landing_platform.mtl
[1.396s] -- Up-to-date: /home/angelistao/laser_challenge_simulation/install/laser_challenge_simulation/share/laser_challenge_simulation/models/landing_platform/model.sdf
[1.396s] -- Up-to-date: /home/angelistao/laser_challenge_simulation/install/laser_challenge_simulation/share/laser_challenge_simulation/models/measure_gas_high_base_right
[1.396s] -- Up-to-date: /home/angelistao/laser_challenge_simulation/install/laser_challenge_simulation/share/laser_challenge_simulation/models/measure_gas_high_base_right/model.config
[1.396s] -- Up-to-date: /home/angelistao/laser_challenge_simulation/install/laser_challenge_simulation/share/laser_challenge_simulation/models/measure_gas_high_base_right/meshes
[1.396s] -- Up-to-date: /home/angelistao/laser_challenge_simulation/install/laser_challenge_simulation/share/laser_challenge_simulation/models/measure_gas_high_base_right/meshes/measure_gas_high_base_right.obj
[1.396s] -- Up-to-date: /home/angelistao/laser_challenge_simulation/install/laser_challenge_simulation/share/laser_challenge_simulation/models/measure_gas_high_base_right/meshes/measure_gas_high_base_right.mtl
[1.396s] -- Up-to-date: /home/angelistao/laser_challenge_simulation/install/laser_challenge_simulation/share/laser_challenge_simulation/models/measure_gas_high_base_right/meshes/materials
[1.396s] -- Up-to-date: /home/angelistao/laser_challenge_simulation/install/laser_challenge_simulation/share/laser_challenge_simulation/models/measure_gas_high_base_right/meshes/materials/gas measure.eps
[1.396s] -- Up-to-date: /home/angelistao/laser_challenge_simulation/install/laser_challenge_simulation/share/laser_challenge_simulation/models/measure_gas_high_base_right/meshes/materials/C_Prancheta_1.png
[1.396s] -- Up-to-date: /home/angelistao/laser_challenge_simulation/install/laser_challenge_simulation/share/laser_challenge_simulation/models/measure_gas_high_base_right/meshes/materials/warp.png
[1.397s] -- Up-to-date: /home/angelistao/laser_challenge_simulation/install/laser_challenge_simulation/share/laser_challenge_simulation/models/measure_gas_high_base_right/model.sdf
[1.397s] -- Up-to-date: /home/angelistao/laser_challenge_simulation/install/laser_challenge_simulation/share/laser_challenge_simulation/models/qrcode_box_d
[1.397s] -- Up-to-date: /home/angelistao/laser_challenge_simulation/install/laser_challenge_simulation/share/laser_challenge_simulation/models/qrcode_box_d/model.config
[1.397s] -- Up-to-date: /home/angelistao/laser_challenge_simulation/install/laser_challenge_simulation/share/laser_challenge_simulation/models/qrcode_box_d/meshes
[1.397s] -- Up-to-date: /home/angelistao/laser_challenge_simulation/install/laser_challenge_simulation/share/laser_challenge_simulation/models/qrcode_box_d/meshes/qrcode_box_d.obj
[1.397s] -- Up-to-date: /home/angelistao/laser_challenge_simulation/install/laser_challenge_simulation/share/laser_challenge_simulation/models/qrcode_box_d/meshes/materials
[1.397s] -- Up-to-date: /home/angelistao/laser_challenge_simulation/install/laser_challenge_simulation/share/laser_challenge_simulation/models/qrcode_box_d/meshes/materials/warp.png
[1.397s] -- Up-to-date: /home/angelistao/laser_challenge_simulation/install/laser_challenge_simulation/share/laser_challenge_simulation/models/qrcode_box_d/meshes/materials/D.png
[1.397s] -- Up-to-date: /home/angelistao/laser_challenge_simulation/install/laser_challenge_simulation/share/laser_challenge_simulation/models/qrcode_box_d/meshes/materials/D.ai
[1.397s] -- Up-to-date: /home/angelistao/laser_challenge_simulation/install/laser_challenge_simulation/share/laser_challenge_simulation/models/qrcode_box_d/meshes/qrcode_box_d.mtl
[1.397s] -- Up-to-date: /home/angelistao/laser_challenge_simulation/install/laser_challenge_simulation/share/laser_challenge_simulation/models/qrcode_box_d/model.sdf
[1.397s] -- Up-to-date: /home/angelistao/laser_challenge_simulation/install/laser_challenge_simulation/share/laser_challenge_simulation/models/box_A3
[1.397s] -- Up-to-date: /home/angelistao/laser_challenge_simulation/install/laser_challenge_simulation/share/laser_challenge_simulation/models/box_A3/model.config
[1.397s] -- Up-to-date: /home/angelistao/laser_challenge_simulation/install/laser_challenge_simulation/share/laser_challenge_simulation/models/box_A3/meshes
[1.397s] -- Up-to-date: /home/angelistao/laser_challenge_simulation/install/laser_challenge_simulation/share/laser_challenge_simulation/models/box_A3/meshes/codebar_box.mtl
[1.398s] -- Up-to-date: /home/angelistao/laser_challenge_simulation/install/laser_challenge_simulation/share/laser_challenge_simulation/models/box_A3/meshes/codebar_box.obj
[1.398s] -- Up-to-date: /home/angelistao/laser_challenge_simulation/install/laser_challenge_simulation/share/laser_challenge_simulation/models/box_A3/meshes/materials
[1.398s] -- Up-to-date: /home/angelistao/laser_challenge_simulation/install/laser_challenge_simulation/share/laser_challenge_simulation/models/box_A3/meshes/materials/layout-04.png
[1.398s] -- Up-to-date: /home/angelistao/laser_challenge_simulation/install/laser_challenge_simulation/share/laser_challenge_simulation/models/box_A3/model.sdf
[1.398s] -- Up-to-date: /home/angelistao/laser_challenge_simulation/install/laser_challenge_simulation/share/laser_challenge_simulation/models/sensor_red
[1.398s] -- Up-to-date: /home/angelistao/laser_challenge_simulation/install/laser_challenge_simulation/share/laser_challenge_simulation/models/sensor_red/model.config
[1.398s] -- Up-to-date: /home/angelistao/laser_challenge_simulation/install/laser_challenge_simulation/share/laser_challenge_simulation/models/sensor_red/meshes
[1.398s] -- Up-to-date: /home/angelistao/laser_challenge_simulation/install/laser_challenge_simulation/share/laser_challenge_simulation/models/sensor_red/meshes/sensor_red.mtl
[1.398s] -- Up-to-date: /home/angelistao/laser_challenge_simulation/install/laser_challenge_simulation/share/laser_challenge_simulation/models/sensor_red/meshes/sensor_red.obj
[1.398s] -- Up-to-date: /home/angelistao/laser_challenge_simulation/install/laser_challenge_simulation/share/laser_challenge_simulation/models/sensor_red/model.sdf
[1.398s] -- Up-to-date: /home/angelistao/laser_challenge_simulation/install/laser_challenge_simulation/share/laser_challenge_simulation/models/box_D2
[1.398s] -- Up-to-date: /home/angelistao/laser_challenge_simulation/install/laser_challenge_simulation/share/laser_challenge_simulation/models/box_D2/model.config
[1.398s] -- Up-to-date: /home/angelistao/laser_challenge_simulation/install/laser_challenge_simulation/share/laser_challenge_simulation/models/box_D2/meshes
[1.398s] -- Up-to-date: /home/angelistao/laser_challenge_simulation/install/laser_challenge_simulation/share/laser_challenge_simulation/models/box_D2/meshes/codebar_box.mtl
[1.399s] -- Up-to-date: /home/angelistao/laser_challenge_simulation/install/laser_challenge_simulation/share/laser_challenge_simulation/models/box_D2/meshes/codebar_box.obj
[1.399s] -- Up-to-date: /home/angelistao/laser_challenge_simulation/install/laser_challenge_simulation/share/laser_challenge_simulation/models/box_D2/meshes/materials
[1.399s] -- Up-to-date: /home/angelistao/laser_challenge_simulation/install/laser_challenge_simulation/share/laser_challenge_simulation/models/box_D2/meshes/materials/layout-15.png
[1.399s] -- Up-to-date: /home/angelistao/laser_challenge_simulation/install/laser_challenge_simulation/share/laser_challenge_simulation/models/box_D2/model.sdf
[1.399s] -- Up-to-date: /home/angelistao/laser_challenge_simulation/install/laser_challenge_simulation/share/laser_challenge_simulation/models/qrcode_box_e
[1.399s] -- Up-to-date: /home/angelistao/laser_challenge_simulation/install/laser_challenge_simulation/share/laser_challenge_simulation/models/qrcode_box_e/model.config
[1.399s] -- Up-to-date: /home/angelistao/laser_challenge_simulation/install/laser_challenge_simulation/share/laser_challenge_simulation/models/qrcode_box_e/meshes
[1.399s] -- Up-to-date: /home/angelistao/laser_challenge_simulation/install/laser_challenge_simulation/share/laser_challenge_simulation/models/qrcode_box_e/meshes/qrcode_box_e.mtl
[1.399s] -- Up-to-date: /home/angelistao/laser_challenge_simulation/install/laser_challenge_simulation/share/laser_challenge_simulation/models/qrcode_box_e/meshes/materials
[1.399s] -- Up-to-date: /home/angelistao/laser_challenge_simulation/install/laser_challenge_simulation/share/laser_challenge_simulation/models/qrcode_box_e/meshes/materials/E.png
[1.399s] -- Up-to-date: /home/angelistao/laser_challenge_simulation/install/laser_challenge_simulation/share/laser_challenge_simulation/models/qrcode_box_e/meshes/materials/warp.png
[1.399s] -- Up-to-date: /home/angelistao/laser_challenge_simulation/install/laser_challenge_simulation/share/laser_challenge_simulation/models/qrcode_box_e/meshes/materials/E.ai
[1.399s] -- Up-to-date: /home/angelistao/laser_challenge_simulation/install/laser_challenge_simulation/share/laser_challenge_simulation/models/qrcode_box_e/meshes/qrcode_box_e.obj
[1.399s] -- Up-to-date: /home/angelistao/laser_challenge_simulation/install/laser_challenge_simulation/share/laser_challenge_simulation/models/qrcode_box_e/model.sdf
[1.399s] -- Up-to-date: /home/angelistao/laser_challenge_simulation/install/laser_challenge_simulation/share/laser_challenge_simulation/models/sensor_green
[1.399s] -- Up-to-date: /home/angelistao/laser_challenge_simulation/install/laser_challenge_simulation/share/laser_challenge_simulation/models/sensor_green/model.config
[1.400s] -- Up-to-date: /home/angelistao/laser_challenge_simulation/install/laser_challenge_simulation/share/laser_challenge_simulation/models/sensor_green/meshes
[1.400s] -- Up-to-date: /home/angelistao/laser_challenge_simulation/install/laser_challenge_simulation/share/laser_challenge_simulation/models/sensor_green/meshes/sensor_green.obj
[1.400s] -- Up-to-date: /home/angelistao/laser_challenge_simulation/install/laser_challenge_simulation/share/laser_challenge_simulation/models/sensor_green/meshes/sensor_green.mtl
[1.400s] -- Up-to-date: /home/angelistao/laser_challenge_simulation/install/laser_challenge_simulation/share/laser_challenge_simulation/models/sensor_green/model.sdf
[1.400s] -- Up-to-date: /home/angelistao/laser_challenge_simulation/install/laser_challenge_simulation/share/laser_challenge_simulation/models/box_A2
[1.400s] -- Up-to-date: /home/angelistao/laser_challenge_simulation/install/laser_challenge_simulation/share/laser_challenge_simulation/models/box_A2/model.config
[1.400s] -- Up-to-date: /home/angelistao/laser_challenge_simulation/install/laser_challenge_simulation/share/laser_challenge_simulation/models/box_A2/meshes
[1.400s] -- Up-to-date: /home/angelistao/laser_challenge_simulation/install/laser_challenge_simulation/share/laser_challenge_simulation/models/box_A2/meshes/codebar_box.mtl
[1.400s] -- Up-to-date: /home/angelistao/laser_challenge_simulation/install/laser_challenge_simulation/share/laser_challenge_simulation/models/box_A2/meshes/codebar_box.obj
[1.400s] -- Up-to-date: /home/angelistao/laser_challenge_simulation/install/laser_challenge_simulation/share/laser_challenge_simulation/models/box_A2/meshes/materials
[1.400s] -- Up-to-date: /home/angelistao/laser_challenge_simulation/install/laser_challenge_simulation/share/laser_challenge_simulation/models/box_A2/meshes/materials/layout-03.png
[1.400s] -- Up-to-date: /home/angelistao/laser_challenge_simulation/install/laser_challenge_simulation/share/laser_challenge_simulation/models/box_A2/model.sdf
[1.400s] -- Up-to-date: /home/angelistao/laser_challenge_simulation/install/laser_challenge_simulation/share/laser_challenge_simulation/models/banner_2
[1.400s] -- Up-to-date: /home/angelistao/laser_challenge_simulation/install/laser_challenge_simulation/share/laser_challenge_simulation/models/banner_2/model.config
[1.400s] -- Up-to-date: /home/angelistao/laser_challenge_simulation/install/laser_challenge_simulation/share/laser_challenge_simulation/models/banner_2/meshes
[1.400s] -- Up-to-date: /home/angelistao/laser_challenge_simulation/install/laser_challenge_simulation/share/laser_challenge_simulation/models/banner_2/meshes/banner.obj
[1.400s] -- Up-to-date: /home/angelistao/laser_challenge_simulation/install/laser_challenge_simulation/share/laser_challenge_simulation/models/banner_2/meshes/materials
[1.401s] -- Up-to-date: /home/angelistao/laser_challenge_simulation/install/laser_challenge_simulation/share/laser_challenge_simulation/models/banner_2/meshes/materials/banner.jpeg
[1.401s] -- Up-to-date: /home/angelistao/laser_challenge_simulation/install/laser_challenge_simulation/share/laser_challenge_simulation/models/banner_2/meshes/materials/banner_2.jpeg
[1.401s] -- Up-to-date: /home/angelistao/laser_challenge_simulation/install/laser_challenge_simulation/share/laser_challenge_simulation/models/banner_2/meshes/materials/banner_1.jpeg
[1.401s] -- Up-to-date: /home/angelistao/laser_challenge_simulation/install/laser_challenge_simulation/share/laser_challenge_simulation/models/banner_2/meshes/banner.mtl
[1.401s] -- Up-to-date: /home/angelistao/laser_challenge_simulation/install/laser_challenge_simulation/share/laser_challenge_simulation/models/banner_2/model.sdf
[1.401s] -- Up-to-date: /home/angelistao/laser_challenge_simulation/install/laser_challenge_simulation/share/laser_challenge_simulation/models/box_B1
[1.401s] -- Up-to-date: /home/angelistao/laser_challenge_simulation/install/laser_challenge_simulation/share/laser_challenge_simulation/models/box_B1/model.config
[1.401s] -- Up-to-date: /home/angelistao/laser_challenge_simulation/install/laser_challenge_simulation/share/laser_challenge_simulation/models/box_B1/meshes
[1.401s] -- Up-to-date: /home/angelistao/laser_challenge_simulation/install/laser_challenge_simulation/share/laser_challenge_simulation/models/box_B1/meshes/codebar_box.mtl
[1.401s] -- Up-to-date: /home/angelistao/laser_challenge_simulation/install/laser_challenge_simulation/share/laser_challenge_simulation/models/box_B1/meshes/codebar_box.obj
[1.401s] -- Up-to-date: /home/angelistao/laser_challenge_simulation/install/laser_challenge_simulation/share/laser_challenge_simulation/models/box_B1/meshes/materials
[1.401s] -- Up-to-date: /home/angelistao/laser_challenge_simulation/install/laser_challenge_simulation/share/laser_challenge_simulation/models/box_B1/meshes/materials/layout-06.png
[1.401s] -- Up-to-date: /home/angelistao/laser_challenge_simulation/install/laser_challenge_simulation/share/laser_challenge_simulation/models/box_B1/model.sdf
[1.401s] -- Up-to-date: /home/angelistao/laser_challenge_simulation/install/laser_challenge_simulation/share/laser_challenge_simulation/models/box_C3
[1.402s] -- Up-to-date: /home/angelistao/laser_challenge_simulation/install/laser_challenge_simulation/share/laser_challenge_simulation/models/box_C3/model.config
[1.402s] -- Up-to-date: /home/angelistao/laser_challenge_simulation/install/laser_challenge_simulation/share/laser_challenge_simulation/models/box_C3/meshes
[1.402s] -- Up-to-date: /home/angelistao/laser_challenge_simulation/install/laser_challenge_simulation/share/laser_challenge_simulation/models/box_C3/meshes/codebar_box.mtl
[1.402s] -- Up-to-date: /home/angelistao/laser_challenge_simulation/install/laser_challenge_simulation/share/laser_challenge_simulation/models/box_C3/meshes/codebar_box.obj
[1.402s] -- Up-to-date: /home/angelistao/laser_challenge_simulation/install/laser_challenge_simulation/share/laser_challenge_simulation/models/box_C3/meshes/materials
[1.402s] -- Up-to-date: /home/angelistao/laser_challenge_simulation/install/laser_challenge_simulation/share/laser_challenge_simulation/models/box_C3/meshes/materials/layout-12.png
[1.402s] -- Up-to-date: /home/angelistao/laser_challenge_simulation/install/laser_challenge_simulation/share/laser_challenge_simulation/models/box_C3/model.sdf
[1.402s] -- Up-to-date: /home/angelistao/laser_challenge_simulation/install/laser_challenge_simulation/share/laser_challenge_simulation/models/measure_gas_high_base_left
[1.402s] -- Up-to-date: /home/angelistao/laser_challenge_simulation/install/laser_challenge_simulation/share/laser_challenge_simulation/models/measure_gas_high_base_left/model.config
[1.402s] -- Up-to-date: /home/angelistao/laser_challenge_simulation/install/laser_challenge_simulation/share/laser_challenge_simulation/models/measure_gas_high_base_left/meshes
[1.402s] -- Up-to-date: /home/angelistao/laser_challenge_simulation/install/laser_challenge_simulation/share/laser_challenge_simulation/models/measure_gas_high_base_left/meshes/measure_gas_high_base_left.obj
[1.402s] -- Up-to-date: /home/angelistao/laser_challenge_simulation/install/laser_challenge_simulation/share/laser_challenge_simulation/models/measure_gas_high_base_left/meshes/measure_gas_high_base_left.mtl
[1.402s] -- Up-to-date: /home/angelistao/laser_challenge_simulation/install/laser_challenge_simulation/share/laser_challenge_simulation/models/measure_gas_high_base_left/meshes/materials
[1.402s] -- Up-to-date: /home/angelistao/laser_challenge_simulation/install/laser_challenge_simulation/share/laser_challenge_simulation/models/measure_gas_high_base_left/meshes/materials/gas measure.eps
[1.402s] -- Up-to-date: /home/angelistao/laser_challenge_simulation/install/laser_challenge_simulation/share/laser_challenge_simulation/models/measure_gas_high_base_left/meshes/materials/warp.png
[1.402s] -- Up-to-date: /home/angelistao/laser_challenge_simulation/install/laser_challenge_simulation/share/laser_challenge_simulation/models/measure_gas_high_base_left/meshes/materials/A_Prancheta_1.png
[1.403s] -- Up-to-date: /home/angelistao/laser_challenge_simulation/install/laser_challenge_simulation/share/laser_challenge_simulation/models/measure_gas_high_base_left/model.sdf
[1.403s] -- Up-to-date: /home/angelistao/laser_challenge_simulation/install/laser_challenge_simulation/share/laser_challenge_simulation/models/box_C1
[1.403s] -- Up-to-date: /home/angelistao/laser_challenge_simulation/install/laser_challenge_simulation/share/laser_challenge_simulation/models/box_C1/model.config
[1.403s] -- Up-to-date: /home/angelistao/laser_challenge_simulation/install/laser_challenge_simulation/share/laser_challenge_simulation/models/box_C1/meshes
[1.404s] -- Up-to-date: /home/angelistao/laser_challenge_simulation/install/laser_challenge_simulation/share/laser_challenge_simulation/models/box_C1/meshes/codebar_box.mtl
[1.404s] -- Up-to-date: /home/angelistao/laser_challenge_simulation/install/laser_challenge_simulation/share/laser_challenge_simulation/models/box_C1/meshes/codebar_box.obj
[1.404s] -- Up-to-date: /home/angelistao/laser_challenge_simulation/install/laser_challenge_simulation/share/laser_challenge_simulation/models/box_C1/meshes/materials
[1.404s] -- Up-to-date: /home/angelistao/laser_challenge_simulation/install/laser_challenge_simulation/share/laser_challenge_simulation/models/box_C1/meshes/materials/layout-10.png
[1.404s] -- Up-to-date: /home/angelistao/laser_challenge_simulation/install/laser_challenge_simulation/share/laser_challenge_simulation/models/box_C1/model.sdf
[1.404s] -- Up-to-date: /home/angelistao/laser_challenge_simulation/install/laser_challenge_simulation/share/laser_challenge_simulation/models/landing_platform_movel
[1.404s] -- Up-to-date: /home/angelistao/laser_challenge_simulation/install/laser_challenge_simulation/share/laser_challenge_simulation/models/landing_platform_movel/model.config
[1.404s] -- Up-to-date: /home/angelistao/laser_challenge_simulation/install/laser_challenge_simulation/share/laser_challenge_simulation/models/landing_platform_movel/meshes
[1.404s] -- Up-to-date: /home/angelistao/laser_challenge_simulation/install/laser_challenge_simulation/share/laser_challenge_simulation/models/landing_platform_movel/meshes/landing_platform.obj
[1.404s] -- Up-to-date: /home/angelistao/laser_challenge_simulation/install/laser_challenge_simulation/share/laser_challenge_simulation/models/landing_platform_movel/meshes/landing_platform.mtl
[1.404s] -- Up-to-date: /home/angelistao/laser_challenge_simulation/install/laser_challenge_simulation/share/laser_challenge_simulation/models/landing_platform_movel/model.sdf
[1.404s] -- Up-to-date: /home/angelistao/laser_challenge_simulation/install/laser_challenge_simulation/share/laser_challenge_simulation/models/box_B2
[1.404s] -- Up-to-date: /home/angelistao/laser_challenge_simulation/install/laser_challenge_simulation/share/laser_challenge_simulation/models/box_B2/model.config
[1.404s] -- Up-to-date: /home/angelistao/laser_challenge_simulation/install/laser_challenge_simulation/share/laser_challenge_simulation/models/box_B2/meshes
[1.404s] -- Up-to-date: /home/angelistao/laser_challenge_simulation/install/laser_challenge_simulation/share/laser_challenge_simulation/models/box_B2/meshes/codebar_box.mtl
[1.405s] -- Up-to-date: /home/angelistao/laser_challenge_simulation/install/laser_challenge_simulation/share/laser_challenge_simulation/models/box_B2/meshes/codebar_box.obj
[1.405s] -- Up-to-date: /home/angelistao/laser_challenge_simulation/install/laser_challenge_simulation/share/laser_challenge_simulation/models/box_B2/meshes/materials
[1.405s] -- Up-to-date: /home/angelistao/laser_challenge_simulation/install/laser_challenge_simulation/share/laser_challenge_simulation/models/box_B2/meshes/materials/layout-07.png
[1.405s] -- Up-to-date: /home/angelistao/laser_challenge_simulation/install/laser_challenge_simulation/share/laser_challenge_simulation/models/box_B2/model.sdf
[1.405s] -- Up-to-date: /home/angelistao/laser_challenge_simulation/install/laser_challenge_simulation/share/laser_challenge_simulation/models/arena_spawn
[1.405s] -- Up-to-date: /home/angelistao/laser_challenge_simulation/install/laser_challenge_simulation/share/laser_challenge_simulation/models/arena_spawn/model.config
[1.405s] -- Up-to-date: /home/angelistao/laser_challenge_simulation/install/laser_challenge_simulation/share/laser_challenge_simulation/models/arena_spawn/meshes
[1.405s] -- Up-to-date: /home/angelistao/laser_challenge_simulation/install/laser_challenge_simulation/share/laser_challenge_simulation/models/arena_spawn/meshes/banner.jpeg
[1.405s] -- Up-to-date: /home/angelistao/laser_challenge_simulation/install/laser_challenge_simulation/share/laser_challenge_simulation/models/arena_spawn/meshes/Arena_cost.mtl
[1.405s] -- Up-to-date: /home/angelistao/laser_challenge_simulation/install/laser_challenge_simulation/share/laser_challenge_simulation/models/arena_spawn/meshes/Arena_old.obj
[1.405s] -- Up-to-date: /home/angelistao/laser_challenge_simulation/install/laser_challenge_simulation/share/laser_challenge_simulation/models/arena_spawn/meshes/pilar.mtl
[1.405s] -- Up-to-date: /home/angelistao/laser_challenge_simulation/install/laser_challenge_simulation/share/laser_challenge_simulation/models/arena_spawn/meshes/high_base_right.mtl
[1.405s] -- Up-to-date: /home/angelistao/laser_challenge_simulation/install/laser_challenge_simulation/share/laser_challenge_simulation/models/arena_spawn/meshes/net.mtl
[1.405s] -- Up-to-date: /home/angelistao/laser_challenge_simulation/install/laser_challenge_simulation/share/laser_challenge_simulation/models/arena_spawn/meshes/high_base_left.obj
[1.406s] -- Up-to-date: /home/angelistao/laser_challenge_simulation/install/laser_challenge_simulation/share/laser_challenge_simulation/models/arena_spawn/meshes/Arena.mtl
[1.406s] -- Up-to-date: /home/angelistao/laser_challenge_simulation/install/laser_challenge_simulation/share/laser_challenge_simulation/models/arena_spawn/meshes/net.obj
[1.406s] -- Up-to-date: /home/angelistao/laser_challenge_simulation/install/laser_challenge_simulation/share/laser_challenge_simulation/models/arena_spawn/meshes/Arena_old.mtl
[1.406s] -- Up-to-date: /home/angelistao/laser_challenge_simulation/install/laser_challenge_simulation/share/laser_challenge_simulation/models/arena_spawn/meshes/Arena_cost.obj
[1.406s] -- Up-to-date: /home/angelistao/laser_challenge_simulation/install/laser_challenge_simulation/share/laser_challenge_simulation/models/arena_spawn/meshes/pilar.obj
[1.406s] -- Up-to-date: /home/angelistao/laser_challenge_simulation/install/laser_challenge_simulation/share/laser_challenge_simulation/models/arena_spawn/meshes/high_base_right.obj
[1.406s] -- Up-to-date: /home/angelistao/laser_challenge_simulation/install/laser_challenge_simulation/share/laser_challenge_simulation/models/arena_spawn/meshes/Arena.obj
[1.406s] -- Up-to-date: /home/angelistao/laser_challenge_simulation/install/laser_challenge_simulation/share/laser_challenge_simulation/models/arena_spawn/meshes/high_base_left.mtl
[1.406s] -- Installing: /home/angelistao/laser_challenge_simulation/install/laser_challenge_simulation/share/laser_challenge_simulation/models/arena_spawn/model.sdf
[1.406s] -- Up-to-date: /home/angelistao/laser_challenge_simulation/install/laser_challenge_simulation/share/laser_challenge_simulation/worlds
[1.406s] -- Up-to-date: /home/angelistao/laser_challenge_simulation/install/laser_challenge_simulation/share/laser_challenge_simulation/worlds/stage_five.world
[1.406s] -- Up-to-date: /home/angelistao/laser_challenge_simulation/install/laser_challenge_simulation/share/laser_challenge_simulation/worlds/stage_vision.world
[1.406s] -- Up-to-date: /home/angelistao/laser_challenge_simulation/install/laser_challenge_simulation/share/laser_challenge_simulation/worlds/vision_ia.world
[1.406s] -- Installing: /home/angelistao/laser_challenge_simulation/install/laser_challenge_simulation/share/laser_challenge_simulation/worlds/stage_one.world
[1.406s] -- Up-to-date: /home/angelistao/laser_challenge_simulation/install/laser_challenge_simulation/share/laser_challenge_simulation/worlds/stage_two.world
[1.406s] -- Up-to-date: /home/angelistao/laser_challenge_simulation/install/laser_challenge_simulation/share/laser_challenge_simulation/worlds/stage_three.world
[1.406s] -- Up-to-date: /home/angelistao/laser_challenge_simulation/install/laser_challenge_simulation/share/laser_challenge_simulation/worlds/stage_four.world
[1.406s] -- Up-to-date: /home/angelistao/laser_challenge_simulation/install/laser_challenge_simulation/share/laser_challenge_simulation/launch
[1.407s] -- Up-to-date: /home/angelistao/laser_challenge_simulation/install/laser_challenge_simulation/share/laser_challenge_simulation/launch/challenge_world.launch
[1.407s] -- Up-to-date: /home/angelistao/laser_challenge_simulation/install/laser_challenge_simulation/share/laser_challenge_simulation/launch/challenge_world_.launch
[1.407s] -- Up-to-date: /home/angelistao/laser_challenge_simulation/install/laser_challenge_simulation/share/laser_challenge_simulation/launch/vision_world.launch
[1.407s] -- Installing: /home/angelistao/laser_challenge_simulation/install/laser_challenge_simulation/share/laser_challenge_simulation/launch/challenge.launch.py
[1.407s] -- Up-to-date: /home/angelistao/laser_challenge_simulation/install/laser_challenge_simulation/share/laser_challenge_simulation/launch/height_estimator_test.launch
[1.407s] -- Installing: /home/angelistao/laser_challenge_simulation/install/laser_challenge_simulation/share/ament_index/resource_index/package_run_dependencies/laser_challenge_simulation
[1.407s] -- Up-to-date: /home/angelistao/laser_challenge_simulation/install/laser_challenge_simulation/share/ament_index/resource_index/parent_prefix_path/laser_challenge_simulation
[1.407s] -- Installing: /home/angelistao/laser_challenge_simulation/install/laser_challenge_simulation/share/laser_challenge_simulation/environment/ament_prefix_path.sh
[1.407s] -- Installing: /home/angelistao/laser_challenge_simulation/install/laser_challenge_simulation/share/laser_challenge_simulation/environment/ament_prefix_path.dsv
[1.407s] -- Installing: /home/angelistao/laser_challenge_simulation/install/laser_challenge_simulation/share/laser_challenge_simulation/environment/path.sh
[1.407s] -- Installing: /home/angelistao/laser_challenge_simulation/install/laser_challenge_simulation/share/laser_challenge_simulation/environment/path.dsv
[1.407s] -- Up-to-date: /home/angelistao/laser_challenge_simulation/install/laser_challenge_simulation/share/laser_challenge_simulation/local_setup.bash
[1.407s] -- Up-to-date: /home/angelistao/laser_challenge_simulation/install/laser_challenge_simulation/share/laser_challenge_simulation/local_setup.sh
[1.408s] -- Up-to-date: /home/angelistao/laser_challenge_simulation/install/laser_challenge_simulation/share/laser_challenge_simulation/local_setup.zsh
[1.408s] -- Installing: /home/angelistao/laser_challenge_simulation/install/laser_challenge_simulation/share/laser_challenge_simulation/local_setup.dsv
[1.408s] -- Installing: /home/angelistao/laser_challenge_simulation/install/laser_challenge_simulation/share/laser_challenge_simulation/package.dsv
[1.408s] -- Up-to-date: /home/angelistao/laser_challenge_simulation/install/laser_challenge_simulation/share/ament_index/resource_index/packages/laser_challenge_simulation
[1.408s] -- Up-to-date: /home/angelistao/laser_challenge_simulation/install/laser_challenge_simulation/share/laser_challenge_simulation/cmake/laser_challenge_simulationConfig.cmake
[1.408s] -- Up-to-date: /home/angelistao/laser_challenge_simulation/install/laser_challenge_simulation/share/laser_challenge_simulation/cmake/laser_challenge_simulationConfig-version.cmake
[1.408s] -- Installing: /home/angelistao/laser_challenge_simulation/install/laser_challenge_simulation/share/laser_challenge_simulation/package.xml
[1.408s] Invoked command in '/home/angelistao/laser_challenge_simulation/build/laser_challenge_simulation' returned '0': CMAKE_PREFIX_PATH=/opt/ros/humble /usr/bin/cmake --install /home/angelistao/laser_challenge_simulation/build/laser_challenge_simulation
