[0.527s] DEBUG:colcon:Command line arguments: ['/usr/bin/colcon', 'build']
[0.528s] DEBUG:colcon:Parsed command line arguments: Namespace(log_base=None, log_level=None, verb_name='build', build_base='build', install_base='install', merge_install=False, symlink_install=False, test_result_base=None, continue_on_error=False, executor='parallel', parallel_workers=8, event_handlers=None, ignore_user_meta=False, metas=['./colcon.meta'], base_paths=['.'], packages_ignore=None, packages_ignore_regex=None, paths=None, packages_up_to=None, packages_up_to_regex=None, packages_above=None, packages_above_and_dependencies=None, packages_above_depth=None, packages_select_by_dep=None, packages_skip_by_dep=None, packages_skip_up_to=None, packages_select_build_failed=False, packages_skip_build_finished=False, packages_select_test_failures=False, packages_skip_test_passed=False, packages_select=None, packages_skip=None, packages_select_regex=None, packages_skip_regex=None, packages_start=None, packages_end=None, allow_overriding=[], cmake_args=None, cmake_target=None, cmake_target_skip_unavailable=False, cmake_clean_cache=False, cmake_clean_first=False, cmake_force_configure=False, ament_cmake_args=None, catkin_cmake_args=None, catkin_skip_building_tests=False, mixin_files=None, mixin=None, verb_parser=<colcon_mixin.mixin.mixin_argument.MixinArgumentDecorator object at 0x7325b607aa70>, verb_extension=<colcon_core.verb.build.BuildVerb object at 0x7325b616fc40>, main=<bound method BuildVerb.main of <colcon_core.verb.build.BuildVerb object at 0x7325b616fc40>>, mixin_verb=('build',))
[0.697s] Level 1:colcon.colcon_core.package_discovery:discover_packages(colcon_meta) check parameters
[0.698s] Level 1:colcon.colcon_core.package_discovery:discover_packages(recursive) check parameters
[0.698s] Level 1:colcon.colcon_core.package_discovery:discover_packages(ignore) check parameters
[0.698s] Level 1:colcon.colcon_core.package_discovery:discover_packages(path) check parameters
[0.698s] Level 1:colcon.colcon_core.package_discovery:discover_packages(colcon_meta) discover
[0.698s] Level 1:colcon.colcon_core.package_discovery:discover_packages(recursive) discover
[0.699s] INFO:colcon.colcon_core.package_discovery:Crawling recursively for packages in '/home/angelistao/laser_challenge_simulation'
[0.699s] Level 1:colcon.colcon_core.package_identification:_identify(.) by extensions ['ignore', 'ignore_ament_install']
[0.700s] Level 1:colcon.colcon_core.package_identification:_identify(.) by extension 'ignore'
[0.700s] Level 1:colcon.colcon_core.package_identification:_identify(.) by extension 'ignore_ament_install'
[0.700s] Level 1:colcon.colcon_core.package_identification:_identify(.) by extensions ['colcon_pkg']
[0.701s] Level 1:colcon.colcon_core.package_identification:_identify(.) by extension 'colcon_pkg'
[0.701s] Level 1:colcon.colcon_core.package_identification:_identify(.) by extensions ['colcon_meta']
[0.701s] Level 1:colcon.colcon_core.package_identification:_identify(.) by extension 'colcon_meta'
[0.701s] Level 1:colcon.colcon_core.package_identification:_identify(.) by extensions ['ros']
[0.701s] Level 1:colcon.colcon_core.package_identification:_identify(.) by extension 'ros'
[0.788s] DEBUG:colcon.colcon_core.package_identification:Package '.' with type 'ros.ament_cmake' and name 'laser_challenge_simulation'
[0.789s] Level 1:colcon.colcon_core.package_discovery:discover_packages(recursive) using defaults
[0.789s] Level 1:colcon.colcon_core.package_discovery:discover_packages(ignore) discover
[0.789s] Level 1:colcon.colcon_core.package_discovery:discover_packages(ignore) using defaults
[0.789s] Level 1:colcon.colcon_core.package_discovery:discover_packages(path) discover
[0.790s] Level 1:colcon.colcon_core.package_discovery:discover_packages(path) using defaults
[0.883s] Level 1:colcon.colcon_core.package_discovery:discover_packages(prefix_path) check parameters
[0.883s] Level 1:colcon.colcon_core.package_discovery:discover_packages(prefix_path) discover
[0.892s] DEBUG:colcon.colcon_installed_package_information.package_discovery:Found 1 installed packages in /home/angelistao/laser_challenge_simulation/install
[0.894s] DEBUG:colcon.colcon_installed_package_information.package_discovery:Found 1 installed packages in /home/angelistao/install
[0.899s] DEBUG:colcon.colcon_installed_package_information.package_discovery:Found 231 installed packages in /opt/ros/humble
[0.903s] Level 1:colcon.colcon_core.package_discovery:discover_packages(prefix_path) using defaults
[1.019s] Level 5:colcon.colcon_core.verb:set package 'laser_challenge_simulation' build argument 'cmake_args' from command line to 'None'
[1.019s] Level 5:colcon.colcon_core.verb:set package 'laser_challenge_simulation' build argument 'cmake_target' from command line to 'None'
[1.020s] Level 5:colcon.colcon_core.verb:set package 'laser_challenge_simulation' build argument 'cmake_target_skip_unavailable' from command line to 'False'
[1.020s] Level 5:colcon.colcon_core.verb:set package 'laser_challenge_simulation' build argument 'cmake_clean_cache' from command line to 'False'
[1.020s] Level 5:colcon.colcon_core.verb:set package 'laser_challenge_simulation' build argument 'cmake_clean_first' from command line to 'False'
[1.020s] Level 5:colcon.colcon_core.verb:set package 'laser_challenge_simulation' build argument 'cmake_force_configure' from command line to 'False'
[1.020s] Level 5:colcon.colcon_core.verb:set package 'laser_challenge_simulation' build argument 'ament_cmake_args' from command line to 'None'
[1.020s] Level 5:colcon.colcon_core.verb:set package 'laser_challenge_simulation' build argument 'catkin_cmake_args' from command line to 'None'
[1.020s] Level 5:colcon.colcon_core.verb:set package 'laser_challenge_simulation' build argument 'catkin_skip_building_tests' from command line to 'False'
[1.021s] DEBUG:colcon.colcon_core.verb:Building package 'laser_challenge_simulation' with the following arguments: {'ament_cmake_args': None, 'build_base': '/home/angelistao/laser_challenge_simulation/build/laser_challenge_simulation', 'catkin_cmake_args': None, 'catkin_skip_building_tests': False, 'cmake_args': None, 'cmake_clean_cache': False, 'cmake_clean_first': False, 'cmake_force_configure': False, 'cmake_target': None, 'cmake_target_skip_unavailable': False, 'install_base': '/home/angelistao/laser_challenge_simulation/install/laser_challenge_simulation', 'merge_install': False, 'path': '/home/angelistao/laser_challenge_simulation', 'symlink_install': False, 'test_result_base': None}
[1.022s] INFO:colcon.colcon_core.executor:Executing jobs using 'parallel' executor
[1.025s] DEBUG:colcon.colcon_parallel_executor.executor.parallel:run_until_complete
[1.026s] INFO:colcon.colcon_ros.task.ament_cmake.build:Building ROS package in '/home/angelistao/laser_challenge_simulation' with build type 'ament_cmake'
[1.026s] INFO:colcon.colcon_cmake.task.cmake.build:Building CMake package in '/home/angelistao/laser_challenge_simulation'
[1.038s] INFO:colcon.colcon_core.plugin_system:Skipping extension 'colcon_core.shell.bat': Not used on non-Windows systems
[1.039s] INFO:colcon.colcon_core.shell:Skip shell extension 'powershell' for command environment: Not usable outside of PowerShell
[1.039s] DEBUG:colcon.colcon_core.shell:Skip shell extension 'dsv' for command environment
[1.071s] DEBUG:colcon.colcon_core.event_handler.log_command:Invoking command in '/home/angelistao/laser_challenge_simulation/build/laser_challenge_simulation': CMAKE_PREFIX_PATH=${CMAKE_PREFIX_PATH}:/opt/ros/humble /usr/bin/cmake --build /home/angelistao/laser_challenge_simulation/build/laser_challenge_simulation -- -j8 -l8
[1.200s] DEBUG:colcon.colcon_core.event_handler.log_command:Invoked command in '/home/angelistao/laser_challenge_simulation/build/laser_challenge_simulation' returned '0': CMAKE_PREFIX_PATH=${CMAKE_PREFIX_PATH}:/opt/ros/humble /usr/bin/cmake --build /home/angelistao/laser_challenge_simulation/build/laser_challenge_simulation -- -j8 -l8
[1.237s] DEBUG:colcon.colcon_core.event_handler.log_command:Invoking command in '/home/angelistao/laser_challenge_simulation/build/laser_challenge_simulation': CMAKE_PREFIX_PATH=${CMAKE_PREFIX_PATH}:/opt/ros/humble /usr/bin/cmake --install /home/angelistao/laser_challenge_simulation/build/laser_challenge_simulation
[1.421s] Level 1:colcon.colcon_core.environment:create_environment_scripts_only(laser_challenge_simulation)
[1.423s] DEBUG:colcon.colcon_core.event_handler.log_command:Invoked command in '/home/angelistao/laser_challenge_simulation/build/laser_challenge_simulation' returned '0': CMAKE_PREFIX_PATH=${CMAKE_PREFIX_PATH}:/opt/ros/humble /usr/bin/cmake --install /home/angelistao/laser_challenge_simulation/build/laser_challenge_simulation
[1.436s] Level 1:colcon.colcon_core.environment:checking '/home/angelistao/laser_challenge_simulation/install/laser_challenge_simulation' for CMake module files
[1.438s] Level 1:colcon.colcon_core.environment:checking '/home/angelistao/laser_challenge_simulation/install/laser_challenge_simulation' for CMake config files
[1.448s] Level 1:colcon.colcon_core.shell:create_environment_hook('laser_challenge_simulation', 'cmake_prefix_path')
[1.448s] INFO:colcon.colcon_core.shell:Creating environment hook '/home/angelistao/laser_challenge_simulation/install/laser_challenge_simulation/share/laser_challenge_simulation/hook/cmake_prefix_path.ps1'
[1.451s] INFO:colcon.colcon_core.shell:Creating environment descriptor '/home/angelistao/laser_challenge_simulation/install/laser_challenge_simulation/share/laser_challenge_simulation/hook/cmake_prefix_path.dsv'
[1.453s] INFO:colcon.colcon_core.shell:Creating environment hook '/home/angelistao/laser_challenge_simulation/install/laser_challenge_simulation/share/laser_challenge_simulation/hook/cmake_prefix_path.sh'
[1.457s] Level 1:colcon.colcon_core.environment:checking '/home/angelistao/laser_challenge_simulation/install/laser_challenge_simulation/lib'
[1.458s] Level 1:colcon.colcon_core.environment:checking '/home/angelistao/laser_challenge_simulation/install/laser_challenge_simulation/bin'
[1.458s] Level 1:colcon.colcon_core.environment:checking '/home/angelistao/laser_challenge_simulation/install/laser_challenge_simulation/lib/pkgconfig/laser_challenge_simulation.pc'
[1.460s] Level 1:colcon.colcon_core.environment:checking '/home/angelistao/laser_challenge_simulation/install/laser_challenge_simulation/lib/python3.10/site-packages'
[1.462s] Level 1:colcon.colcon_core.environment:checking '/home/angelistao/laser_challenge_simulation/install/laser_challenge_simulation/bin'
[1.464s] INFO:colcon.colcon_core.shell:Creating package script '/home/angelistao/laser_challenge_simulation/install/laser_challenge_simulation/share/laser_challenge_simulation/package.ps1'
[1.467s] INFO:colcon.colcon_core.shell:Creating package descriptor '/home/angelistao/laser_challenge_simulation/install/laser_challenge_simulation/share/laser_challenge_simulation/package.dsv'
[1.469s] INFO:colcon.colcon_core.shell:Creating package script '/home/angelistao/laser_challenge_simulation/install/laser_challenge_simulation/share/laser_challenge_simulation/package.sh'
[1.471s] INFO:colcon.colcon_core.shell:Creating package script '/home/angelistao/laser_challenge_simulation/install/laser_challenge_simulation/share/laser_challenge_simulation/package.bash'
[1.474s] INFO:colcon.colcon_core.shell:Creating package script '/home/angelistao/laser_challenge_simulation/install/laser_challenge_simulation/share/laser_challenge_simulation/package.zsh'
[1.478s] Level 1:colcon.colcon_core.environment:create_file_with_runtime_dependencies(/home/angelistao/laser_challenge_simulation/install/laser_challenge_simulation/share/colcon-core/packages/laser_challenge_simulation)
[1.481s] Level 1:colcon.colcon_core.environment:create_environment_scripts_only(laser_challenge_simulation)
[1.481s] Level 1:colcon.colcon_core.environment:checking '/home/angelistao/laser_challenge_simulation/install/laser_challenge_simulation' for CMake module files
[1.483s] Level 1:colcon.colcon_core.environment:checking '/home/angelistao/laser_challenge_simulation/install/laser_challenge_simulation' for CMake config files
[1.492s] Level 1:colcon.colcon_core.shell:create_environment_hook('laser_challenge_simulation', 'cmake_prefix_path')
[1.493s] INFO:colcon.colcon_core.shell:Creating environment hook '/home/angelistao/laser_challenge_simulation/install/laser_challenge_simulation/share/laser_challenge_simulation/hook/cmake_prefix_path.ps1'
[1.495s] INFO:colcon.colcon_core.shell:Creating environment descriptor '/home/angelistao/laser_challenge_simulation/install/laser_challenge_simulation/share/laser_challenge_simulation/hook/cmake_prefix_path.dsv'
[1.496s] INFO:colcon.colcon_core.shell:Creating environment hook '/home/angelistao/laser_challenge_simulation/install/laser_challenge_simulation/share/laser_challenge_simulation/hook/cmake_prefix_path.sh'
[1.497s] Level 1:colcon.colcon_core.environment:checking '/home/angelistao/laser_challenge_simulation/install/laser_challenge_simulation/lib'
[1.498s] Level 1:colcon.colcon_core.environment:checking '/home/angelistao/laser_challenge_simulation/install/laser_challenge_simulation/bin'
[1.498s] Level 1:colcon.colcon_core.environment:checking '/home/angelistao/laser_challenge_simulation/install/laser_challenge_simulation/lib/pkgconfig/laser_challenge_simulation.pc'
[1.499s] Level 1:colcon.colcon_core.environment:checking '/home/angelistao/laser_challenge_simulation/install/laser_challenge_simulation/lib/python3.10/site-packages'
[1.500s] Level 1:colcon.colcon_core.environment:checking '/home/angelistao/laser_challenge_simulation/install/laser_challenge_simulation/bin'
[1.501s] INFO:colcon.colcon_core.shell:Creating package script '/home/angelistao/laser_challenge_simulation/install/laser_challenge_simulation/share/laser_challenge_simulation/package.ps1'
[1.503s] INFO:colcon.colcon_core.shell:Creating package descriptor '/home/angelistao/laser_challenge_simulation/install/laser_challenge_simulation/share/laser_challenge_simulation/package.dsv'
[1.504s] INFO:colcon.colcon_core.shell:Creating package script '/home/angelistao/laser_challenge_simulation/install/laser_challenge_simulation/share/laser_challenge_simulation/package.sh'
[1.506s] INFO:colcon.colcon_core.shell:Creating package script '/home/angelistao/laser_challenge_simulation/install/laser_challenge_simulation/share/laser_challenge_simulation/package.bash'
[1.507s] INFO:colcon.colcon_core.shell:Creating package script '/home/angelistao/laser_challenge_simulation/install/laser_challenge_simulation/share/laser_challenge_simulation/package.zsh'
[1.509s] Level 1:colcon.colcon_core.environment:create_file_with_runtime_dependencies(/home/angelistao/laser_challenge_simulation/install/laser_challenge_simulation/share/colcon-core/packages/laser_challenge_simulation)
[1.510s] DEBUG:colcon.colcon_parallel_executor.executor.parallel:closing loop
[1.512s] DEBUG:colcon.colcon_parallel_executor.executor.parallel:loop closed
[1.512s] DEBUG:colcon.colcon_parallel_executor.executor.parallel:run_until_complete finished with '0'
[1.513s] DEBUG:colcon.colcon_core.event_reactor:joining thread
[1.536s] INFO:colcon.colcon_core.plugin_system:Skipping extension 'colcon_notification.desktop_notification.terminal_notifier': Not used on non-Darwin systems
[1.537s] INFO:colcon.colcon_core.plugin_system:Skipping extension 'colcon_notification.desktop_notification.win32': Not used on non-Windows systems
[1.537s] INFO:colcon.colcon_notification.desktop_notification:Sending desktop notification using 'notify2'
[1.561s] DEBUG:colcon.colcon_core.event_reactor:joined thread
[1.562s] INFO:colcon.colcon_core.shell:Creating prefix script '/home/angelistao/laser_challenge_simulation/install/local_setup.ps1'
[1.567s] INFO:colcon.colcon_core.shell:Creating prefix util module '/home/angelistao/laser_challenge_simulation/install/_local_setup_util_ps1.py'
[1.572s] INFO:colcon.colcon_core.shell:Creating prefix chain script '/home/angelistao/laser_challenge_simulation/install/setup.ps1'
[1.576s] INFO:colcon.colcon_core.shell:Creating prefix script '/home/angelistao/laser_challenge_simulation/install/local_setup.sh'
[1.579s] INFO:colcon.colcon_core.shell:Creating prefix util module '/home/angelistao/laser_challenge_simulation/install/_local_setup_util_sh.py'
[1.581s] INFO:colcon.colcon_core.shell:Creating prefix chain script '/home/angelistao/laser_challenge_simulation/install/setup.sh'
[1.585s] INFO:colcon.colcon_core.shell:Creating prefix script '/home/angelistao/laser_challenge_simulation/install/local_setup.bash'
[1.586s] INFO:colcon.colcon_core.shell:Creating prefix chain script '/home/angelistao/laser_challenge_simulation/install/setup.bash'
[1.590s] INFO:colcon.colcon_core.shell:Creating prefix script '/home/angelistao/laser_challenge_simulation/install/local_setup.zsh'
[1.593s] INFO:colcon.colcon_core.shell:Creating prefix chain script '/home/angelistao/laser_challenge_simulation/install/setup.zsh'
