[0.134s] DEBUG:colcon:Command line arguments: ['/usr/bin/colcon', 'build', '--packages-select', 'laser_challenge_simulation']
[0.134s] DEBUG:colcon:Parsed command line arguments: Namespace(log_base=None, log_level=None, verb_name='build', build_base='build', install_base='install', merge_install=False, symlink_install=False, test_result_base=None, continue_on_error=False, executor='parallel', parallel_workers=8, event_handlers=None, ignore_user_meta=False, metas=['./colcon.meta'], base_paths=['.'], packages_ignore=None, packages_ignore_regex=None, paths=None, packages_up_to=None, packages_up_to_regex=None, packages_above=None, packages_above_and_dependencies=None, packages_above_depth=None, packages_select_by_dep=None, packages_skip_by_dep=None, packages_skip_up_to=None, packages_select_build_failed=False, packages_skip_build_finished=False, packages_select_test_failures=False, packages_skip_test_passed=False, packages_select=['laser_challenge_simulation'], packages_skip=None, packages_select_regex=None, packages_skip_regex=None, packages_start=None, packages_end=None, allow_overriding=[], cmake_args=None, cmake_target=None, cmake_target_skip_unavailable=False, cmake_clean_cache=False, cmake_clean_first=False, cmake_force_configure=False, ament_cmake_args=None, catkin_cmake_args=None, catkin_skip_building_tests=False, mixin_files=None, mixin=None, verb_parser=<colcon_mixin.mixin.mixin_argument.MixinArgumentDecorator object at 0x790051376b60>, verb_extension=<colcon_core.verb.build.BuildVerb object at 0x790051467e20>, main=<bound method BuildVerb.main of <colcon_core.verb.build.BuildVerb object at 0x790051467e20>>, mixin_verb=('build',))
[0.177s] Level 1:colcon.colcon_core.package_discovery:discover_packages(colcon_meta) check parameters
[0.177s] Level 1:colcon.colcon_core.package_discovery:discover_packages(recursive) check parameters
[0.177s] Level 1:colcon.colcon_core.package_discovery:discover_packages(ignore) check parameters
[0.177s] Level 1:colcon.colcon_core.package_discovery:discover_packages(path) check parameters
[0.177s] Level 1:colcon.colcon_core.package_discovery:discover_packages(colcon_meta) discover
[0.177s] Level 1:colcon.colcon_core.package_discovery:discover_packages(recursive) discover
[0.178s] INFO:colcon.colcon_core.package_discovery:Crawling recursively for packages in '/home/angelistao/laser_challenge_simulation'
[0.178s] Level 1:colcon.colcon_core.package_identification:_identify(.) by extensions ['ignore', 'ignore_ament_install']
[0.178s] Level 1:colcon.colcon_core.package_identification:_identify(.) by extension 'ignore'
[0.178s] Level 1:colcon.colcon_core.package_identification:_identify(.) by extension 'ignore_ament_install'
[0.178s] Level 1:colcon.colcon_core.package_identification:_identify(.) by extensions ['colcon_pkg']
[0.178s] Level 1:colcon.colcon_core.package_identification:_identify(.) by extension 'colcon_pkg'
[0.178s] Level 1:colcon.colcon_core.package_identification:_identify(.) by extensions ['colcon_meta']
[0.178s] Level 1:colcon.colcon_core.package_identification:_identify(.) by extension 'colcon_meta'
[0.178s] Level 1:colcon.colcon_core.package_identification:_identify(.) by extensions ['ros']
[0.178s] Level 1:colcon.colcon_core.package_identification:_identify(.) by extension 'ros'
[0.196s] DEBUG:colcon.colcon_core.package_identification:Package '.' with type 'ros.ament_cmake' and name 'laser_challenge_simulation'
[0.196s] Level 1:colcon.colcon_core.package_discovery:discover_packages(recursive) using defaults
[0.197s] Level 1:colcon.colcon_core.package_discovery:discover_packages(ignore) discover
[0.197s] Level 1:colcon.colcon_core.package_discovery:discover_packages(ignore) using defaults
[0.197s] Level 1:colcon.colcon_core.package_discovery:discover_packages(path) discover
[0.197s] Level 1:colcon.colcon_core.package_discovery:discover_packages(path) using defaults
[0.222s] Level 1:colcon.colcon_core.package_discovery:discover_packages(prefix_path) check parameters
[0.222s] Level 1:colcon.colcon_core.package_discovery:discover_packages(prefix_path) discover
[0.224s] DEBUG:colcon.colcon_installed_package_information.package_discovery:Found 1 installed packages in /home/angelistao/laser_challenge_simulation/install
[0.225s] DEBUG:colcon.colcon_installed_package_information.package_discovery:Found 230 installed packages in /opt/ros/humble
[0.226s] Level 1:colcon.colcon_core.package_discovery:discover_packages(prefix_path) using defaults
[0.255s] Level 5:colcon.colcon_core.verb:set package 'laser_challenge_simulation' build argument 'cmake_args' from command line to 'None'
[0.255s] Level 5:colcon.colcon_core.verb:set package 'laser_challenge_simulation' build argument 'cmake_target' from command line to 'None'
[0.255s] Level 5:colcon.colcon_core.verb:set package 'laser_challenge_simulation' build argument 'cmake_target_skip_unavailable' from command line to 'False'
[0.255s] Level 5:colcon.colcon_core.verb:set package 'laser_challenge_simulation' build argument 'cmake_clean_cache' from command line to 'False'
[0.255s] Level 5:colcon.colcon_core.verb:set package 'laser_challenge_simulation' build argument 'cmake_clean_first' from command line to 'False'
[0.255s] Level 5:colcon.colcon_core.verb:set package 'laser_challenge_simulation' build argument 'cmake_force_configure' from command line to 'False'
[0.255s] Level 5:colcon.colcon_core.verb:set package 'laser_challenge_simulation' build argument 'ament_cmake_args' from command line to 'None'
[0.255s] Level 5:colcon.colcon_core.verb:set package 'laser_challenge_simulation' build argument 'catkin_cmake_args' from command line to 'None'
[0.255s] Level 5:colcon.colcon_core.verb:set package 'laser_challenge_simulation' build argument 'catkin_skip_building_tests' from command line to 'False'
[0.255s] DEBUG:colcon.colcon_core.verb:Building package 'laser_challenge_simulation' with the following arguments: {'ament_cmake_args': None, 'build_base': '/home/angelistao/laser_challenge_simulation/build/laser_challenge_simulation', 'catkin_cmake_args': None, 'catkin_skip_building_tests': False, 'cmake_args': None, 'cmake_clean_cache': False, 'cmake_clean_first': False, 'cmake_force_configure': False, 'cmake_target': None, 'cmake_target_skip_unavailable': False, 'install_base': '/home/angelistao/laser_challenge_simulation/install/laser_challenge_simulation', 'merge_install': False, 'path': '/home/angelistao/laser_challenge_simulation', 'symlink_install': False, 'test_result_base': None}
[0.255s] INFO:colcon.colcon_core.executor:Executing jobs using 'parallel' executor
[0.256s] DEBUG:colcon.colcon_parallel_executor.executor.parallel:run_until_complete
[0.256s] INFO:colcon.colcon_ros.task.ament_cmake.build:Building ROS package in '/home/angelistao/laser_challenge_simulation' with build type 'ament_cmake'
[0.256s] INFO:colcon.colcon_cmake.task.cmake.build:Building CMake package in '/home/angelistao/laser_challenge_simulation'
[0.258s] INFO:colcon.colcon_core.plugin_system:Skipping extension 'colcon_core.shell.bat': Not used on non-Windows systems
[0.258s] INFO:colcon.colcon_core.shell:Skip shell extension 'powershell' for command environment: Not usable outside of PowerShell
[0.258s] DEBUG:colcon.colcon_core.shell:Skip shell extension 'dsv' for command environment
[0.266s] DEBUG:colcon.colcon_core.event_handler.log_command:Invoking command in '/home/angelistao/laser_challenge_simulation/build/laser_challenge_simulation': CMAKE_PREFIX_PATH=${CMAKE_PREFIX_PATH}:/opt/ros/humble /usr/bin/cmake --build /home/angelistao/laser_challenge_simulation/build/laser_challenge_simulation -- -j8 -l8
[0.368s] DEBUG:colcon.colcon_core.event_handler.log_command:Invoked command in '/home/angelistao/laser_challenge_simulation/build/laser_challenge_simulation' returned '0': CMAKE_PREFIX_PATH=${CMAKE_PREFIX_PATH}:/opt/ros/humble /usr/bin/cmake --build /home/angelistao/laser_challenge_simulation/build/laser_challenge_simulation -- -j8 -l8
[0.381s] DEBUG:colcon.colcon_core.event_handler.log_command:Invoking command in '/home/angelistao/laser_challenge_simulation/build/laser_challenge_simulation': CMAKE_PREFIX_PATH=${CMAKE_PREFIX_PATH}:/opt/ros/humble /usr/bin/cmake --install /home/angelistao/laser_challenge_simulation/build/laser_challenge_simulation
[0.403s] Level 1:colcon.colcon_core.environment:create_environment_scripts_only(laser_challenge_simulation)
[0.404s] DEBUG:colcon.colcon_core.event_handler.log_command:Invoked command in '/home/angelistao/laser_challenge_simulation/build/laser_challenge_simulation' returned '0': CMAKE_PREFIX_PATH=${CMAKE_PREFIX_PATH}:/opt/ros/humble /usr/bin/cmake --install /home/angelistao/laser_challenge_simulation/build/laser_challenge_simulation
[0.405s] Level 1:colcon.colcon_core.environment:checking '/home/angelistao/laser_challenge_simulation/install/laser_challenge_simulation' for CMake module files
[0.406s] Level 1:colcon.colcon_core.environment:checking '/home/angelistao/laser_challenge_simulation/install/laser_challenge_simulation' for CMake config files
[0.409s] Level 1:colcon.colcon_core.shell:create_environment_hook('laser_challenge_simulation', 'cmake_prefix_path')
[0.409s] INFO:colcon.colcon_core.shell:Creating environment hook '/home/angelistao/laser_challenge_simulation/install/laser_challenge_simulation/share/laser_challenge_simulation/hook/cmake_prefix_path.ps1'
[0.410s] INFO:colcon.colcon_core.shell:Creating environment descriptor '/home/angelistao/laser_challenge_simulation/install/laser_challenge_simulation/share/laser_challenge_simulation/hook/cmake_prefix_path.dsv'
[0.410s] INFO:colcon.colcon_core.shell:Creating environment hook '/home/angelistao/laser_challenge_simulation/install/laser_challenge_simulation/share/laser_challenge_simulation/hook/cmake_prefix_path.sh'
[0.411s] Level 1:colcon.colcon_core.environment:checking '/home/angelistao/laser_challenge_simulation/install/laser_challenge_simulation/lib'
[0.411s] Level 1:colcon.colcon_core.environment:checking '/home/angelistao/laser_challenge_simulation/install/laser_challenge_simulation/bin'
[0.411s] Level 1:colcon.colcon_core.environment:checking '/home/angelistao/laser_challenge_simulation/install/laser_challenge_simulation/lib/pkgconfig/laser_challenge_simulation.pc'
[0.412s] Level 1:colcon.colcon_core.environment:checking '/home/angelistao/laser_challenge_simulation/install/laser_challenge_simulation/lib/python3.10/site-packages'
[0.412s] Level 1:colcon.colcon_core.environment:checking '/home/angelistao/laser_challenge_simulation/install/laser_challenge_simulation/bin'
[0.412s] INFO:colcon.colcon_core.shell:Creating package script '/home/angelistao/laser_challenge_simulation/install/laser_challenge_simulation/share/laser_challenge_simulation/package.ps1'
[0.413s] INFO:colcon.colcon_core.shell:Creating package descriptor '/home/angelistao/laser_challenge_simulation/install/laser_challenge_simulation/share/laser_challenge_simulation/package.dsv'
[0.414s] INFO:colcon.colcon_core.shell:Creating package script '/home/angelistao/laser_challenge_simulation/install/laser_challenge_simulation/share/laser_challenge_simulation/package.sh'
[0.414s] INFO:colcon.colcon_core.shell:Creating package script '/home/angelistao/laser_challenge_simulation/install/laser_challenge_simulation/share/laser_challenge_simulation/package.bash'
[0.415s] INFO:colcon.colcon_core.shell:Creating package script '/home/angelistao/laser_challenge_simulation/install/laser_challenge_simulation/share/laser_challenge_simulation/package.zsh'
[0.416s] Level 1:colcon.colcon_core.environment:create_file_with_runtime_dependencies(/home/angelistao/laser_challenge_simulation/install/laser_challenge_simulation/share/colcon-core/packages/laser_challenge_simulation)
[0.417s] Level 1:colcon.colcon_core.environment:create_environment_scripts_only(laser_challenge_simulation)
[0.417s] Level 1:colcon.colcon_core.environment:checking '/home/angelistao/laser_challenge_simulation/install/laser_challenge_simulation' for CMake module files
[0.418s] Level 1:colcon.colcon_core.environment:checking '/home/angelistao/laser_challenge_simulation/install/laser_challenge_simulation' for CMake config files
[0.420s] Level 1:colcon.colcon_core.shell:create_environment_hook('laser_challenge_simulation', 'cmake_prefix_path')
[0.420s] INFO:colcon.colcon_core.shell:Creating environment hook '/home/angelistao/laser_challenge_simulation/install/laser_challenge_simulation/share/laser_challenge_simulation/hook/cmake_prefix_path.ps1'
[0.421s] INFO:colcon.colcon_core.shell:Creating environment descriptor '/home/angelistao/laser_challenge_simulation/install/laser_challenge_simulation/share/laser_challenge_simulation/hook/cmake_prefix_path.dsv'
[0.421s] INFO:colcon.colcon_core.shell:Creating environment hook '/home/angelistao/laser_challenge_simulation/install/laser_challenge_simulation/share/laser_challenge_simulation/hook/cmake_prefix_path.sh'
[0.422s] Level 1:colcon.colcon_core.environment:checking '/home/angelistao/laser_challenge_simulation/install/laser_challenge_simulation/lib'
[0.422s] Level 1:colcon.colcon_core.environment:checking '/home/angelistao/laser_challenge_simulation/install/laser_challenge_simulation/bin'
[0.422s] Level 1:colcon.colcon_core.environment:checking '/home/angelistao/laser_challenge_simulation/install/laser_challenge_simulation/lib/pkgconfig/laser_challenge_simulation.pc'
[0.422s] Level 1:colcon.colcon_core.environment:checking '/home/angelistao/laser_challenge_simulation/install/laser_challenge_simulation/lib/python3.10/site-packages'
[0.422s] Level 1:colcon.colcon_core.environment:checking '/home/angelistao/laser_challenge_simulation/install/laser_challenge_simulation/bin'
[0.423s] INFO:colcon.colcon_core.shell:Creating package script '/home/angelistao/laser_challenge_simulation/install/laser_challenge_simulation/share/laser_challenge_simulation/package.ps1'
[0.423s] INFO:colcon.colcon_core.shell:Creating package descriptor '/home/angelistao/laser_challenge_simulation/install/laser_challenge_simulation/share/laser_challenge_simulation/package.dsv'
[0.424s] INFO:colcon.colcon_core.shell:Creating package script '/home/angelistao/laser_challenge_simulation/install/laser_challenge_simulation/share/laser_challenge_simulation/package.sh'
[0.424s] INFO:colcon.colcon_core.shell:Creating package script '/home/angelistao/laser_challenge_simulation/install/laser_challenge_simulation/share/laser_challenge_simulation/package.bash'
[0.424s] INFO:colcon.colcon_core.shell:Creating package script '/home/angelistao/laser_challenge_simulation/install/laser_challenge_simulation/share/laser_challenge_simulation/package.zsh'
[0.425s] Level 1:colcon.colcon_core.environment:create_file_with_runtime_dependencies(/home/angelistao/laser_challenge_simulation/install/laser_challenge_simulation/share/colcon-core/packages/laser_challenge_simulation)
[0.425s] DEBUG:colcon.colcon_parallel_executor.executor.parallel:closing loop
[0.425s] DEBUG:colcon.colcon_parallel_executor.executor.parallel:loop closed
[0.425s] DEBUG:colcon.colcon_parallel_executor.executor.parallel:run_until_complete finished with '0'
[0.425s] DEBUG:colcon.colcon_core.event_reactor:joining thread
[0.430s] INFO:colcon.colcon_core.plugin_system:Skipping extension 'colcon_notification.desktop_notification.terminal_notifier': Not used on non-Darwin systems
[0.430s] INFO:colcon.colcon_core.plugin_system:Skipping extension 'colcon_notification.desktop_notification.win32': Not used on non-Windows systems
[0.430s] INFO:colcon.colcon_notification.desktop_notification:Sending desktop notification using 'notify2'
[0.442s] DEBUG:colcon.colcon_core.event_reactor:joined thread
[0.442s] INFO:colcon.colcon_core.shell:Creating prefix script '/home/angelistao/laser_challenge_simulation/install/local_setup.ps1'
[0.443s] INFO:colcon.colcon_core.shell:Creating prefix util module '/home/angelistao/laser_challenge_simulation/install/_local_setup_util_ps1.py'
[0.445s] INFO:colcon.colcon_core.shell:Creating prefix chain script '/home/angelistao/laser_challenge_simulation/install/setup.ps1'
[0.447s] INFO:colcon.colcon_core.shell:Creating prefix script '/home/angelistao/laser_challenge_simulation/install/local_setup.sh'
[0.448s] INFO:colcon.colcon_core.shell:Creating prefix util module '/home/angelistao/laser_challenge_simulation/install/_local_setup_util_sh.py'
[0.449s] INFO:colcon.colcon_core.shell:Creating prefix chain script '/home/angelistao/laser_challenge_simulation/install/setup.sh'
[0.451s] INFO:colcon.colcon_core.shell:Creating prefix script '/home/angelistao/laser_challenge_simulation/install/local_setup.bash'
[0.452s] INFO:colcon.colcon_core.shell:Creating prefix chain script '/home/angelistao/laser_challenge_simulation/install/setup.bash'
[0.454s] INFO:colcon.colcon_core.shell:Creating prefix script '/home/angelistao/laser_challenge_simulation/install/local_setup.zsh'
[0.455s] INFO:colcon.colcon_core.shell:Creating prefix chain script '/home/angelistao/laser_challenge_simulation/install/setup.zsh'
